#
# There is insufficient memory for the Java Runtime Environment to continue.
# Native memory allocation (malloc) failed to allocate 521680 bytes for Chunk::new
# Possible reasons:
#   The system is out of physical RAM or swap space
#   The process is running with CompressedOops enabled, and the Java Heap may be blocking the growth of the native heap
# Possible solutions:
#   Reduce memory load on the system
#   Increase physical memory or swap space
#   Check if swap backing store is full
#   Decrease Java heap size (-Xmx/-Xms)
#   Decrease number of Java threads
#   Decrease Java thread stack sizes (-Xss)
#   Set larger code cache with -XX:ReservedCodeCacheSize=
#   JVM is running with Zero Based Compressed Oops mode in which the Java heap is
#     placed in the first 32GB address space. The Java Heap base address is the
#     maximum limit for the native heap growth. Please use -XX:HeapBaseMinAddress
#     to set the Java Heap base and to place the Java Heap above 32GB virtual address.
# This output file may be truncated or incomplete.
#
#  Out of Memory Error (arena.cpp:184), pid=32900, tid=34824
#
# JRE version: Java(TM) SE Runtime Environment (20.0.2+9) (build 20.0.2+9-78)
# Java VM: Java HotSpot(TM) 64-Bit Server VM (20.0.2+9-78, mixed mode, sharing, tiered, compressed oops, compressed class ptrs, g1 gc, windows-amd64)
# Core dump will be written. Default location: C:\Users\peteris.troksa\IdeaProjects\SC_Test\hs_err_pid32900.mdmp
#

---------------  S U M M A R Y ------------

Command Line: -agentlib:jdwp=transport=dt_socket,address=127.0.0.1:59514,suspend=y,server=n -ea -Didea.test.cyclic.buffer.size=1048576 -javaagent:C:\Users\peteris.troksa\AppData\Local\JetBrains\IntelliJIdea2023.2\captureAgent\debugger-agent.jar=file:/C:/Users/peteris.troksa/AppData/Local/Temp/3/capture.props -Dfile.encoding=UTF-8 -Dsun.stdout.encoding=UTF-8 -Dsun.stderr.encoding=UTF-8 com.intellij.rt.testng.RemoteTestNGStarter -usedefaultlisteners false -socket59513 @w@C:\Users\peteris.troksa\AppData\Local\Temp\3\idea_working_dirs_testng1.tmp -temp C:\Users\peteris.troksa\AppData\Local\Temp\3\idea_testng1.tmp

Host: Intel(R) Xeon(R) CPU E5-2698 v4 @ 2.20GHz, 8 cores, 15G,  Windows Server 2019 , 64 bit Build 17763 (10.0.17763.4377)
Time: Wed Sep 27 15:01:40 2023 FLE Daylight Time elapsed time: 16.407951 seconds (0d 0h 0m 16s)

---------------  T H R E A D  ---------------

Current thread (0x000001f963247660):  JavaThread "C2 CompilerThread0" daemon [_thread_in_native, id=34824, stack(0x0000004c29a00000,0x0000004c29b00000)]


Current CompileTask:
C2:  16408 2325   !   4       java.util.zip.InflaterInputStream::read (129 bytes)

Stack: [0x0000004c29a00000,0x0000004c29b00000]
Native frames: (J=compiled Java code, j=interpreted, Vv=VM code, C=native code)
V  [jvm.dll+0x6bc25a]
V  [jvm.dll+0x84971a]
V  [jvm.dll+0x84b315]
V  [jvm.dll+0x84ba13]
V  [jvm.dll+0x280e4f]
V  [jvm.dll+0xc2ab1]
V  [jvm.dll+0xc2dd5]
V  [jvm.dll+0x3bb64c]
V  [jvm.dll+0x385b75]
V  [jvm.dll+0x384fea]
V  [jvm.dll+0x24b529]
V  [jvm.dll+0x24a921]
V  [jvm.dll+0x1ce761]
V  [jvm.dll+0x25a0eb]
V  [jvm.dll+0x2587c0]
V  [jvm.dll+0x3f2dd5]
V  [jvm.dll+0x7f5c76]
V  [jvm.dll+0x6baecb]
C  [ucrtbase.dll+0x2268a]
C  [KERNEL32.DLL+0x17ac4]
C  [ntdll.dll+0x5a351]


---------------  P R O C E S S  ---------------

Threads class SMR info:
_java_thread_list=0x000001f96352dd60, length=22, elements={
0x000001f943084b50, 0x000001f95b137720, 0x000001f95b139270, 0x000001f963243fe0,
0x000001f95b13dcd0, 0x000001f95b13e970, 0x000001f963244d10, 0x000001f963247660,
0x000001f963247fe0, 0x000001f9633532d0, 0x000001f963437970, 0x000001f963446520,
0x000001f963437ed0, 0x000001f963419ee0, 0x000001f967d96560, 0x000001f967c7db60,
0x000001f9684f9820, 0x000001f967ed9fb0, 0x000001f967eda500, 0x000001f9686b9030,
0x000001f96850d430, 0x000001f96850cee0
}

Java Threads: ( => current thread )
  0x000001f943084b50 JavaThread "Forwarding newSession on session null to remote" [_thread_in_native, id=38412, stack(0x0000004c28d00000,0x0000004c28e00000)]
  0x000001f95b137720 JavaThread "Reference Handler" daemon [_thread_blocked, id=40552, stack(0x0000004c29400000,0x0000004c29500000)]
  0x000001f95b139270 JavaThread "Finalizer" daemon [_thread_blocked, id=39032, stack(0x0000004c29500000,0x0000004c29600000)]
  0x000001f963243fe0 JavaThread "Signal Dispatcher" daemon [_thread_blocked, id=37956, stack(0x0000004c29600000,0x0000004c29700000)]
  0x000001f95b13dcd0 JavaThread "Attach Listener" daemon [_thread_blocked, id=38276, stack(0x0000004c29700000,0x0000004c29800000)]
  0x000001f95b13e970 JavaThread "Service Thread" daemon [_thread_blocked, id=36496, stack(0x0000004c29800000,0x0000004c29900000)]
  0x000001f963244d10 JavaThread "Monitor Deflation Thread" daemon [_thread_blocked, id=40524, stack(0x0000004c29900000,0x0000004c29a00000)]
=>0x000001f963247660 JavaThread "C2 CompilerThread0" daemon [_thread_in_native, id=34824, stack(0x0000004c29a00000,0x0000004c29b00000)]
  0x000001f963247fe0 JavaThread "C1 CompilerThread0" daemon [_thread_blocked, id=37476, stack(0x0000004c29b00000,0x0000004c29c00000)]
  0x000001f9633532d0 JavaThread "Common-Cleaner" daemon [_thread_blocked, id=34524, stack(0x0000004c29c00000,0x0000004c29d00000)]
  0x000001f963437970 JavaThread "JDWP Transport Listener: dt_socket" daemon [_thread_blocked, id=38360, stack(0x0000004c29d00000,0x0000004c29e00000)]
  0x000001f963446520 JavaThread "JDWP Event Helper Thread" daemon [_thread_blocked, id=36452, stack(0x0000004c29e00000,0x0000004c29f00000)]
  0x000001f963437ed0 JavaThread "JDWP Command Reader" daemon [_thread_in_native, id=39024, stack(0x0000004c29f00000,0x0000004c2a000000)]
  0x000001f963419ee0 JavaThread "Notification Thread" daemon [_thread_blocked, id=40336, stack(0x0000004c2a000000,0x0000004c2a100000)]
  0x000001f967d96560 JavaThread "ForkJoinPool.commonPool-worker-1" daemon [_thread_blocked, id=38008, stack(0x0000004c2a900000,0x0000004c2aa00000)]
  0x000001f967c7db60 JavaThread "AsyncHttpClient-1-1" daemon [_thread_blocked, id=40140, stack(0x0000004c2aa00000,0x0000004c2ab00000)]
  0x000001f9684f9820 JavaThread "Exec Default Executor" daemon [_thread_in_native, id=38168, stack(0x0000004c2ab00000,0x0000004c2ac00000)]
  0x000001f967ed9fb0 JavaThread "Exec Stream Pumper" daemon [_thread_in_native, id=35964, stack(0x0000004c2ac00000,0x0000004c2ad00000)]
  0x000001f967eda500 JavaThread "Exec Stream Pumper" daemon [_thread_in_native, id=29148, stack(0x0000004c2ad00000,0x0000004c2ae00000)]
  0x000001f9686b9030 JavaThread "Driver Service Executor" daemon [_thread_blocked, id=24636, stack(0x0000004c2ae00000,0x0000004c2af00000)]
  0x000001f96850d430 JavaThread "Driver Service Executor" daemon [_thread_blocked, id=33872, stack(0x0000004c2b000000,0x0000004c2b100000)]
  0x000001f96850cee0 JavaThread "AsyncHttpClient-1-2" daemon [_thread_in_native, id=39016, stack(0x0000004c2b300000,0x0000004c2b400000)]

Other Threads:
  0x000001f95b11f740 VMThread "VM Thread" [stack: 0x0000004c29300000,0x0000004c29400000] [id=40816]
  0x000001f963438970 WatcherThread "VM Periodic Task Thread" [stack: 0x0000004c2a100000,0x0000004c2a200000] [id=35820]
  0x000001f95af82150 WorkerThread "GC Thread#0" [stack: 0x0000004c28e00000,0x0000004c28f00000] [id=13712]
  0x000001f9682800e0 WorkerThread "GC Thread#1" [stack: 0x0000004c2a200000,0x0000004c2a300000] [id=38052]
  0x000001f96826bc10 WorkerThread "GC Thread#2" [stack: 0x0000004c2a300000,0x0000004c2a400000] [id=34676]
  0x000001f967f8b400 WorkerThread "GC Thread#3" [stack: 0x0000004c2a400000,0x0000004c2a500000] [id=40844]
  0x000001f967fd1a50 WorkerThread "GC Thread#4" [stack: 0x0000004c2a500000,0x0000004c2a600000] [id=18244]
  0x000001f9682e5ef0 WorkerThread "GC Thread#5" [stack: 0x0000004c2a600000,0x0000004c2a700000] [id=34232]
  0x000001f968021410 WorkerThread "GC Thread#6" [stack: 0x0000004c2a700000,0x0000004c2a800000] [id=40240]
  0x000001f968021f50 WorkerThread "GC Thread#7" [stack: 0x0000004c2a800000,0x0000004c2a900000] [id=25860]
  0x000001f9430c5820 ConcurrentGCThread "G1 Main Marker" [stack: 0x0000004c28f00000,0x0000004c29000000] [id=25500]
  0x000001f9430c71e0 WorkerThread "G1 Conc#0" [stack: 0x0000004c29000000,0x0000004c29100000] [id=35256]
  0x000001f968022a90 WorkerThread "G1 Conc#1" [stack: 0x0000004c2b100000,0x0000004c2b200000] [id=27692]
  0x000001f9430cec30 ConcurrentGCThread "G1 Refine#0" [stack: 0x0000004c29100000,0x0000004c29200000] [id=33192]
  0x000001f95b04a790 ConcurrentGCThread "G1 Service" [stack: 0x0000004c29200000,0x0000004c29300000] [id=21620]

Threads with active compile tasks:
C2 CompilerThread0    16535 2325   !   4       java.util.zip.InflaterInputStream::read (129 bytes)

VM state: not at safepoint (normal execution)

VM Mutex/Monitor currently owned by a thread: None

Heap address: 0x0000000700000000, size: 4096 MB, Compressed Oops mode: Zero based, Oop shift amount: 3

CDS archive(s) mapped at: [0x000001f900000000-0x000001f900c60000-0x000001f900c60000), size 12976128, SharedBaseAddress: 0x000001f900000000, ArchiveRelocationMode: 1.
Compressed class space mapped at: 0x000001f901000000-0x000001f941000000, reserved size: 1073741824
Narrow klass base: 0x000001f900000000, Narrow klass shift: 0, Narrow klass range: 0x100000000

GC Precious Log:
 CardTable entry size: 512
 Card Set container configuration: InlinePtr #cards 4 size 8 Array Of Cards #cards 16 size 48 Howl #buckets 8 coarsen threshold 3686 Howl Bitmap #cards 512 size 80 coarsen threshold 460 Card regions per heap region 1 cards per card region 4096
 CPUs: 8 total, 8 available
 Memory: 16382M
 Large Page Support: Disabled
 NUMA Support: Disabled
 Compressed Oops: Enabled (Zero based)
 Heap Region Size: 2M
 Heap Min Capacity: 8M
 Heap Initial Capacity: 256M
 Heap Max Capacity: 4G
 Pre-touch: Disabled
 Parallel Workers: 8
 Concurrent Workers: 2
 Concurrent Refinement Workers: 8
 Periodic GC: Disabled

Heap:
 garbage-first heap   total 55296K, used 35221K [0x0000000700000000, 0x0000000800000000)
  region size 2048K, 13 young (26624K), 3 survivors (6144K)
 Metaspace       used 24711K, committed 25024K, reserved 1114112K
  class space    used 2939K, committed 3072K, reserved 1048576K

Heap Regions: E=young(eden), S=young(survivor), O=old, HS=humongous(starts), HC=humongous(continues), CS=collection set, F=free, OA=open archive, CA=closed archive, TAMS=top-at-mark-start, PB=parsable bottom
|   0|0x0000000700000000, 0x0000000700200000, 0x0000000700200000|100%| O|  |TAMS 0x0000000700000000| PB 0x0000000700000000| Untracked 
|   1|0x0000000700200000, 0x0000000700400000, 0x0000000700400000|100%| O|  |TAMS 0x0000000700200000| PB 0x0000000700200000| Untracked 
|   2|0x0000000700400000, 0x0000000700503a00, 0x0000000700600000| 50%| O|  |TAMS 0x0000000700400000| PB 0x0000000700400000| Complete 
|   3|0x0000000700600000, 0x0000000700800000, 0x0000000700800000|100%|HS|  |TAMS 0x0000000700600000| PB 0x0000000700600000| Complete 
|   4|0x0000000700800000, 0x0000000700a00000, 0x0000000700a00000|100%|HC|  |TAMS 0x0000000700800000| PB 0x0000000700800000| Complete 
|   5|0x0000000700a00000, 0x0000000700c00000, 0x0000000700c00000|100%|HC|  |TAMS 0x0000000700a00000| PB 0x0000000700a00000| Complete 
|   6|0x0000000700c00000, 0x0000000700c00000, 0x0000000700e00000|  0%| F|  |TAMS 0x0000000700c00000| PB 0x0000000700c00000| Untracked 
|   7|0x0000000700e00000, 0x0000000700e00000, 0x0000000701000000|  0%| F|  |TAMS 0x0000000700e00000| PB 0x0000000700e00000| Untracked 
|   8|0x0000000701000000, 0x0000000701000000, 0x0000000701200000|  0%| F|  |TAMS 0x0000000701000000| PB 0x0000000701000000| Untracked 
|   9|0x0000000701200000, 0x0000000701200000, 0x0000000701400000|  0%| F|  |TAMS 0x0000000701200000| PB 0x0000000701200000| Untracked 
|  10|0x0000000701400000, 0x0000000701400000, 0x0000000701600000|  0%| F|  |TAMS 0x0000000701400000| PB 0x0000000701400000| Untracked 
|  11|0x0000000701600000, 0x0000000701600000, 0x0000000701800000|  0%| F|  |TAMS 0x0000000701600000| PB 0x0000000701600000| Untracked 
|  12|0x0000000701800000, 0x0000000701800000, 0x0000000701a00000|  0%| F|  |TAMS 0x0000000701800000| PB 0x0000000701800000| Untracked 
|  13|0x0000000701a00000, 0x0000000701a00000, 0x0000000701c00000|  0%| F|  |TAMS 0x0000000701a00000| PB 0x0000000701a00000| Untracked 
|  14|0x0000000701c00000, 0x0000000701d7d1e0, 0x0000000701e00000| 74%| E|  |TAMS 0x0000000701c00000| PB 0x0000000701c00000| Complete 
|  15|0x0000000701e00000, 0x0000000702000000, 0x0000000702000000|100%| E|CS|TAMS 0x0000000701e00000| PB 0x0000000701e00000| Complete 
|  16|0x0000000702000000, 0x0000000702200000, 0x0000000702200000|100%| E|CS|TAMS 0x0000000702000000| PB 0x0000000702000000| Complete 
|  17|0x0000000702200000, 0x0000000702400000, 0x0000000702400000|100%| E|CS|TAMS 0x0000000702200000| PB 0x0000000702200000| Complete 
|  18|0x0000000702400000, 0x0000000702600000, 0x0000000702600000|100%| E|CS|TAMS 0x0000000702400000| PB 0x0000000702400000| Complete 
|  19|0x0000000702600000, 0x0000000702800000, 0x0000000702800000|100%| E|CS|TAMS 0x0000000702600000| PB 0x0000000702600000| Complete 
|  20|0x0000000702800000, 0x0000000702a00000, 0x0000000702a00000|100%| E|CS|TAMS 0x0000000702800000| PB 0x0000000702800000| Complete 
|  21|0x0000000702a00000, 0x0000000702c00000, 0x0000000702c00000|100%| E|CS|TAMS 0x0000000702a00000| PB 0x0000000702a00000| Complete 
| 105|0x000000070d200000, 0x000000070d361c28, 0x000000070d400000| 69%| S|CS|TAMS 0x000000070d200000| PB 0x000000070d200000| Complete 
| 106|0x000000070d400000, 0x000000070d600000, 0x000000070d600000|100%| S|CS|TAMS 0x000000070d400000| PB 0x000000070d400000| Complete 
| 107|0x000000070d600000, 0x000000070d800000, 0x000000070d800000|100%| S|CS|TAMS 0x000000070d600000| PB 0x000000070d600000| Complete 
| 126|0x000000070fc00000, 0x000000070fe00000, 0x000000070fe00000|100%| E|CS|TAMS 0x000000070fc00000| PB 0x000000070fc00000| Complete 
| 127|0x000000070fe00000, 0x0000000710000000, 0x0000000710000000|100%| E|CS|TAMS 0x000000070fe00000| PB 0x000000070fe00000| Complete 

Card table byte_map: [0x000001f95b940000,0x000001f95c140000] _byte_map_base: 0x000001f958140000

Marking Bits: (CMBitMap*) 0x000001f95af82780
 Bits: [0x000001f95c940000, 0x000001f960940000)

Polling page: 0x000001f9416f0000

Metaspace:

Usage:
  Non-class:     21.28 MB used.
      Class:      2.87 MB used.
       Both:     24.15 MB used.

Virtual space:
  Non-class space:       64.00 MB reserved,      21.44 MB ( 33%) committed,  1 nodes.
      Class space:        1.00 GB reserved,       3.06 MB ( <1%) committed,  1 nodes.
             Both:        1.06 GB reserved,      24.50 MB (  2%) committed. 

Chunk freelists:
   Non-Class:  2.17 MB
       Class:  944.00 KB
        Both:  3.09 MB

MaxMetaspaceSize: unlimited
CompressedClassSpaceSize: 1.00 GB
Initial GC threshold: 21.00 MB
Current GC threshold: 35.25 MB
CDS: on
MetaspaceReclaimPolicy: balanced
 - commit_granule_bytes: 65536.
 - commit_granule_words: 8192.
 - virtual_space_node_default_size: 8388608.
 - enlarge_chunks_in_place: 1.
 - new_chunks_are_fully_committed: 0.
 - uncommit_free_chunks: 1.
 - use_allocation_guard: 0.


Internal statistics:

num_allocs_failed_limit: 3.
num_arena_births: 426.
num_arena_deaths: 0.
num_vsnodes_births: 2.
num_vsnodes_deaths: 0.
num_space_committed: 392.
num_space_uncommitted: 0.
num_chunks_returned_to_freelist: 3.
num_chunks_taken_from_freelist: 1128.
num_chunk_merges: 3.
num_chunk_splits: 748.
num_chunks_enlarged: 532.
num_inconsistent_stats: 0.

CodeHeap 'non-profiled nmethods': size=120000Kb used=1006Kb max_used=1006Kb free=118993Kb
 bounds [0x000001f952f90000, 0x000001f953200000, 0x000001f95a4c0000]
CodeHeap 'profiled nmethods': size=120000Kb used=4515Kb max_used=4515Kb free=115484Kb
 bounds [0x000001f94b4c0000, 0x000001f94b930000, 0x000001f9529f0000]
CodeHeap 'non-nmethods': size=5760Kb used=1701Kb max_used=1723Kb free=4059Kb
 bounds [0x000001f9529f0000, 0x000001f952c60000, 0x000001f952f90000]
 total_blobs=2996 nmethods=2364 adapters=542
 compilation: enabled
              stopped_count=0, restarted_count=0
 full_count=0

Compilation events (20 events):
Event: 13.741 Thread 0x000001f963247fe0 nmethod 2312 0x000001f953088e10 code [0x000001f953088f80, 0x000001f953089050]
Event: 13.830 Thread 0x000001f963247fe0 2313   !   3       java.lang.Thread::sleep (103 bytes)
Event: 13.831 Thread 0x000001f963247fe0 nmethod 2313 0x000001f94b90fe90 code [0x000001f94b9100a0, 0x000001f94b910730]
Event: 13.831 Thread 0x000001f963247fe0 2314       3       jdk.internal.event.ThreadSleepEvent::isTurnedOn (7 bytes)
Event: 13.831 Thread 0x000001f963247fe0 nmethod 2314 0x000001f94b910990 code [0x000001f94b910b20, 0x000001f94b910c70]
Event: 15.941 Thread 0x000001f963247fe0 2315       3       io.netty.util.internal.PlatformDependent::isWindows (4 bytes)
Event: 15.941 Thread 0x000001f963247fe0 nmethod 2315 0x000001f94b910d10 code [0x000001f94b910ea0, 0x000001f94b910f90]
Event: 16.132 Thread 0x000001f963247fe0 2316       1       org.apache.commons.exec.DefaultExecuteResultHandler::hasResult (5 bytes)
Event: 16.132 Thread 0x000001f963247fe0 nmethod 2316 0x000001f953089110 code [0x000001f953089280, 0x000001f953089350]
Event: 16.274 Thread 0x000001f963247fe0 2318       3       io.netty.util.internal.MathUtil::isOutOfBounds (24 bytes)
Event: 16.274 Thread 0x000001f963247fe0 nmethod 2318 0x000001f94b911010 code [0x000001f94b9111a0, 0x000001f94b911300]
Event: 16.277 Thread 0x000001f963247fe0 2319       3       io.netty.util.AsciiString::<init> (131 bytes)
Event: 16.278 Thread 0x000001f963247fe0 nmethod 2319 0x000001f94b911390 code [0x000001f94b9116a0, 0x000001f94b9126e8]
Event: 16.296 Thread 0x000001f963247660 2322   !   4       java.util.WeakHashMap::expungeStaleEntries (139 bytes)
Event: 16.298 Thread 0x000001f963247fe0 2324       1       io.netty.channel.DefaultChannelPipeline::channel (5 bytes)
Event: 16.298 Thread 0x000001f963247fe0 nmethod 2324 0x000001f953089e10 code [0x000001f953089f80, 0x000001f95308a050]
Event: 16.302 Thread 0x000001f963247660 nmethod 2322 0x000001f95308a110 code [0x000001f95308a2c0, 0x000001f95308a480]
Event: 16.302 Thread 0x000001f963247660 2323       4       java.util.WeakHashMap::hash (28 bytes)
Event: 16.304 Thread 0x000001f963247660 nmethod 2323 0x000001f95308a710 code [0x000001f95308a880, 0x000001f95308a9b8]
Event: 16.339 Thread 0x000001f963247660 2325   !   4       java.util.zip.InflaterInputStream::read (129 bytes)

GC Heap History (6 events):
Event: 2.693 GC heap before
{Heap before GC invocations=0 (full 0):
 garbage-first heap   total 262144K, used 20480K [0x0000000700000000, 0x0000000800000000)
  region size 2048K, 11 young (22528K), 0 survivors (0K)
 Metaspace       used 5576K, committed 5760K, reserved 1114112K
  class space    used 546K, committed 640K, reserved 1048576K
}
Event: 2.700 GC heap after
{Heap after GC invocations=1 (full 0):
 garbage-first heap   total 262144K, used 4778K [0x0000000700000000, 0x0000000800000000)
  region size 2048K, 2 young (4096K), 2 survivors (4096K)
 Metaspace       used 5576K, committed 5760K, reserved 1114112K
  class space    used 546K, committed 640K, reserved 1048576K
}
Event: 7.972 GC heap before
{Heap before GC invocations=1 (full 0):
 garbage-first heap   total 262144K, used 35498K [0x0000000700000000, 0x0000000800000000)
  region size 2048K, 17 young (34816K), 2 survivors (4096K)
 Metaspace       used 12465K, committed 12800K, reserved 1114112K
  class space    used 1398K, committed 1536K, reserved 1048576K
}
Event: 7.982 GC heap after
{Heap after GC invocations=2 (full 0):
 garbage-first heap   total 262144K, used 7516K [0x0000000700000000, 0x0000000800000000)
  region size 2048K, 2 young (4096K), 2 survivors (4096K)
 Metaspace       used 12465K, committed 12800K, reserved 1114112K
  class space    used 1398K, committed 1536K, reserved 1048576K
}
Event: 9.888 GC heap before
{Heap before GC invocations=2 (full 0):
 garbage-first heap   total 262144K, used 40284K [0x0000000700000000, 0x0000000800000000)
  region size 2048K, 20 young (40960K), 2 survivors (4096K)
 Metaspace       used 21148K, committed 21504K, reserved 1114112K
  class space    used 2423K, committed 2624K, reserved 1048576K
}
Event: 9.897 GC heap after
{Heap after GC invocations=3 (full 0):
 garbage-first heap   total 262144K, used 10645K [0x0000000700000000, 0x0000000800000000)
  region size 2048K, 3 young (6144K), 3 survivors (6144K)
 Metaspace       used 21148K, committed 21504K, reserved 1114112K
  class space    used 2423K, committed 2624K, reserved 1048576K
}

Dll operation events (13 events):
Event: 0.051 Loaded shared library C:\Program Files\Java\jdk-20\bin\java.dll
Event: 0.056 Loaded shared library C:\Program Files\Java\jdk-20\bin\zip.dll
Event: 0.108 Loaded shared library C:\Program Files\Java\jdk-20\bin\jsvml.dll
Event: 1.104 Loaded shared library C:\Program Files\Java\jdk-20\bin\instrument.dll
Event: 1.194 Loaded shared library C:\Program Files\Java\jdk-20\bin\net.dll
Event: 1.200 Loaded shared library C:\Program Files\Java\jdk-20\bin\nio.dll
Event: 1.229 Loaded shared library C:\Program Files\Java\jdk-20\bin\zip.dll
Event: 1.277 Loaded shared library C:\Program Files\Java\jdk-20\bin\extnet.dll
Event: 1.725 Loaded shared library C:\Program Files\Java\jdk-20\bin\verify.dll
Event: 1.751 Loaded shared library C:\Program Files\Java\jdk-20\bin\jimage.dll
Event: 3.994 Loaded shared library C:\Program Files\Java\jdk-20\bin\management.dll
Event: 4.007 Loaded shared library C:\Program Files\Java\jdk-20\bin\management_ext.dll
Event: 8.548 Loaded shared library C:\Program Files\Java\jdk-20\bin\sunmscapi.dll

Deoptimization events (20 events):
Event: 10.296 Thread 0x000001f943084b50 Uncommon trap: trap_request=0xffffffde fr.pc=0x000001f953068430 relative=0x0000000000000e10
Event: 10.296 Thread 0x000001f943084b50 Uncommon trap: reason=class_check action=maybe_recompile pc=0x000001f953068430 method=java.util.concurrent.ConcurrentHashMap.putVal(Ljava/lang/Object;Ljava/lang/Object;Z)Ljava/lang/Object; @ 242 c2
Event: 10.296 Thread 0x000001f943084b50 DEOPT PACKING pc=0x000001f953068430 sp=0x0000004c28dfc2d0
Event: 10.296 Thread 0x000001f943084b50 DEOPT UNPACKING pc=0x000001f952a59d22 sp=0x0000004c28dfc260 mode 2
Event: 10.330 Thread 0x000001f96850cee0 Uncommon trap: trap_request=0xffffff45 fr.pc=0x000001f953041868 relative=0x0000000000000068
Event: 10.330 Thread 0x000001f96850cee0 Uncommon trap: reason=unstable_if action=reinterpret pc=0x000001f953041868 method=java.lang.CharacterData.of(I)Ljava/lang/CharacterData; @ 15 c2
Event: 10.330 Thread 0x000001f96850cee0 DEOPT PACKING pc=0x000001f953041868 sp=0x0000004c2b3fdb00
Event: 10.330 Thread 0x000001f96850cee0 DEOPT UNPACKING pc=0x000001f952a59d22 sp=0x0000004c2b3fda98 mode 2
Event: 10.391 Thread 0x000001f96850cee0 Uncommon trap: trap_request=0xffffffde fr.pc=0x000001f953068430 relative=0x0000000000000e10
Event: 10.391 Thread 0x000001f96850cee0 Uncommon trap: reason=class_check action=maybe_recompile pc=0x000001f953068430 method=java.util.concurrent.ConcurrentHashMap.putVal(Ljava/lang/Object;Ljava/lang/Object;Z)Ljava/lang/Object; @ 242 c2
Event: 10.391 Thread 0x000001f96850cee0 DEOPT PACKING pc=0x000001f953068430 sp=0x0000004c2b3fe440
Event: 10.391 Thread 0x000001f96850cee0 DEOPT UNPACKING pc=0x000001f952a59d22 sp=0x0000004c2b3fe3d0 mode 2
Event: 16.278 Thread 0x000001f96850cee0 DEOPT PACKING pc=0x000001f94b5cc049 sp=0x0000004c2b3fce40
Event: 16.278 Thread 0x000001f96850cee0 DEOPT UNPACKING pc=0x000001f952a5a4c2 sp=0x0000004c2b3fc298 mode 1
Event: 16.278 Thread 0x000001f96850cee0 DEOPT PACKING pc=0x000001f94b5cba44 sp=0x0000004c2b3fced0
Event: 16.278 Thread 0x000001f96850cee0 DEOPT UNPACKING pc=0x000001f952a5a4c2 sp=0x0000004c2b3fc378 mode 1
Event: 16.278 Thread 0x000001f96850cee0 DEOPT PACKING pc=0x000001f94b7a0c74 sp=0x0000004c2b3fd8d0
Event: 16.278 Thread 0x000001f96850cee0 DEOPT UNPACKING pc=0x000001f952a5a4c2 sp=0x0000004c2b3fcd98 mode 1
Event: 16.278 Thread 0x000001f96850cee0 DEOPT PACKING pc=0x000001f94b7a076c sp=0x0000004c2b3fd960
Event: 16.278 Thread 0x000001f96850cee0 DEOPT UNPACKING pc=0x000001f952a5a4c2 sp=0x0000004c2b3fce38 mode 1

Classes loaded (20 events):
Event: 16.385 Loading class com/google/common/collect/SortedMultisetBridge
Event: 16.385 Loading class com/google/common/collect/SortedMultisetBridge done
Event: 16.386 Loading class com/google/common/collect/Iterables
Event: 16.386 Loading class com/google/common/collect/Iterables done
Event: 16.390 Loading class com/google/common/collect/Count
Event: 16.390 Loading class com/google/common/collect/Count done
Event: 16.392 Loading class com/google/common/collect/AbstractMultiset$EntrySet
Event: 16.392 Loading class com/google/common/collect/AbstractMultiset$EntrySet done
Event: 16.392 Loading class com/google/common/collect/Multisets$EntrySet
Event: 16.393 Loading class com/google/common/collect/Multisets$EntrySet done
Event: 16.395 Loading class com/google/common/collect/RegularImmutableMultiset
Event: 16.395 Loading class com/google/common/collect/RegularImmutableMultiset done
Event: 16.396 Loading class com/google/common/collect/Multisets$ImmutableEntry
Event: 16.396 Loading class com/google/common/collect/Multisets$ImmutableEntry done
Event: 16.397 Loading class com/google/common/collect/Multisets$AbstractEntry
Event: 16.397 Loading class com/google/common/collect/Multisets$AbstractEntry done
Event: 16.398 Loading class com/google/common/collect/RegularImmutableMultiset$NonTerminalEntry
Event: 16.398 Loading class com/google/common/collect/RegularImmutableMultiset$NonTerminalEntry done
Event: 16.399 Loading class com/google/common/collect/ImmutableMultiset$ElementSet
Event: 16.399 Loading class com/google/common/collect/ImmutableMultiset$ElementSet done

Classes unloaded (0 events):
No events

Classes redefined (0 events):
No events

Internal exceptions (20 events):
Event: 9.774 Thread 0x000001f9686b9030 Exception <a 'java/net/ConnectException'{0x000000070de1c688}: Connection refused: no further information> (0x000000070de1c688) 
thrown [s\open\src\hotspot\share\prims\jni.cpp, line 538]
Event: 9.775 Thread 0x000001f9686b9030 Exception <a 'java/net/ConnectException'{0x000000070de1cef0}: Connection refused: no further information> (0x000000070de1cef0) 
thrown [s\open\src\hotspot\share\prims\jni.cpp, line 538]
Event: 9.775 Thread 0x000001f9686b9030 Exception <a 'java/net/ConnectException'{0x000000070de1d758}: Connection refused: no further information> (0x000000070de1d758) 
thrown [s\open\src\hotspot\share\prims\jni.cpp, line 538]
Event: 9.776 Thread 0x000001f9686b9030 Exception <a 'java/net/ConnectException'{0x000000070de1dfc0}: Connection refused: no further information> (0x000000070de1dfc0) 
thrown [s\open\src\hotspot\share\prims\jni.cpp, line 538]
Event: 9.776 Thread 0x000001f9686b9030 Exception <a 'java/net/ConnectException'{0x000000070de1e828}: Connection refused: no further information> (0x000000070de1e828) 
thrown [s\open\src\hotspot\share\prims\jni.cpp, line 538]
Event: 9.787 Thread 0x000001f9686b9030 Exception <a 'java/net/ConnectException'{0x000000070de1f090}: Connection refused: no further information> (0x000000070de1f090) 
thrown [s\open\src\hotspot\share\prims\jni.cpp, line 538]
Event: 9.799 Thread 0x000001f9686b9030 Exception <a 'java/net/ConnectException'{0x000000070de1f8f8}: Connection refused: no further information> (0x000000070de1f8f8) 
thrown [s\open\src\hotspot\share\prims\jni.cpp, line 538]
Event: 9.800 Thread 0x000001f9686b9030 Exception <a 'java/net/ConnectException'{0x000000070de20160}: Connection refused: no further information> (0x000000070de20160) 
thrown [s\open\src\hotspot\share\prims\jni.cpp, line 538]
Event: 9.801 Thread 0x000001f9686b9030 Exception <a 'java/net/ConnectException'{0x000000070de209c8}: Connection refused: no further information> (0x000000070de209c8) 
thrown [s\open\src\hotspot\share\prims\jni.cpp, line 538]
Event: 9.802 Thread 0x000001f9686b9030 Exception <a 'java/net/ConnectException'{0x000000070de21230}: Connection refused: no further information> (0x000000070de21230) 
thrown [s\open\src\hotspot\share\prims\jni.cpp, line 538]
Event: 9.802 Thread 0x000001f9686b9030 Exception <a 'java/net/ConnectException'{0x000000070de21a98}: Connection refused: no further information> (0x000000070de21a98) 
thrown [s\open\src\hotspot\share\prims\jni.cpp, line 538]
Event: 9.803 Thread 0x000001f9686b9030 Exception <a 'java/net/ConnectException'{0x000000070de22300}: Connection refused: no further information> (0x000000070de22300) 
thrown [s\open\src\hotspot\share\prims\jni.cpp, line 538]
Event: 9.814 Thread 0x000001f9686b9030 Exception <a 'java/net/ConnectException'{0x000000070de22b68}: Connection refused: no further information> (0x000000070de22b68) 
thrown [s\open\src\hotspot\share\prims\jni.cpp, line 538]
Event: 9.869 Thread 0x000001f943084b50 Exception <a 'java/lang/NoSuchMethodError'{0x000000070d911fd0}: 'java.lang.Object java.lang.invoke.DirectMethodHandle$Holder.newInvokeSpecial(java.lang.Object, java.lang.Object, int, int)'> (0x000000070d911fd0) 
thrown [s\open\src\hotspot\share\interpreter\linkResolver.cpp, line 773]
Event: 9.869 Thread 0x000001f943084b50 Exception <a 'java/lang/NoSuchMethodError'{0x000000070d915ed8}: 'java.lang.Object java.lang.invoke.DirectMethodHandle$Holder.invokeSpecial(java.lang.Object, java.lang.Object, java.lang.Object, int, int)'> (0x000000070d915ed8) 
thrown [s\open\src\hotspot\share\interpreter\linkResolver.cpp, line 773]
Event: 9.870 Thread 0x000001f943084b50 Exception <a 'java/lang/NoSuchMethodError'{0x000000070d91ca38}: 'void java.lang.invoke.DirectMethodHandle$Holder.invokeStatic(java.lang.Object, java.lang.Object, int)'> (0x000000070d91ca38) 
thrown [s\open\src\hotspot\share\interpreter\linkResolver.cpp, line 773]
Event: 9.967 Thread 0x000001f943084b50 Exception <a 'java/lang/NoSuchMethodError'{0x000000070fca5d60}: 'int java.lang.invoke.DirectMethodHandle$Holder.invokeSpecialIFC(java.lang.Object, java.lang.Object, java.lang.Object)'> (0x000000070fca5d60) 
thrown [s\open\src\hotspot\share\interpreter\linkResolver.cpp, line 773]
Event: 10.133 Thread 0x000001f943084b50 Exception <a 'java/lang/NoSuchMethodError'{0x00000007028796c0}: 'void java.lang.invoke.DirectMethodHandle$Holder.invokeSpecial(java.lang.Object, java.lang.Object, java.lang.Object, java.lang.Object, java.lang.Object, java.lang.Object)'> (0x00000007028796c0) 
thrown [s\open\src\hotspot\share\interpreter\linkResolver.cpp, line 773]
Event: 10.168 Thread 0x000001f943084b50 Exception <a 'java/lang/NoSuchMethodError'{0x000000070261e988}: 'long java.lang.invoke.DirectMethodHandle$Holder.invokeInterface(java.lang.Object, java.lang.Object)'> (0x000000070261e988) 
thrown [s\open\src\hotspot\share\interpreter\linkResolver.cpp, line 773]
Event: 10.169 Thread 0x000001f943084b50 Exception <a 'java/lang/NoSuchMethodError'{0x0000000702622630}: 'long java.lang.invoke.DelegatingMethodHandle$Holder.reinvoke_L(java.lang.Object, java.lang.Object)'> (0x0000000702622630) 
thrown [s\open\src\hotspot\share\interpreter\linkResolver.cpp, line 773]

VM Operations (20 events):
Event: 5.054 Executing VM operation: Cleanup
Event: 5.056 Executing VM operation: Cleanup done
Event: 7.971 Executing VM operation: G1CollectForAllocation
Event: 7.982 Executing VM operation: G1CollectForAllocation done
Event: 8.261 Executing VM operation: HandshakeAllThreads
Event: 8.261 Executing VM operation: HandshakeAllThreads done
Event: 8.293 Executing VM operation: HandshakeAllThreads
Event: 8.293 Executing VM operation: HandshakeAllThreads done
Event: 8.569 Executing VM operation: HandshakeAllThreads
Event: 8.569 Executing VM operation: HandshakeAllThreads done
Event: 9.570 Executing VM operation: Cleanup
Event: 9.570 Executing VM operation: Cleanup done
Event: 9.888 Executing VM operation: CollectForMetadataAllocation
Event: 9.897 Executing VM operation: CollectForMetadataAllocation done
Event: 9.909 Executing VM operation: G1PauseRemark
Event: 9.912 Executing VM operation: G1PauseRemark done
Event: 9.915 Executing VM operation: G1PauseCleanup
Event: 9.915 Executing VM operation: G1PauseCleanup done
Event: 11.914 Executing VM operation: Cleanup
Event: 11.915 Executing VM operation: Cleanup done

Events (20 events):
Event: 0.396 Thread 0x000001f963437970 Thread added: 0x000001f963437970
Event: 0.396 Thread 0x000001f963446520 Thread added: 0x000001f963446520
Event: 0.397 Thread 0x000001f963437ed0 Thread added: 0x000001f963437ed0
Event: 1.144 Thread 0x000001f963419ee0 Thread added: 0x000001f963419ee0
Event: 1.533 Thread 0x000001f9679bfa00 Thread added: 0x000001f9679bfa00
Event: 1.785 Thread 0x000001f9679bfa00 Thread exited: 0x000001f9679bfa00
Event: 1.891 Thread 0x000001f9679bc7f0 Thread added: 0x000001f9679bc7f0
Event: 2.513 Thread 0x000001f9679bc7f0 Thread exited: 0x000001f9679bc7f0
Event: 3.653 Thread 0x000001f968333560 Thread added: 0x000001f968333560
Event: 4.070 Thread 0x000001f968333560 Thread exited: 0x000001f968333560
Event: 8.196 Thread 0x000001f967d96560 Thread added: 0x000001f967d96560
Event: 8.439 Thread 0x000001f967c7db60 Thread added: 0x000001f967c7db60
Event: 9.573 Thread 0x000001f9684f9820 Thread added: 0x000001f9684f9820
Event: 9.600 Thread 0x000001f967ed9fb0 Thread added: 0x000001f967ed9fb0
Event: 9.601 Thread 0x000001f967eda500 Thread added: 0x000001f967eda500
Event: 9.633 Thread 0x000001f9686b9030 Thread added: 0x000001f9686b9030
Event: 9.634 Thread 0x000001f96850d430 Thread added: 0x000001f96850d430
Event: 10.063 Thread 0x000001f968330350 Thread added: 0x000001f968330350
Event: 10.300 Thread 0x000001f96850cee0 Thread added: 0x000001f96850cee0
Event: 10.523 Thread 0x000001f968330350 Thread exited: 0x000001f968330350


Dynamic libraries:
0x00007ff659be0000 - 0x00007ff659bf0000 	C:\Program Files\Java\jdk-20\bin\java.exe
0x00007ffa0a790000 - 0x00007ffa0a97f000 	C:\Windows\SYSTEM32\ntdll.dll
0x00007ffa0a150000 - 0x00007ffa0a203000 	C:\Windows\System32\KERNEL32.DLL
0x00007ffa07120000 - 0x00007ffa073bd000 	C:\Windows\System32\KERNELBASE.dll
0x00007ffa076c0000 - 0x00007ffa077ba000 	C:\Windows\System32\ucrtbase.dll
0x00007ff9eba00000 - 0x00007ff9eba19000 	C:\Program Files\Java\jdk-20\bin\jli.dll
0x00007ff9eba50000 - 0x00007ff9eba6b000 	C:\Program Files\Java\jdk-20\bin\VCRUNTIME140.dll
0x00007ffa0a540000 - 0x00007ffa0a5e7000 	C:\Windows\System32\ADVAPI32.dll
0x00007ffa09420000 - 0x00007ffa094be000 	C:\Windows\System32\msvcrt.dll
0x00007ffa0a3c0000 - 0x00007ffa0a45f000 	C:\Windows\System32\sechost.dll
0x00007ffa09660000 - 0x00007ffa0977e000 	C:\Windows\System32\RPCRT4.dll
0x00007ffa0a210000 - 0x00007ffa0a3a8000 	C:\Windows\System32\USER32.dll
0x00007ff9f2610000 - 0x00007ff9f2889000 	C:\Windows\WinSxS\amd64_microsoft.windows.common-controls_6595b64144ccf1df_6.0.17763.4645_none_de717694534b1c4f\COMCTL32.dll
0x00007ffa06820000 - 0x00007ffa06840000 	C:\Windows\System32\win32u.dll
0x00007ffa09070000 - 0x00007ffa0939b000 	C:\Windows\System32\combase.dll
0x00007ffa09780000 - 0x00007ffa097a9000 	C:\Windows\System32\GDI32.dll
0x00007ffa077f0000 - 0x00007ffa07996000 	C:\Windows\System32\gdi32full.dll
0x00007ffa07090000 - 0x00007ffa07112000 	C:\Windows\System32\bcryptPrimitives.dll
0x00007ffa07420000 - 0x00007ffa074c0000 	C:\Windows\System32\msvcp_win.dll
0x00007ff9fb1f0000 - 0x00007ff9fb1fa000 	C:\Windows\SYSTEM32\VERSION.dll
0x00007ffa08f70000 - 0x00007ffa08f9e000 	C:\Windows\System32\IMM32.DLL
0x00007ff9e9e00000 - 0x00007ff9e9ea4000 	C:\Program Files\McAfee\Endpoint Security\Threat Prevention\Ips\EpMPApi.dll
0x00007ffa073c0000 - 0x00007ffa0741f000 	C:\Windows\System32\WINTRUST.dll
0x00007ffa067e0000 - 0x00007ffa067f2000 	C:\Windows\System32\MSASN1.dll
0x00007ffa074c0000 - 0x00007ffa076bb000 	C:\Windows\System32\CRYPT32.dll
0x00000000756b0000 - 0x00000000756bc000 	C:\Program Files\McAfee\Endpoint Security\Threat Prevention\Ips\EpMPThe.dll
0x00007ff9e9da0000 - 0x00007ff9e9dfb000 	C:\Program Files\McAfee\Endpoint Security\Threat Prevention\Ips\HIPHandlers64.dll
0x00007ffa07a70000 - 0x00007ffa08f68000 	C:\Windows\System32\SHELL32.dll
0x00007ffa068f0000 - 0x00007ffa0693a000 	C:\Windows\System32\cfgmgr32.dll
0x00007ffa097b0000 - 0x00007ffa09857000 	C:\Windows\System32\shcore.dll
0x00007ffa06940000 - 0x00007ffa07087000 	C:\Windows\System32\windows.storage.dll
0x00007ffa06750000 - 0x00007ffa06773000 	C:\Windows\System32\profapi.dll
0x00007ffa06780000 - 0x00007ffa067dd000 	C:\Windows\System32\powrprof.dll
0x00007ffa09de0000 - 0x00007ffa09e32000 	C:\Windows\System32\shlwapi.dll
0x00007ffa06800000 - 0x00007ffa06811000 	C:\Windows\System32\kernel.appcore.dll
0x00007ffa079a0000 - 0x00007ffa079bb000 	C:\Windows\System32\cryptsp.dll
0x00007ff9f87e0000 - 0x00007ff9f89cd000 	C:\Windows\SYSTEM32\dbghelp.dll
0x00007ff9ec560000 - 0x00007ff9ec56c000 	C:\Program Files\Java\jdk-20\bin\vcruntime140_1.dll
0x00007ff9dcd50000 - 0x00007ff9dcdde000 	C:\Program Files\Java\jdk-20\bin\msvcp140.dll
0x00007ff9ba5a0000 - 0x00007ff9bb238000 	C:\Program Files\Java\jdk-20\bin\server\jvm.dll
0x00007ffa04730000 - 0x00007ffa04754000 	C:\Windows\SYSTEM32\WINMM.dll
0x00007ff9f8c60000 - 0x00007ff9f8c69000 	C:\Windows\SYSTEM32\WSOCK32.dll
0x00007ffa09860000 - 0x00007ffa098cd000 	C:\Windows\System32\WS2_32.dll
0x00007ffa04700000 - 0x00007ffa0472d000 	C:\Windows\SYSTEM32\WINMMBASE.dll
0x00007ff9ebf60000 - 0x00007ff9ebf6a000 	C:\Program Files\Java\jdk-20\bin\jimage.dll
0x00007ff9f8540000 - 0x00007ff9f856a000 	C:\Windows\SYSTEM32\dbgcore.DLL
0x00007ff9eab80000 - 0x00007ff9eabbc000 	C:\Program Files\Java\jdk-20\bin\jdwp.dll
0x00007ff9eac50000 - 0x00007ff9eac5e000 	C:\Program Files\Java\jdk-20\bin\instrument.dll
0x00007ff9eac60000 - 0x00007ff9eac86000 	C:\Program Files\Java\jdk-20\bin\java.dll
0x00007ff9eabe0000 - 0x00007ff9eabf8000 	C:\Program Files\Java\jdk-20\bin\zip.dll
0x00007ff9dc930000 - 0x00007ff9dca07000 	C:\Program Files\Java\jdk-20\bin\jsvml.dll
0x00007ff9eac40000 - 0x00007ff9eac4c000 	C:\Program Files\Java\jdk-20\bin\dt_socket.dll
0x00007ffa05c50000 - 0x00007ffa05c8d000 	C:\Windows\SYSTEM32\IPHLPAPI.DLL
0x00007ffa05f40000 - 0x00007ffa05fa7000 	C:\Windows\system32\mswsock.dll
0x00007ff9eac20000 - 0x00007ff9eac33000 	C:\Program Files\Java\jdk-20\bin\net.dll
0x00007ff9ffe80000 - 0x00007ff9fff7d000 	C:\Windows\SYSTEM32\WINHTTP.dll
0x00007ff9eac00000 - 0x00007ff9eac16000 	C:\Program Files\Java\jdk-20\bin\nio.dll
0x00007ff9ebef0000 - 0x00007ff9ebef7000 	C:\Program Files\Java\jdk-20\bin\extnet.dll
0x00007ff9eabc0000 - 0x00007ff9eabd0000 	C:\Program Files\Java\jdk-20\bin\verify.dll
0x00007ffa05ac0000 - 0x00007ffa05af3000 	C:\Windows\system32\rsaenh.dll
0x00007ffa077c0000 - 0x00007ffa077e6000 	C:\Windows\System32\bcrypt.dll
0x00007ffa06650000 - 0x00007ffa06679000 	C:\Windows\SYSTEM32\USERENV.dll
0x00007ffa06110000 - 0x00007ffa0611c000 	C:\Windows\SYSTEM32\CRYPTBASE.dll
0x00007ffa0a3b0000 - 0x00007ffa0a3b8000 	C:\Windows\System32\NSI.dll
0x00007ffa01b10000 - 0x00007ffa01b26000 	C:\Windows\SYSTEM32\dhcpcsvc6.DLL
0x00007ffa01af0000 - 0x00007ffa01b0c000 	C:\Windows\SYSTEM32\dhcpcsvc.DLL
0x00007ffa05c90000 - 0x00007ffa05d56000 	C:\Windows\SYSTEM32\DNSAPI.dll
0x00007ff9faa40000 - 0x00007ff9faa56000 	C:\Windows\system32\napinsp.dll
0x00007ff9fb130000 - 0x00007ff9fb13e000 	C:\Windows\System32\winrnr.dll
0x00007ff9fea10000 - 0x00007ff9fea2b000 	C:\Windows\system32\NLAapi.dll
0x00007ff9faa60000 - 0x00007ff9faa75000 	C:\Windows\system32\wshbth.dll
0x00007ff9fd6d0000 - 0x00007ff9fd6da000 	C:\Windows\System32\rasadhlp.dll
0x00007ffa01870000 - 0x00007ffa018e9000 	C:\Windows\System32\fwpuclnt.dll
0x00007ff9ec0d0000 - 0x00007ff9ec0da000 	C:\Program Files\Java\jdk-20\bin\management.dll
0x00007ff9eab70000 - 0x00007ff9eab7b000 	C:\Program Files\Java\jdk-20\bin\management_ext.dll
0x00007ffa09650000 - 0x00007ffa09658000 	C:\Windows\System32\PSAPI.DLL
0x00007ffa04670000 - 0x00007ffa046fc000 	C:\Windows\system32\apphelp.dll
0x00007ff9ea270000 - 0x00007ff9ea27e000 	C:\Program Files\Java\jdk-20\bin\sunmscapi.dll
0x00007ffa06210000 - 0x00007ffa0623c000 	C:\Windows\SYSTEM32\ncrypt.dll
0x00007ffa061d0000 - 0x00007ffa0620c000 	C:\Windows\SYSTEM32\NTASN1.dll
0x00007ff9f0a10000 - 0x00007ff9f0a17000 	C:\Windows\system32\wshunix.dll

dbghelp: loaded successfully - version: 4.0.5 - missing functions: none
symbol engine: initialized successfully - sym options: 0x614 - pdb path: .;C:\Program Files\Java\jdk-20\bin;C:\Windows\SYSTEM32;C:\Windows\WinSxS\amd64_microsoft.windows.common-controls_6595b64144ccf1df_6.0.17763.4645_none_de717694534b1c4f;C:\Program Files\McAfee\Endpoint Security\Threat Prevention\Ips;C:\Program Files\Java\jdk-20\bin\server

VM Arguments:
jvm_args: -agentlib:jdwp=transport=dt_socket,address=127.0.0.1:59514,suspend=y,server=n -ea -Didea.test.cyclic.buffer.size=1048576 -javaagent:C:\Users\peteris.troksa\AppData\Local\JetBrains\IntelliJIdea2023.2\captureAgent\debugger-agent.jar=file:/C:/Users/peteris.troksa/AppData/Local/Temp/3/capture.props -Dfile.encoding=UTF-8 -Dsun.stdout.encoding=UTF-8 -Dsun.stderr.encoding=UTF-8 
java_command: com.intellij.rt.testng.RemoteTestNGStarter -usedefaultlisteners false -socket59513 @w@C:\Users\peteris.troksa\AppData\Local\Temp\3\idea_working_dirs_testng1.tmp -temp C:\Users\peteris.troksa\AppData\Local\Temp\3\idea_testng1.tmp
java_class_path (initial): C:\Users\peteris.troksa\Desktop\java-practice\IntelliJ IDEA 2023.2.2\lib\idea_rt.jar;C:\Users\peteris.troksa\Desktop\java-practice\IntelliJ IDEA 2023.2.2\plugins\testng\lib\testng-rt.jar;C:\Users\peteris.troksa\IdeaProjects\SC_Test\target\test-classes;C:\Users\peteris.troksa\IdeaProjects\SC_Test\target\classes;C:\Users\peteris.troksa\.m2\repository\io\cucumber\cucumber-java\7.7.0\cucumber-java-7.7.0.jar;C:\Users\peteris.troksa\.m2\repository\io\cucumber\cucumber-core\7.7.0\cucumber-core-7.7.0.jar;C:\Users\peteris.troksa\.m2\repository\io\cucumber\cucumber-gherkin\7.7.0\cucumber-gherkin-7.7.0.jar;C:\Users\peteris.troksa\.m2\repository\io\cucumber\cucumber-gherkin-messages\7.7.0\cucumber-gherkin-messages-7.7.0.jar;C:\Users\peteris.troksa\.m2\repository\io\cucumber\gherkin\24.0.0\gherkin-24.0.0.jar;C:\Users\peteris.troksa\.m2\repository\io\cucumber\messages\19.1.2\messages-19.1.2.jar;C:\Users\peteris.troksa\.m2\repository\io\cucumber\tag-expressions\4.1.0\tag-expressions-4.1.0.jar;C:\Users\peteris.troksa\.m2\repository\io\cucumber\cucumber-expressions\16.0.0\cucumber-expressions-16.0.0.jar;C:\Users\peteris.troksa\.m2\repository\io\cucumber\datatable\7.7.0\datatable-7.7.0.jar;C:\Users\peteris.troksa\.m2\repository\io\cucumber\cucumber-plugin\7.7.0\cucumber-plugin-7.7.0.jar;C:\Users\peteris.troksa\.m2\repository\io\cucumber\docstring\7.7.0\docstring-7.7.0.jar;C:\Users\peteris.troksa\.m2\repository\io\cucumber\html-formatter\20.0.0\html-formatter-20.0.0.jar;C:\Users\peteris.troksa\.m2\repository\io\cucumber\ci-environment\9.1.0\ci-environment-9.1.0.jar;C:\Users\peteris.troksa\.m2\repository\org\apiguardian\apiguardian-api\1.1.2\apiguardian-api-1.1.2.jar;C:\Users\peteris.troksa\.m2\repository\info\cukes\cucumber-junit\1.2.5\cucumber-junit-1.2.5.jar;C:\Users\peteris.troksa\.m2\repository\info\cukes\cucumber-core\1.2.5\cucumber-core-1.2.5.jar;C:\Users\peteris.troksa\.m2\repository\info\cukes\cucumber-html\0.2.3\cucumber-html-0.2.3.jar;C:\Users\peteris.troksa\.m2\repository\info\cukes\cucumber-jvm-deps\1.0.5\cucumber-jvm-deps-1.0.5.jar;C:\Users\peteris.troksa\.m2\repository\info\cukes\gherkin\2.12.2\gherkin-2.12.2.jar;C:\Users\peteris.troksa\.m2\repository\junit\junit\4.12\junit-4.12.jar;C:\Users\peteris.troksa\.m2\repository\org\hamcrest\hamcrest-core\1.3\hamcrest-core-1.3.jar;C:\Users\peteris.troksa\.m2\repository\org\seleniumhq\selenium\selenium-java\4.11.0\selenium-java-4.11.0.jar;C:\Users\peteris.troksa\.m2\repository\org\seleniumhq\selenium\selenium-api\4.11.0\selenium-api-4.11.0.jar;C:\Users\peteris.troksa\.m2\repository\org\seleniumhq\selenium\selenium-chrome-driver\4.11.0\selenium-chrome-driver-4.11.0.jar;C:\Users\peteris.troksa\.m2\repository\com\google\auto\service\auto-service-annotations\1.0.1\auto-service-annotations-1.0.1.jar;C:\Users\peteris.troksa\.m2\repository\com\google\guava\guava\31.1-jre\guava-31.1-jre.jar;C:\Users\peteris.troksa\.m2\repository\com\google\guava\failureaccess\1.0.1\failureaccess-1.0.1.jar;C:\Users\peteris.troksa\.m2\repository\com\google\guava\listenablefuture\9999.0-empty-to-avoid-conflict-with-guava\listenablefuture-9999.0-empty-to-avoid-conflict-with-guava.jar;C:\Users\peteris.troksa\.m2\repository\com\google\code\findbugs\jsr305\3.0.2\jsr305-3.0.2.jar;C:\Users\peteris.troksa\.m2\repository\org\checkerframework\checker-qual\3.12.0\checker-qual-3.12.0.jar;C:\Users\peteris.troksa\.m2\repository\com\google\errorprone\error_prone_annotations\2.11.0\error_prone_annotations-2.11.0.jar;C:\Users\peteris.troksa\.m2\repository\com\google\j2objc\j2objc-annotations\1.3\j2objc-annotations-1.3.jar;C:\Users\peteris.troksa\.m2\repository\org\seleniumhq\selenium\selenium-chromium-driver\4.11.0\selenium-chromium-driver-4.11.0.jar;C:\Users\peteris.troksa\.m2\repository\org\seleniumhq\selenium\selenium-json\4.11.0\selenium-json-4.11.0.jar;C:\Users\peteris.troksa\.m2\repository\org\seleniumhq\selenium\selenium-manager\4.11.0\selenium-manager-4.11.0.jar;C:\Users\peteris.troksa\.m2\repository\org\seleniumhq\selenium\selenium-devtools-v113\4.11.0\selenium-devtools-v113-4.11.0.jar;C:\Users\peteris.troksa\.m2\repository\org\seleniumhq\selenium\selenium-devtools-v114\4.11.0\selenium-devtools-v114-4.11.0.jar;C:\Users\peteris.troksa\.m2\repository\org\seleniumhq\selenium\selenium-devtools-v115\4.11.0\selenium-devtools-v115-4.11.0.jar;C:\Users\peteris.troksa\.m2\repository\org\seleniumhq\selenium\selenium-devtools-v85\4.11.0\selenium-devtools-v85-4.11.0.jar;C:\Users\peteris.troksa\.m2\repository\org\seleniumhq\selenium\selenium-edge-driver\4.11.0\selenium-edge-driver-4.11.0.jar;C:\Users\peteris.troksa\.m2\repository\org\seleniumhq\selenium\selenium-firefox-driver\4.11.0\selenium-firefox-driver-4.11.0.jar;C:\Users\peteris.troksa\.m2\repository\org\seleniumhq\selenium\selenium-http\4.11.0\selenium-http-4.11.0.jar;C:\Users\peteris.troksa\.m2\repository\dev\failsafe\failsafe\3.3.1\failsafe-3.3.1.jar;C:\Users\peteris.troksa\.m2\repository\org\seleniumhq\selenium\selenium-ie-driver\4.11.0\selenium-ie-driver-4.11.0.jar;C:\Users\peteris.troksa\.m2\repository\org\seleniumhq\selenium\selenium-remote-driver\4.11.0\selenium-remote-driver-4.11.0.jar;C:\Users\peteris.troksa\.m2\repository\io\netty\netty-buffer\4.1.92.Final\netty-buffer-4.1.92.Final.jar;C:\Users\peteris.troksa\.m2\repository\io\netty\netty-codec-http\4.1.92.Final\netty-codec-http-4.1.92.Final.jar;C:\Users\peteris.troksa\.m2\repository\io\netty\netty-codec\4.1.92.Final\netty-codec-4.1.92.Final.jar;C:\Users\peteris.troksa\.m2\repository\io\netty\netty-handler\4.1.92.Final\netty-handler-4.1.92.Final.jar;C:\Users\peteris.troksa\.m2\repository\io\netty\netty-common\4.1.92.Final\netty-common-4.1.92.Final.jar;C:\Users\peteris.troksa\.m2\repository\io\netty\netty-transport-classes-epoll\4.1.92.Final\netty-transport-classes-epoll-4.1.92.Final.jar;C:\Users\peteris.troksa\.m2\repository\io\netty\netty-transport-classes-kqueue\4.1.92.Final\netty-transport-classes-kqueue-4.1.92.Final.jar;C:\Users\peteris.troksa\.m2\repository\io\netty\netty-transport-native-epoll\4.1.92.Final\netty-transport-native-epoll-4.1.92.Final.jar;C:\Users\peteris.troksa\.m2\repository\io\netty\netty-transport-native-kqueue\4.1.92.Final\netty-transport-native-kqueue-4.1.92.Final.jar;C:\Users\peteris.troksa\.m2\repository\io\netty\netty-transport-native-unix-common\4.1.92.Final\netty-transport-native-unix-common-4.1.92.Final.jar;C:\Users\peteris.troksa\.m2\repository\io\netty\netty-transport\4.1.92.Final\netty-transport-4.1.92.Final.jar;C:\Users\peteris.troksa\.m2\repository\io\netty\netty-resolver\4.1.92.Final\netty-resolver-4.1.92.Final.jar;C:\Users\peteris.troksa\.m2\repository\io\opentelemetry\opentelemetry-api\1.26.0\opentelemetry-api-1.26.0.jar;C:\Users\peteris.troksa\.m2\repository\io\opentelemetry\opentelemetry-context\1.26.0\opentelemetry-context-1.26.0.jar;C:\Users\peteris.troksa\.m2\repository\io\opentelemetry\opentelemetry-exporter-logging\1.26.0\opentelemetry-exporter-logging-1.26.0.jar;C:\Users\peteris.troksa\.m2\repository\io\opentelemetry\opentelemetry-sdk-metrics\1.26.0\opentelemetry-sdk-metrics-1.26.0.jar;C:\Users\peteris.troksa\.m2\repository\io\opentelemetry\opentelemetry-extension-incubator\1.26.0-alpha\opentelemetry-extension-incubator-1.26.0-alpha.jar;C:\Users\peteris.troksa\.m2\repository\io\opentelemetry\opentelemetry-sdk-logs\1.26.0-alpha\opentelemetry-sdk-logs-1.26.0-alpha.jar;C:\Users\peteris.troksa\.m2\repository\io\opentelemetry\opentelemetry-api-logs\1.26.0-alpha\opentelemetry-api-logs-1.26.0-alpha.jar;C:\Users\peteris.troksa\.m2\repository\io\opentelemetry\opentelemetry-api-events\1.26.0-alpha\opentelemetry-api-events-1.26.0-alpha.jar;C:\Users\peteris.troksa\.m2\repository\io\opentelemetry\opentelemetry-sdk-common\1.26.0\opentelemetry-sdk-common-1.26.0.jar;C:\Users\peteris.troksa\.m2\repository\io\opentelemetry\opentelemetry-sdk-extension-autoconfigure-spi\1.26.0\opentelemetry-sdk-extension-autoconfigure-spi-1.26.0.jar;C:\Users\peteris.troksa\.m2\repository\io\opentelemetry\opentelemetry-sdk-extension-autoconfigure\1.26.0-alpha\opentelemetry-sdk-extension-autoconfigure-1.26.0-alpha.jar;C:\Users\peteris.troksa\.m2\repository\io\opentelemetry\opentelemetry-sdk-trace\1.26.0\opentelemetry-sdk-trace-1.26.0.jar;C:\Users\peteris.troksa\.m2\repository\io\opentelemetry\opentelemetry-sdk\1.26.0\opentelemetry-sdk-1.26.0.jar;C:\Users\peteris.troksa\.m2\repository\io\opentelemetry\opentelemetry-semconv\1.26.0-alpha\opentelemetry-semconv-1.26.0-alpha.jar;C:\Users\peteris.troksa\.m2\repository\net\bytebuddy\byte-buddy\1.14.4\byte-buddy-1.14.4.jar;C:\Users\peteris.troksa\.m2\repository\org\apache\commons\commons-exec\1.3\commons-exec-1.3.jar;C:\Users\peteris.troksa\.m2\repository\org\asynchttpclient\async-http-client\2.12.3\async-http-client-2.12.3.jar;C:\Users\peteris.troksa\.m2\repository\org\asynchttpclient\async-http-client-netty-utils\2.12.3\async-http-client-netty-utils-2.12.3.jar;C:\Users\peteris.troksa\.m2\repository\io\netty\netty-codec-socks\4.1.60.Final\netty-codec-socks-4.1.60.Final.jar;C:\Users\peteris.troksa\.m2\repository\io\netty\netty-handler-proxy\4.1.60.Final\netty-handler-proxy-4.1.60.Final.jar;C:\Users\peteris.troksa\.m2\repository\io\netty\netty-transport-native-epoll\4.1.60.Final\netty-transport-native-epoll-4.1.60.Final-linux-x86_64.jar;C:\Users\peteris.troksa\.m2\repository\io\netty\netty-transport-native-kqueue\4.1.60.Final\netty-transport-native-kqueue-4.1.60.Final-osx-x86_64.jar;C:\Users\peteris.troksa\.m2\repository\org\reactivestreams\reactive-streams\1.0.3\reactive-streams-1.0.3.jar;C:\Users\peteris.troksa\.m2\repository\com\typesafe\netty\netty-reactive-streams\2.0.4\netty-reactive-streams-2.0.4.jar;C:\Users\peteris.troksa\.m2\repository\com\sun\activation\jakarta.activation\1.2.2\jakarta.activation-1.2.2.jar;C:\Users\peteris.troksa\.m2\repository\org\seleniumhq\selenium\selenium-safari-driver\4.11.0\selenium-safari-driver-4.11.0.jar;C:\Users\peteris.troksa\.m2\repository\org\seleniumhq\selenium\selenium-support\4.11.0\selenium-support-4.11.0.jar;C:\Users\peteris.troksa\.m2\repository\info\cukes\cucumber-java\1.2.5\cucumber-java-1.2.5.jar;C:\Users\peteris.troksa\.m2\repository\org\testng\testng\7.8.0\testng-7.8.0.jar;C:\Users\peteris.troksa\.m2\repository\org\slf4j\slf4j-api\1.7.36\slf4j-api-1.7.36.jar;C:\Users\peteris.troksa\.m2\repository\com\beust\jcommander\1.82\jcommander-1.82.jar;C:\Users\peteris.troksa\.m2\repository\org\webjars\jquery\3.6.1\jquery-3.6.1.jar;C:\Users\peteris.troksa\.m2\repository\io\qameta\allure\allure-testng\2.17.3\allure-testng-2.17.3.jar;C:\Users\peteris.troksa\.m2\repository\io\qameta\allure\allure-java-commons\2.17.3\allure-java-commons-2.17.3.jar;C:\Users\peteris.troksa\.m2\repository\io\qameta\allure\allure-model\2.17.3\allure-model-2.17.3.jar;C:\Users\peteris.troksa\.m2\repository\io\qameta\allure\allure-test-filter\2.17.3\allure-test-filter-2.17.3.jar;C:\Users\peteris.troksa\.m2\repository\com\sun\mail\javax.mail\1.5.5\javax.mail-1.5.5.jar;C:\Users\peteris.troksa\.m2\repository\javax\activation\activation\1.1\activation-1.1.jar
Launcher Type: SUN_STANDARD

[Global flags]
     intx CICompilerCount                          = 4                                         {product} {ergonomic}
     uint ConcGCThreads                            = 2                                         {product} {ergonomic}
     uint G1ConcRefinementThreads                  = 8                                         {product} {ergonomic}
   size_t G1HeapRegionSize                         = 2097152                                   {product} {ergonomic}
    uintx GCDrainStackTargetSize                   = 64                                        {product} {ergonomic}
   size_t InitialHeapSize                          = 268435456                                 {product} {ergonomic}
   size_t MarkStackSize                            = 4194304                                   {product} {ergonomic}
   size_t MaxHeapSize                              = 4294967296                                {product} {ergonomic}
   size_t MaxNewSize                               = 2575302656                                {product} {ergonomic}
   size_t MinHeapDeltaBytes                        = 2097152                                   {product} {ergonomic}
   size_t MinHeapSize                              = 8388608                                   {product} {ergonomic}
    uintx NonNMethodCodeHeapSize                   = 5839372                                {pd product} {ergonomic}
    uintx NonProfiledCodeHeapSize                  = 122909434                              {pd product} {ergonomic}
    uintx ProfiledCodeHeapSize                     = 122909434                              {pd product} {ergonomic}
    uintx ReservedCodeCacheSize                    = 251658240                              {pd product} {ergonomic}
     bool SegmentedCodeCache                       = true                                      {product} {ergonomic}
   size_t SoftMaxHeapSize                          = 4294967296                             {manageable} {ergonomic}
     bool UseCompressedClassPointers               = true                           {product lp64_product} {ergonomic}
     bool UseCompressedOops                        = true                           {product lp64_product} {ergonomic}
     bool UseG1GC                                  = true                                      {product} {ergonomic}
     bool UseLargePagesIndividualAllocation        = false                                  {pd product} {ergonomic}

Logging:
Log output configuration:
 #0: stdout all=warning uptime,level,tags foldmultilines=false
 #1: stderr all=off uptime,level,tags foldmultilines=false

Environment Variables:
JAVA_HOME=C:\Program Files\Java\jdk-20
PATH=C:\Program Files\Java\jdk-20\bin;C:\Program Files (x86)\Common Files\Oracle\Java\javapath;C:\Windows\system32;C:\Windows;C:\Windows\System32\Wbem;C:\Windows\System32\WindowsPowerShell\v1.0\;C:\Windows\System32\OpenSSH\;C:\Program Files\PuTTY\;C:\Program Files (x86)\Microsoft SQL Server\150\DTS\Binn\;C:\Program Files\Azure Data Studio\bin;C:\Program Files\Git\cmd;C:\Users\peteris.troksa\Desktop\java-practice\apache-maven-3.9.4\bin;C:\Users\peteris.troksa\Desktop\java-practice\allure-2.10.0\bin;C:\Program Files\MySQL\MySQL Shell 8.0\bin\;C:\Users\peteris.troksa\AppData\Local\Microsoft\WindowsApps;C:\Users\peteris.troksa\AppData\Local\Programs\Microsoft VS Code\bin;C:\Users\peteris.troksa\Desktop\java-practice\IntelliJ IDEA 2023.2.2\bin;;C:\Program Files\Java\apache-maven-3.9.4-bin\apache-maven-3.9.4\bin;
USERNAME=peteris.troksa
OS=Windows_NT
PROCESSOR_IDENTIFIER=Intel64 Family 6 Model 79 Stepping 1, GenuineIntel
TMP=C:\Users\PETERI~1.TRO\AppData\Local\Temp\3
TEMP=C:\Users\PETERI~1.TRO\AppData\Local\Temp\3




---------------  S Y S T E M  ---------------

OS:
 Windows Server 2019 , 64 bit Build 17763 (10.0.17763.4377)
OS uptime: 12 days 3:31 hours
VMWare virtualization detected

CPU: total 8 (initial active 8) (2 cores per cpu, 1 threads per core) family 6 model 79 stepping 1 microcode 0xb00003e, cx8, cmov, fxsr, mmx, 3dnowpref, sse, sse2, sse3, ssse3, sse4.1, sse4.2, popcnt, lzcnt, tsc, tscinvbit, avx, avx2, aes, erms, clmul, bmi1, bmi2, adx, fma, vzeroupper, clflush, hv, rdtscp, f16c

Memory: 4k page, system-wide physical 16382M (1789M free)
TotalPageFile size 17660M (AvailPageFile size 4M)
current process WorkingSet (physical memory assigned to process): 123M, peak: 135M
current process commit charge ("private bytes"): 188M, peak: 386M

vm_info: Java HotSpot(TM) 64-Bit Server VM (20.0.2+9-78) for windows-amd64 JRE (20.0.2+9-78), built on 2023-06-14T10:08:48Z by "mach5one" with MS VC++ 17.1 (VS2022)

END.
