#
# There is insufficient memory for the Java Runtime Environment to continue.
# Native memory allocation (mmap) failed to map 268435456 bytes for G1 virtual space
# Possible reasons:
#   The system is out of physical RAM or swap space
#   The process is running with CompressedOops enabled, and the Java Heap may be blocking the growth of the native heap
# Possible solutions:
#   Reduce memory load on the system
#   Increase physical memory or swap space
#   Check if swap backing store is full
#   Decrease Java heap size (-Xmx/-Xms)
#   Decrease number of Java threads
#   Decrease Java thread stack sizes (-Xss)
#   Set larger code cache with -XX:ReservedCodeCacheSize=
#   JVM is running with Zero Based Compressed Oops mode in which the Java heap is
#     placed in the first 32GB address space. The Java Heap base address is the
#     maximum limit for the native heap growth. Please use -XX:HeapBaseMinAddress
#     to set the Java Heap base and to place the Java Heap above 32GB virtual address.
# This output file may be truncated or incomplete.
#
#  Out of Memory Error (os_windows.cpp:3528), pid=35792, tid=9072
#
# JRE version:  (20.0.2+9) (build )
# Java VM: Java HotSpot(TM) 64-Bit Server VM (20.0.2+9-78, mixed mode, sharing, tiered, compressed oops, compressed class ptrs, g1 gc, windows-amd64)
# Core dump will be written. Default location: C:\Users\peteris.troksa\IdeaProjects\SC_Test\hs_err_pid35792.mdmp
#

---------------  S U M M A R Y ------------

Command Line: -ea -Didea.test.cyclic.buffer.size=1048576 -javaagent:C:\Users\peteris.troksa\Desktop\java-practice\IntelliJ IDEA 2023.2.2\lib\idea_rt.jar=54025:C:\Users\peteris.troksa\Desktop\java-practice\IntelliJ IDEA 2023.2.2\bin -Dfile.encoding=UTF-8 -Dsun.stdout.encoding=UTF-8 -Dsun.stderr.encoding=UTF-8 com.intellij.rt.testng.RemoteTestNGStarter -usedefaultlisteners true -listener org.testng.reporters.EmailableReporter -socket54024 @w@C:\Users\peteris.troksa\AppData\Local\Temp\4\idea_working_dirs_testng.tmp -temp C:\Users\peteris.troksa\AppData\Local\Temp\4\idea_testng.tmp

Host: Intel(R) Xeon(R) CPU E5-2660 v3 @ 2.60GHz, 8 cores, 15G,  Windows Server 2019 , 64 bit Build 17763 (10.0.17763.4377)
Time: Thu Oct  5 13:11:41 2023 FLE Daylight Time elapsed time: 0.135668 seconds (0d 0h 0m 0s)

---------------  T H R E A D  ---------------

Current thread (0x00000198441a5d80):  JavaThread "Unknown thread" [_thread_in_vm, id=9072, stack(0x00000041d6700000,0x00000041d6800000)]

Stack: [0x00000041d6700000,0x00000041d6800000]
Native frames: (J=compiled Java code, j=interpreted, Vv=VM code, C=native code)
V  [jvm.dll+0x6bc25a]
V  [jvm.dll+0x84971a]
V  [jvm.dll+0x84b315]
V  [jvm.dll+0x84ba13]
V  [jvm.dll+0x280e4f]
V  [jvm.dll+0x6b8fe9]
V  [jvm.dll+0x6adbca]
V  [jvm.dll+0x35b165]
V  [jvm.dll+0x363386]
V  [jvm.dll+0x3b400e]
V  [jvm.dll+0x3b4295]
V  [jvm.dll+0x32b86a]
V  [jvm.dll+0x32c68b]
V  [jvm.dll+0x8123df]
V  [jvm.dll+0x3c1261]
V  [jvm.dll+0x7fe103]
V  [jvm.dll+0x44ccaf]
V  [jvm.dll+0x44e621]
C  [jli.dll+0x5287]
C  [ucrtbase.dll+0x2268a]
C  [KERNEL32.DLL+0x17ac4]
C  [ntdll.dll+0x5a351]


---------------  P R O C E S S  ---------------

Threads class SMR info:
_java_thread_list=0x00007ffc7d4eb118, length=0, elements={
}

Java Threads: ( => current thread )

Other Threads:
  0x000001985b582a90 WorkerThread "GC Thread#0" [stack: 0x00000041d6800000,0x00000041d6900000] [id=39504]
  0x00000198441e59d0 ConcurrentGCThread "G1 Main Marker" [stack: 0x00000041d6900000,0x00000041d6a00000] [id=27116]
  0x00000198441e6400 WorkerThread "G1 Conc#0" [stack: 0x00000041d6a00000,0x00000041d6b00000] [id=40680]

[error occurred during error reporting (printing all threads), id 0xc0000005, EXCEPTION_ACCESS_VIOLATION (0xc0000005) at pc=0x00007ffc7ccceea7]
VM state: not at safepoint (not fully initialized)

VM Mutex/Monitor currently owned by a thread:  ([mutex/lock_event])
[0x00000198441a1630] Heap_lock - owner thread: 0x00000198441a5d80

Heap address: 0x0000000700000000, size: 4096 MB, Compressed Oops mode: Zero based, Oop shift amount: 3

CDS archive(s) mapped at: [0x0000000000000000-0x0000000000000000-0x0000000000000000), size 0, SharedBaseAddress: 0x0000000800000000, ArchiveRelocationMode: 1.
Narrow klass base: 0x0000000000000000, Narrow klass shift: 0, Narrow klass range: 0x0

GC Precious Log:
 CardTable entry size: 512
 Card Set container configuration: InlinePtr #cards 4 size 8 Array Of Cards #cards 16 size 48 Howl #buckets 8 coarsen threshold 3686 Howl Bitmap #cards 512 size 80 coarsen threshold 460 Card regions per heap region 1 cards per card region 4096

Heap:
 garbage-first heap   total 0K, used 0K [0x0000000700000000, 0x0000000800000000)
  region size 2048K, 0 young (0K), 0 survivors (0K)

[error occurred during error reporting (printing heap information), id 0xc0000005, EXCEPTION_ACCESS_VIOLATION (0xc0000005) at pc=0x00007ffc7d0a47b9]
GC Heap History (0 events):
No events

Dll operation events (1 events):
Event: 0.118 Loaded shared library C:\Program Files\Java\jdk-20\bin\java.dll

Deoptimization events (0 events):
No events

Classes loaded (0 events):
No events

Classes unloaded (0 events):
No events

Classes redefined (0 events):
No events

Internal exceptions (0 events):
No events

VM Operations (0 events):
No events

Events (0 events):
No events


Dynamic libraries:
0x00007ff750810000 - 0x00007ff750820000 	C:\Program Files\Java\jdk-20\bin\java.exe
0x00007ffcb57f0000 - 0x00007ffcb59df000 	C:\Windows\SYSTEM32\ntdll.dll
0x00007ffcb3220000 - 0x00007ffcb32d3000 	C:\Windows\System32\KERNEL32.DLL
0x00007ffcb1880000 - 0x00007ffcb1b1d000 	C:\Windows\System32\KERNELBASE.dll
0x00007ffcb2140000 - 0x00007ffcb223a000 	C:\Windows\System32\ucrtbase.dll
0x00007ffc98a00000 - 0x00007ffc98a19000 	C:\Program Files\Java\jdk-20\bin\jli.dll
0x00007ffc9a8f0000 - 0x00007ffc9a90b000 	C:\Program Files\Java\jdk-20\bin\VCRUNTIME140.dll
0x00007ffcb4fe0000 - 0x00007ffcb5087000 	C:\Windows\System32\ADVAPI32.dll
0x00007ffcb3440000 - 0x00007ffcb34de000 	C:\Windows\System32\msvcrt.dll
0x00007ffcb2a20000 - 0x00007ffcb2abf000 	C:\Windows\System32\sechost.dll
0x00007ffcb2ec0000 - 0x00007ffcb2fde000 	C:\Windows\System32\RPCRT4.dll
0x00007ffcb5620000 - 0x00007ffcb57b8000 	C:\Windows\System32\USER32.dll
0x00007ffc94870000 - 0x00007ffc94ae9000 	C:\Windows\WinSxS\amd64_microsoft.windows.common-controls_6595b64144ccf1df_6.0.17763.4645_none_de717694534b1c4f\COMCTL32.dll
0x00007ffcb1ee0000 - 0x00007ffcb1f00000 	C:\Windows\System32\win32u.dll
0x00007ffcb2ac0000 - 0x00007ffcb2deb000 	C:\Windows\System32\combase.dll
0x00007ffcb5090000 - 0x00007ffcb50b9000 	C:\Windows\System32\GDI32.dll
0x00007ffcb2990000 - 0x00007ffcb2a12000 	C:\Windows\System32\bcryptPrimitives.dll
0x00007ffcb1f00000 - 0x00007ffcb20a6000 	C:\Windows\System32\gdi32full.dll
0x00007ffcb1e40000 - 0x00007ffcb1ee0000 	C:\Windows\System32\msvcp_win.dll
0x00007ffca6680000 - 0x00007ffca668a000 	C:\Windows\SYSTEM32\VERSION.dll
0x00007ffcb3040000 - 0x00007ffcb306e000 	C:\Windows\System32\IMM32.DLL
0x00007ffc945f0000 - 0x00007ffc94694000 	C:\Program Files\McAfee\Endpoint Security\Threat Prevention\Ips\EpMPApi.dll
0x00007ffcb20e0000 - 0x00007ffcb213f000 	C:\Windows\System32\WINTRUST.dll
0x00007ffcb17b0000 - 0x00007ffcb17c2000 	C:\Windows\System32\MSASN1.dll
0x00007ffcb1b20000 - 0x00007ffcb1d1b000 	C:\Windows\System32\CRYPT32.dll
0x000000006c140000 - 0x000000006c14c000 	C:\Program Files\McAfee\Endpoint Security\Threat Prevention\Ips\EpMPThe.dll
0x00007ffc94570000 - 0x00007ffc945cb000 	C:\Program Files\McAfee\Endpoint Security\Threat Prevention\Ips\HIPHandlers64.dll
0x00007ffcb3690000 - 0x00007ffcb4b88000 	C:\Windows\System32\SHELL32.dll
0x00007ffcb1d40000 - 0x00007ffcb1d8a000 	C:\Windows\System32\cfgmgr32.dll
0x00007ffcb2df0000 - 0x00007ffcb2e97000 	C:\Windows\System32\shcore.dll
0x00007ffcb2240000 - 0x00007ffcb2987000 	C:\Windows\System32\windows.storage.dll
0x00007ffcb17d0000 - 0x00007ffcb17f3000 	C:\Windows\System32\profapi.dll
0x00007ffcb1820000 - 0x00007ffcb187d000 	C:\Windows\System32\powrprof.dll
0x00007ffcb2fe0000 - 0x00007ffcb3032000 	C:\Windows\System32\shlwapi.dll
0x00007ffcb1800000 - 0x00007ffcb1811000 	C:\Windows\System32\kernel.appcore.dll
0x00007ffcb1d20000 - 0x00007ffcb1d3b000 	C:\Windows\System32\cryptsp.dll
0x00007ffca3ae0000 - 0x00007ffca3ccd000 	C:\Windows\SYSTEM32\dbghelp.dll
0x00007ffc9dd70000 - 0x00007ffc9dd7c000 	C:\Program Files\Java\jdk-20\bin\vcruntime140_1.dll
0x00007ffc95da0000 - 0x00007ffc95e2e000 	C:\Program Files\Java\jdk-20\bin\msvcp140.dll
0x00007ffc7c990000 - 0x00007ffc7d628000 	C:\Program Files\Java\jdk-20\bin\server\jvm.dll
0x00007ffcacf30000 - 0x00007ffcacf54000 	C:\Windows\SYSTEM32\WINMM.dll
0x00007ffca32a0000 - 0x00007ffca32a9000 	C:\Windows\SYSTEM32\WSOCK32.dll
0x00007ffcb4e10000 - 0x00007ffcb4e7d000 	C:\Windows\System32\WS2_32.dll
0x00007ffcaceb0000 - 0x00007ffcacedd000 	C:\Windows\SYSTEM32\WINMMBASE.dll
0x00007ffc9b240000 - 0x00007ffc9b24a000 	C:\Program Files\Java\jdk-20\bin\jimage.dll
0x00007ffca3880000 - 0x00007ffca38aa000 	C:\Windows\SYSTEM32\dbgcore.DLL
0x00007ffcac710000 - 0x00007ffcac71e000 	C:\Program Files\Java\jdk-20\bin\instrument.dll
0x00007ffc95f40000 - 0x00007ffc95f66000 	C:\Program Files\Java\jdk-20\bin\java.dll

dbghelp: loaded successfully - version: 4.0.5 - missing functions: none
symbol engine: initialized successfully - sym options: 0x614 - pdb path: .;C:\Program Files\Java\jdk-20\bin;C:\Windows\SYSTEM32;C:\Windows\WinSxS\amd64_microsoft.windows.common-controls_6595b64144ccf1df_6.0.17763.4645_none_de717694534b1c4f;C:\Program Files\McAfee\Endpoint Security\Threat Prevention\Ips;C:\Program Files\Java\jdk-20\bin\server

VM Arguments:
jvm_args: -ea -Didea.test.cyclic.buffer.size=1048576 -javaagent:C:\Users\peteris.troksa\Desktop\java-practice\IntelliJ IDEA 2023.2.2\lib\idea_rt.jar=54025:C:\Users\peteris.troksa\Desktop\java-practice\IntelliJ IDEA 2023.2.2\bin -Dfile.encoding=UTF-8 -Dsun.stdout.encoding=UTF-8 -Dsun.stderr.encoding=UTF-8 
java_command: com.intellij.rt.testng.RemoteTestNGStarter -usedefaultlisteners true -listener org.testng.reporters.EmailableReporter -socket54024 @w@C:\Users\peteris.troksa\AppData\Local\Temp\4\idea_working_dirs_testng.tmp -temp C:\Users\peteris.troksa\AppData\Local\Temp\4\idea_testng.tmp
java_class_path (initial): C:\Users\peteris.troksa\Desktop\java-practice\IntelliJ IDEA 2023.2.2\lib\idea_rt.jar;C:\Users\peteris.troksa\Desktop\java-practice\IntelliJ IDEA 2023.2.2\plugins\testng\lib\testng-rt.jar;C:\Users\peteris.troksa\IdeaProjects\SC_Test\target\test-classes;C:\Users\peteris.troksa\IdeaProjects\SC_Test\target\classes;C:\Users\peteris.troksa\.m2\repository\io\cucumber\cucumber-java\7.7.0\cucumber-java-7.7.0.jar;C:\Users\peteris.troksa\.m2\repository\io\cucumber\cucumber-core\7.7.0\cucumber-core-7.7.0.jar;C:\Users\peteris.troksa\.m2\repository\io\cucumber\cucumber-gherkin\7.7.0\cucumber-gherkin-7.7.0.jar;C:\Users\peteris.troksa\.m2\repository\io\cucumber\cucumber-gherkin-messages\7.7.0\cucumber-gherkin-messages-7.7.0.jar;C:\Users\peteris.troksa\.m2\repository\io\cucumber\gherkin\24.0.0\gherkin-24.0.0.jar;C:\Users\peteris.troksa\.m2\repository\io\cucumber\messages\19.1.2\messages-19.1.2.jar;C:\Users\peteris.troksa\.m2\repository\io\cucumber\tag-expressions\4.1.0\tag-expressions-4.1.0.jar;C:\Users\peteris.troksa\.m2\repository\io\cucumber\cucumber-expressions\16.0.0\cucumber-expressions-16.0.0.jar;C:\Users\peteris.troksa\.m2\repository\io\cucumber\datatable\7.7.0\datatable-7.7.0.jar;C:\Users\peteris.troksa\.m2\repository\io\cucumber\cucumber-plugin\7.7.0\cucumber-plugin-7.7.0.jar;C:\Users\peteris.troksa\.m2\repository\io\cucumber\docstring\7.7.0\docstring-7.7.0.jar;C:\Users\peteris.troksa\.m2\repository\io\cucumber\html-formatter\20.0.0\html-formatter-20.0.0.jar;C:\Users\peteris.troksa\.m2\repository\io\cucumber\ci-environment\9.1.0\ci-environment-9.1.0.jar;C:\Users\peteris.troksa\.m2\repository\org\apiguardian\apiguardian-api\1.1.2\apiguardian-api-1.1.2.jar;C:\Users\peteris.troksa\.m2\repository\info\cukes\cucumber-junit\1.2.5\cucumber-junit-1.2.5.jar;C:\Users\peteris.troksa\.m2\repository\info\cukes\cucumber-core\1.2.5\cucumber-core-1.2.5.jar;C:\Users\peteris.troksa\.m2\repository\info\cukes\cucumber-html\0.2.3\cucumber-html-0.2.3.jar;C:\Users\peteris.troksa\.m2\repository\info\cukes\cucumber-jvm-deps\1.0.5\cucumber-jvm-deps-1.0.5.jar;C:\Users\peteris.troksa\.m2\repository\info\cukes\gherkin\2.12.2\gherkin-2.12.2.jar;C:\Users\peteris.troksa\.m2\repository\junit\junit\4.12\junit-4.12.jar;C:\Users\peteris.troksa\.m2\repository\org\hamcrest\hamcrest-core\1.3\hamcrest-core-1.3.jar;C:\Users\peteris.troksa\.m2\repository\org\seleniumhq\selenium\selenium-java\4.11.0\selenium-java-4.11.0.jar;C:\Users\peteris.troksa\.m2\repository\org\seleniumhq\selenium\selenium-api\4.11.0\selenium-api-4.11.0.jar;C:\Users\peteris.troksa\.m2\repository\org\seleniumhq\selenium\selenium-chrome-driver\4.11.0\selenium-chrome-driver-4.11.0.jar;C:\Users\peteris.troksa\.m2\repository\com\google\auto\service\auto-service-annotations\1.0.1\auto-service-annotations-1.0.1.jar;C:\Users\peteris.troksa\.m2\repository\com\google\guava\guava\31.1-jre\guava-31.1-jre.jar;C:\Users\peteris.troksa\.m2\repository\com\google\guava\failureaccess\1.0.1\failureaccess-1.0.1.jar;C:\Users\peteris.troksa\.m2\repository\com\google\guava\listenablefuture\9999.0-empty-to-avoid-conflict-with-guava\listenablefuture-9999.0-empty-to-avoid-conflict-with-guava.jar;C:\Users\peteris.troksa\.m2\repository\com\google\code\findbugs\jsr305\3.0.2\jsr305-3.0.2.jar;C:\Users\peteris.troksa\.m2\repository\org\checkerframework\checker-qual\3.12.0\checker-qual-3.12.0.jar;C:\Users\peteris.troksa\.m2\repository\com\google\errorprone\error_prone_annotations\2.11.0\error_prone_annotations-2.11.0.jar;C:\Users\peteris.troksa\.m2\repository\com\google\j2objc\j2objc-annotations\1.3\j2objc-annotations-1.3.jar;C:\Users\peteris.troksa\.m2\repository\org\seleniumhq\selenium\selenium-chromium-driver\4.11.0\selenium-chromium-driver-4.11.0.jar;C:\Users\peteris.troksa\.m2\repository\org\seleniumhq\selenium\selenium-json\4.11.0\selenium-json-4.11.0.jar;C:\Users\peteris.troksa\.m2\repository\org\seleniumhq\selenium\selenium-manager\4.11.0\selenium-manager-4.11.0.jar;C:\Users\peteris.troksa\.m2\repository\org\seleniumhq\selenium\selenium-devtools-v113\4.11.0\selenium-devtools-v113-4.11.0.jar;C:\Users\peteris.troksa\.m2\repository\org\seleniumhq\selenium\selenium-devtools-v114\4.11.0\selenium-devtools-v114-4.11.0.jar;C:\Users\peteris.troksa\.m2\repository\org\seleniumhq\selenium\selenium-devtools-v115\4.11.0\selenium-devtools-v115-4.11.0.jar;C:\Users\peteris.troksa\.m2\repository\org\seleniumhq\selenium\selenium-devtools-v85\4.11.0\selenium-devtools-v85-4.11.0.jar;C:\Users\peteris.troksa\.m2\repository\org\seleniumhq\selenium\selenium-edge-driver\4.11.0\selenium-edge-driver-4.11.0.jar;C:\Users\peteris.troksa\.m2\repository\org\seleniumhq\selenium\selenium-firefox-driver\4.11.0\selenium-firefox-driver-4.11.0.jar;C:\Users\peteris.troksa\.m2\repository\org\seleniumhq\selenium\selenium-http\4.11.0\selenium-http-4.11.0.jar;C:\Users\peteris.troksa\.m2\repository\dev\failsafe\failsafe\3.3.1\failsafe-3.3.1.jar;C:\Users\peteris.troksa\.m2\repository\org\seleniumhq\selenium\selenium-ie-driver\4.11.0\selenium-ie-driver-4.11.0.jar;C:\Users\peteris.troksa\.m2\repository\org\seleniumhq\selenium\selenium-remote-driver\4.11.0\selenium-remote-driver-4.11.0.jar;C:\Users\peteris.troksa\.m2\repository\io\netty\netty-buffer\4.1.92.Final\netty-buffer-4.1.92.Final.jar;C:\Users\peteris.troksa\.m2\repository\io\netty\netty-codec-http\4.1.92.Final\netty-codec-http-4.1.92.Final.jar;C:\Users\peteris.troksa\.m2\repository\io\netty\netty-codec\4.1.92.Final\netty-codec-4.1.92.Final.jar;C:\Users\peteris.troksa\.m2\repository\io\netty\netty-handler\4.1.92.Final\netty-handler-4.1.92.Final.jar;C:\Users\peteris.troksa\.m2\repository\io\netty\netty-common\4.1.92.Final\netty-common-4.1.92.Final.jar;C:\Users\peteris.troksa\.m2\repository\io\netty\netty-transport-classes-epoll\4.1.92.Final\netty-transport-classes-epoll-4.1.92.Final.jar;C:\Users\peteris.troksa\.m2\repository\io\netty\netty-transport-classes-kqueue\4.1.92.Final\netty-transport-classes-kqueue-4.1.92.Final.jar;C:\Users\peteris.troksa\.m2\repository\io\netty\netty-transport-native-epoll\4.1.92.Final\netty-transport-native-epoll-4.1.92.Final.jar;C:\Users\peteris.troksa\.m2\repository\io\netty\netty-transport-native-kqueue\4.1.92.Final\netty-transport-native-kqueue-4.1.92.Final.jar;C:\Users\peteris.troksa\.m2\repository\io\netty\netty-transport-native-unix-common\4.1.92.Final\netty-transport-native-unix-common-4.1.92.Final.jar;C:\Users\peteris.troksa\.m2\repository\io\netty\netty-transport\4.1.92.Final\netty-transport-4.1.92.Final.jar;C:\Users\peteris.troksa\.m2\repository\io\netty\netty-resolver\4.1.92.Final\netty-resolver-4.1.92.Final.jar;C:\Users\peteris.troksa\.m2\repository\io\opentelemetry\opentelemetry-api\1.26.0\opentelemetry-api-1.26.0.jar;C:\Users\peteris.troksa\.m2\repository\io\opentelemetry\opentelemetry-context\1.26.0\opentelemetry-context-1.26.0.jar;C:\Users\peteris.troksa\.m2\repository\io\opentelemetry\opentelemetry-exporter-logging\1.26.0\opentelemetry-exporter-logging-1.26.0.jar;C:\Users\peteris.troksa\.m2\repository\io\opentelemetry\opentelemetry-sdk-metrics\1.26.0\opentelemetry-sdk-metrics-1.26.0.jar;C:\Users\peteris.troksa\.m2\repository\io\opentelemetry\opentelemetry-extension-incubator\1.26.0-alpha\opentelemetry-extension-incubator-1.26.0-alpha.jar;C:\Users\peteris.troksa\.m2\repository\io\opentelemetry\opentelemetry-sdk-logs\1.26.0-alpha\opentelemetry-sdk-logs-1.26.0-alpha.jar;C:\Users\peteris.troksa\.m2\repository\io\opentelemetry\opentelemetry-api-logs\1.26.0-alpha\opentelemetry-api-logs-1.26.0-alpha.jar;C:\Users\peteris.troksa\.m2\repository\io\opentelemetry\opentelemetry-api-events\1.26.0-alpha\opentelemetry-api-events-1.26.0-alpha.jar;C:\Users\peteris.troksa\.m2\repository\io\opentelemetry\opentelemetry-sdk-common\1.26.0\opentelemetry-sdk-common-1.26.0.jar;C:\Users\peteris.troksa\.m2\repository\io\opentelemetry\opentelemetry-sdk-extension-autoconfigure-spi\1.26.0\opentelemetry-sdk-extension-autoconfigure-spi-1.26.0.jar;C:\Users\peteris.troksa\.m2\repository\io\opentelemetry\opentelemetry-sdk-extension-autoconfigure\1.26.0-alpha\opentelemetry-sdk-extension-autoconfigure-1.26.0-alpha.jar;C:\Users\peteris.troksa\.m2\repository\io\opentelemetry\opentelemetry-sdk-trace\1.26.0\opentelemetry-sdk-trace-1.26.0.jar;C:\Users\peteris.troksa\.m2\repository\io\opentelemetry\opentelemetry-sdk\1.26.0\opentelemetry-sdk-1.26.0.jar;C:\Users\peteris.troksa\.m2\repository\io\opentelemetry\opentelemetry-semconv\1.26.0-alpha\opentelemetry-semconv-1.26.0-alpha.jar;C:\Users\peteris.troksa\.m2\repository\net\bytebuddy\byte-buddy\1.14.4\byte-buddy-1.14.4.jar;C:\Users\peteris.troksa\.m2\repository\org\apache\commons\commons-exec\1.3\commons-exec-1.3.jar;C:\Users\peteris.troksa\.m2\repository\org\asynchttpclient\async-http-client\2.12.3\async-http-client-2.12.3.jar;C:\Users\peteris.troksa\.m2\repository\org\asynchttpclient\async-http-client-netty-utils\2.12.3\async-http-client-netty-utils-2.12.3.jar;C:\Users\peteris.troksa\.m2\repository\io\netty\netty-codec-socks\4.1.60.Final\netty-codec-socks-4.1.60.Final.jar;C:\Users\peteris.troksa\.m2\repository\io\netty\netty-handler-proxy\4.1.60.Final\netty-handler-proxy-4.1.60.Final.jar;C:\Users\peteris.troksa\.m2\repository\io\netty\netty-transport-native-epoll\4.1.60.Final\netty-transport-native-epoll-4.1.60.Final-linux-x86_64.jar;C:\Users\peteris.troksa\.m2\repository\io\netty\netty-transport-native-kqueue\4.1.60.Final\netty-transport-native-kqueue-4.1.60.Final-osx-x86_64.jar;C:\Users\peteris.troksa\.m2\repository\org\reactivestreams\reactive-streams\1.0.3\reactive-streams-1.0.3.jar;C:\Users\peteris.troksa\.m2\repository\com\typesafe\netty\netty-reactive-streams\2.0.4\netty-reactive-streams-2.0.4.jar;C:\Users\peteris.troksa\.m2\repository\com\sun\activation\jakarta.activation\1.2.2\jakarta.activation-1.2.2.jar;C:\Users\peteris.troksa\.m2\repository\org\seleniumhq\selenium\selenium-safari-driver\4.11.0\selenium-safari-driver-4.11.0.jar;C:\Users\peteris.troksa\.m2\repository\org\seleniumhq\selenium\selenium-support\4.11.0\selenium-support-4.11.0.jar;C:\Users\peteris.troksa\.m2\repository\info\cukes\cucumber-java\1.2.5\cucumber-java-1.2.5.jar;C:\Users\peteris.troksa\.m2\repository\org\testng\testng\7.8.0\testng-7.8.0.jar;C:\Users\peteris.troksa\.m2\repository\org\slf4j\slf4j-api\1.7.36\slf4j-api-1.7.36.jar;C:\Users\peteris.troksa\.m2\repository\com\beust\jcommander\1.82\jcommander-1.82.jar;C:\Users\peteris.troksa\.m2\repository\org\webjars\jquery\3.6.1\jquery-3.6.1.jar;C:\Users\peteris.troksa\.m2\repository\io\qameta\allure\allure-testng\2.17.3\allure-testng-2.17.3.jar;C:\Users\peteris.troksa\.m2\repository\io\qameta\allure\allure-java-commons\2.17.3\allure-java-commons-2.17.3.jar;C:\Users\peteris.troksa\.m2\repository\io\qameta\allure\allure-model\2.17.3\allure-model-2.17.3.jar;C:\Users\peteris.troksa\.m2\repository\io\qameta\allure\allure-test-filter\2.17.3\allure-test-filter-2.17.3.jar;C:\Users\peteris.troksa\.m2\repository\org\apache\maven\doxia\doxia-module-twiki\1.11.1\doxia-module-twiki-1.11.1.jar;C:\Users\peteris.troksa\.m2\repository\org\codehaus\plexus\plexus-utils\3.3.0\plexus-utils-3.3.0.jar;C:\Users\peteris.troksa\.m2\repository\org\apache\maven\doxia\doxia-core\1.11.1\doxia-core-1.11.1.jar;C:\Users\peteris.troksa\.m2\repository\org\apache\maven\doxia\doxia-logging-api\1.11.1\doxia-logging-api-1.11.1.jar;C:\Users\peteris.troksa\.m2\repository\org\codehaus\plexus\plexus-container-default\2.1.0\plexus-container-default-2.1.0.jar;C:\Users\peteris.troksa\.m2\repository\org\codehaus\plexus\plexus-classworlds\2.6.0\plexus-classworlds-2.6.0.jar;C:\Users\peteris.troksa\.m2\repository\org\apache\xbean\xbean-reflect\3.7\xbean-reflect-3.7.jar;C:\Users\peteris.troksa\.m2\repository\com\google\collections\google-collections\1.0\google-collections-1.0.jar;C:\Users\peteris.troksa\.m2\repository\org\apache\commons\commons-lang3\3.8.1\commons-lang3-3.8.1.jar;C:\Users\peteris.troksa\.m2\repository\org\apache\commons\commons-text\1.3\commons-text-1.3.jar;C:\Users\peteris.troksa\.m2\repository\org\apache\httpcomponents\httpclient\4.5.13\httpclient-4.5.13.jar;C:\Users\peteris.troksa\.m2\repository\commons-logging\commons-logging\1.2\commons-logging-1.2.jar;C:\Users\peteris.troksa\.m2\repository\commons-codec\commons-codec\1.11\commons-codec-1.11.jar;C:\Users\peteris.troksa\.m2\repository\org\apache\httpcomponents\httpcore\4.4.14\httpcore-4.4.14.jar;C:\Users\peteris.troksa\.m2\repository\org\apache\maven\doxia\doxia-sink-api\1.11.1\doxia-sink-api-1.11.1.jar;C:\Users\peteris.troksa\.m2\repository\org\codehaus\plexus\plexus-component-annotations\2.1.0\plexus-component-annotations-2.1.0.jar;C:\Users\peteris.troksa\.m2\repository\org\eclipse\jetty\jetty-util\9.4.46.v20220331\jetty-util-9.4.46.v20220331.jar
Launcher Type: SUN_STANDARD

[Global flags]
     intx CICompilerCount                          = 4                                         {product} {ergonomic}
     uint ConcGCThreads                            = 2                                         {product} {ergonomic}
     uint G1ConcRefinementThreads                  = 8                                         {product} {ergonomic}
   size_t G1HeapRegionSize                         = 2097152                                   {product} {ergonomic}
    uintx GCDrainStackTargetSize                   = 64                                        {product} {ergonomic}
   size_t InitialHeapSize                          = 268435456                                 {product} {ergonomic}
   size_t MarkStackSize                            = 4194304                                   {product} {ergonomic}
   size_t MaxHeapSize                              = 4294967296                                {product} {ergonomic}
   size_t MinHeapDeltaBytes                        = 2097152                                   {product} {ergonomic}
   size_t MinHeapSize                              = 8388608                                   {product} {ergonomic}
    uintx NonNMethodCodeHeapSize                   = 5839372                                {pd product} {ergonomic}
    uintx NonProfiledCodeHeapSize                  = 122909434                              {pd product} {ergonomic}
    uintx ProfiledCodeHeapSize                     = 122909434                              {pd product} {ergonomic}
    uintx ReservedCodeCacheSize                    = 251658240                              {pd product} {ergonomic}
     bool SegmentedCodeCache                       = true                                      {product} {ergonomic}
   size_t SoftMaxHeapSize                          = 4294967296                             {manageable} {ergonomic}
     bool UseCompressedClassPointers               = true                           {product lp64_product} {ergonomic}
     bool UseCompressedOops                        = true                           {product lp64_product} {ergonomic}
     bool UseG1GC                                  = true                                      {product} {ergonomic}
     bool UseLargePagesIndividualAllocation        = false                                  {pd product} {ergonomic}

Logging:
Log output configuration:
 #0: stdout all=warning uptime,level,tags foldmultilines=false
 #1: stderr all=off uptime,level,tags foldmultilines=false

Environment Variables:
JAVA_HOME=C:\Program Files\Java\jdk-20
PATH=C:\Program Files\Java\jdk-20\bin;C:\Program Files (x86)\Common Files\Oracle\Java\javapath;C:\Windows\system32;C:\Windows;C:\Windows\System32\Wbem;C:\Windows\System32\WindowsPowerShell\v1.0\;C:\Windows\System32\OpenSSH\;C:\Program Files\PuTTY\;C:\Program Files (x86)\Microsoft SQL Server\150\DTS\Binn\;C:\Program Files\Azure Data Studio\bin;C:\Program Files\Git\cmd;C:\Users\peteris.troksa\Desktop\java-practice\apache-maven-3.9.4\bin;C:\Users\peteris.troksa\Desktop\java-practice\allure-2.10.0\bin;C:\Program Files\MySQL\MySQL Shell 8.0\bin\;C:\Users\peteris.troksa\AppData\Local\Microsoft\WindowsApps;C:\Users\peteris.troksa\AppData\Local\Programs\Microsoft VS Code\bin;C:\Users\peteris.troksa\Desktop\java-practice\IntelliJ IDEA 2023.2.2\bin;C:\Program Files\Java\apache-maven-3.9.4-bin\apache-maven-3.9.4\bin;C:\Users\peteris.troksa\AppData\Local\JetBrains\Toolbox\scripts;
USERNAME=peteris.troksa
OS=Windows_NT
PROCESSOR_IDENTIFIER=Intel64 Family 6 Model 63 Stepping 2, GenuineIntel
TMP=C:\Users\PETERI~1.TRO\AppData\Local\Temp\4
TEMP=C:\Users\PETERI~1.TRO\AppData\Local\Temp\4




---------------  S Y S T E M  ---------------

OS:
 Windows Server 2019 , 64 bit Build 17763 (10.0.17763.4377)
OS uptime: 7 days 15:03 hours
VMWare virtualization detected

CPU: total 8 (initial active 8) (2 cores per cpu, 1 threads per core) family 6 model 63 stepping 2 microcode 0x46, cx8, cmov, fxsr, mmx, sse, sse2, sse3, ssse3, sse4.1, sse4.2, popcnt, lzcnt, tsc, tscinvbit, avx, avx2, aes, erms, clmul, bmi1, bmi2, fma, vzeroupper, clflush, hv, rdtscp, f16c

Memory: 4k page, system-wide physical 16382M (1468M free)
TotalPageFile size 17660M (AvailPageFile size 208M)
current process WorkingSet (physical memory assigned to process): 13M, peak: 13M
current process commit charge ("private bytes"): 62M, peak: 317M

vm_info: Java HotSpot(TM) 64-Bit Server VM (20.0.2+9-78) for windows-amd64 JRE (20.0.2+9-78), built on 2023-06-14T10:08:48Z by "mach5one" with MS VC++ 17.1 (VS2022)

END.
