#
# There is insufficient memory for the Java Runtime Environment to continue.
# Native memory allocation (mmap) failed to map 65536 bytes for Failed to commit metaspace.
# Possible reasons:
#   The system is out of physical RAM or swap space
#   The process is running with CompressedOops enabled, and the Java Heap may be blocking the growth of the native heap
# Possible solutions:
#   Reduce memory load on the system
#   Increase physical memory or swap space
#   Check if swap backing store is full
#   Decrease Java heap size (-Xmx/-Xms)
#   Decrease number of Java threads
#   Decrease Java thread stack sizes (-Xss)
#   Set larger code cache with -XX:ReservedCodeCacheSize=
#   JVM is running with Zero Based Compressed Oops mode in which the Java heap is
#     placed in the first 32GB address space. The Java Heap base address is the
#     maximum limit for the native heap growth. Please use -XX:HeapBaseMinAddress
#     to set the Java Heap base and to place the Java Heap above 32GB virtual address.
# This output file may be truncated or incomplete.
#
#  Out of Memory Error (virtualSpaceNode.cpp:110), pid=21608, tid=34712
#
# JRE version: Java(TM) SE Runtime Environment (20.0.2+9) (build 20.0.2+9-78)
# Java VM: Java HotSpot(TM) 64-Bit Server VM (20.0.2+9-78, mixed mode, sharing, tiered, compressed oops, compressed class ptrs, g1 gc, windows-amd64)
# Core dump will be written. Default location: C:\Users\peteris.troksa\IdeaProjects\SC_Test\hs_err_pid21608.mdmp
#

---------------  S U M M A R Y ------------

Command Line: -ea -Didea.test.cyclic.buffer.size=1048576 -javaagent:C:\Users\peteris.troksa\Desktop\java-practice\IntelliJ IDEA 2023.2.2\lib\idea_rt.jar=53147:C:\Users\peteris.troksa\Desktop\java-practice\IntelliJ IDEA 2023.2.2\bin -Dfile.encoding=UTF-8 -Dsun.stdout.encoding=UTF-8 -Dsun.stderr.encoding=UTF-8 com.intellij.rt.testng.RemoteTestNGStarter -usedefaultlisteners false -socket53146 @w@C:\Users\peteris.troksa\AppData\Local\Temp\4\idea_working_dirs_testng.tmp -temp C:\Users\peteris.troksa\AppData\Local\Temp\4\idea_testng.tmp

Host: Intel(R) Xeon(R) CPU E5-2660 v3 @ 2.60GHz, 8 cores, 15G,  Windows Server 2019 , 64 bit Build 17763 (10.0.17763.4377)
Time: Tue Oct  3 14:52:07 2023 FLE Daylight Time elapsed time: 20.007704 seconds (0d 0h 0m 20s)

---------------  T H R E A D  ---------------

Current thread (0x0000015934a4e830):  JavaThread "Forwarding newSession on session null to remote" [_thread_in_vm, id=34712, stack(0x0000000f95a00000,0x0000000f95b00000)]

Stack: [0x0000000f95a00000,0x0000000f95b00000]
Native frames: (J=compiled Java code, j=interpreted, Vv=VM code, C=native code)
V  [jvm.dll+0x6bc25a]
V  [jvm.dll+0x84971a]
V  [jvm.dll+0x84b315]
V  [jvm.dll+0x84ba13]
V  [jvm.dll+0x280e4f]
V  [jvm.dll+0x84565b]
V  [jvm.dll+0x660616]
V  [jvm.dll+0x1eb7b7]
V  [jvm.dll+0x663032]
V  [jvm.dll+0x662e1e]
V  [jvm.dll+0x66102e]
V  [jvm.dll+0x2117a3]
V  [jvm.dll+0x28c56b]
V  [jvm.dll+0x28af5b]
V  [jvm.dll+0x28c21d]
V  [jvm.dll+0x2141e8]
V  [jvm.dll+0x21383d]
V  [jvm.dll+0x59c7f6]
V  [jvm.dll+0x7c42a3]
V  [jvm.dll+0x7c4384]
V  [jvm.dll+0x46ca64]
V  [jvm.dll+0x471fc8]
C  [java.dll+0x17ec]

Java frames: (J=compiled Java code, j=interpreted, Vv=VM code)
J 1016  java.lang.ClassLoader.defineClass1(Ljava/lang/ClassLoader;Ljava/lang/String;[BIILjava/security/ProtectionDomain;Ljava/lang/String;)Ljava/lang/Class; java.base@20.0.2 (0 bytes) @ 0x00000159445d0071 [0x00000159445cffa0+0x00000000000000d1]
J 1172 c1 java.lang.ClassLoader.defineClass(Ljava/lang/String;[BIILjava/security/ProtectionDomain;)Ljava/lang/Class; java.base@20.0.2 (43 bytes) @ 0x000001593cca1164 [0x000001593cca0e00+0x0000000000000364]
J 1171 c1 java.security.SecureClassLoader.defineClass(Ljava/lang/String;[BIILjava/security/CodeSource;)Ljava/lang/Class; java.base@20.0.2 (16 bytes) @ 0x000001593cc9eff4 [0x000001593cc9ef20+0x00000000000000d4]
J 1022 c1 jdk.internal.loader.BuiltinClassLoader.defineClass(Ljava/lang/String;Ljdk/internal/loader/Resource;)Ljava/lang/Class; java.base@20.0.2 (121 bytes) @ 0x000001593cc4305c [0x000001593cc42100+0x0000000000000f5c]
J 1040 c1 jdk.internal.loader.BuiltinClassLoader.findClassOnClassPathOrNull(Ljava/lang/String;)Ljava/lang/Class; java.base@20.0.2 (64 bytes) @ 0x000001593cc4ce7c [0x000001593cc4c160+0x0000000000000d1c]
J 680 c1 jdk.internal.loader.BuiltinClassLoader.loadClassOrNull(Ljava/lang/String;Z)Ljava/lang/Class; java.base@20.0.2 (143 bytes) @ 0x000001593cb98abc [0x000001593cb98040+0x0000000000000a7c]
J 785 c1 jdk.internal.loader.ClassLoaders$AppClassLoader.loadClass(Ljava/lang/String;Z)Ljava/lang/Class; java.base@20.0.2 (40 bytes) @ 0x000001593cbc2a4c [0x000001593cbc2860+0x00000000000001ec]
J 753 c1 java.lang.ClassLoader.loadClass(Ljava/lang/String;)Ljava/lang/Class; java.base@20.0.2 (7 bytes) @ 0x000001593cbb73b4 [0x000001593cbb72a0+0x0000000000000114]
v  ~StubRoutines::call_stub 0x0000015943fd100d
j  com.google.common.net.MediaType.<clinit>()V+11
v  ~StubRoutines::call_stub 0x0000015943fd100d
j  org.openqa.selenium.remote.http.HttpMessage.getContentEncoding()Ljava/nio/charset/Charset;+16
j  org.openqa.selenium.remote.http.HttpResponse.getContentEncoding()Ljava/nio/charset/Charset;+1
j  org.openqa.selenium.remote.http.Contents.string(Lorg/openqa/selenium/remote/http/HttpMessage;)Ljava/lang/String;+5
j  org.openqa.selenium.remote.ProtocolHandshake.createSession(Lorg/openqa/selenium/remote/http/HttpHandler;Ljava/util/function/Supplier;J)Lorg/openqa/selenium/internal/Either;+75
j  org.openqa.selenium.remote.ProtocolHandshake.createSession(Lorg/openqa/selenium/remote/http/HttpHandler;Lorg/openqa/selenium/remote/NewSessionPayload;)Lorg/openqa/selenium/internal/Either;+78
j  org.openqa.selenium.remote.ProtocolHandshake.createSession(Lorg/openqa/selenium/remote/http/HttpHandler;Lorg/openqa/selenium/remote/Command;)Lorg/openqa/selenium/remote/ProtocolHandshake$Result;+53
j  org.openqa.selenium.remote.HttpCommandExecutor.execute(Lorg/openqa/selenium/remote/Command;)Lorg/openqa/selenium/remote/Response;+122
j  org.openqa.selenium.remote.service.DriverCommandExecutor.invokeExecute(Lorg/openqa/selenium/remote/Command;)Lorg/openqa/selenium/remote/Response;+2
j  org.openqa.selenium.remote.service.DriverCommandExecutor.execute(Lorg/openqa/selenium/remote/Command;)Lorg/openqa/selenium/remote/Response;+195
j  org.openqa.selenium.remote.RemoteWebDriver.execute(Lorg/openqa/selenium/remote/CommandPayload;)Lorg/openqa/selenium/remote/Response;+76
j  org.openqa.selenium.remote.RemoteWebDriver.startSession(Lorg/openqa/selenium/Capabilities;)V+18
j  org.openqa.selenium.remote.RemoteWebDriver.<init>(Lorg/openqa/selenium/remote/CommandExecutor;Lorg/openqa/selenium/Capabilities;)V+88
j  org.openqa.selenium.firefox.FirefoxDriver.<init>(Lorg/openqa/selenium/firefox/FirefoxDriver$FirefoxDriverCommandExecutor;Lorg/openqa/selenium/firefox/FirefoxOptions;Lorg/openqa/selenium/remote/http/ClientConfig;)V+6
j  org.openqa.selenium.firefox.FirefoxDriver.<init>(Lorg/openqa/selenium/firefox/FirefoxDriver$FirefoxDriverCommandExecutor;Lorg/openqa/selenium/firefox/FirefoxOptions;)V+6
j  org.openqa.selenium.firefox.FirefoxDriver.<init>(Lorg/openqa/selenium/firefox/FirefoxDriverService;Lorg/openqa/selenium/firefox/FirefoxOptions;Lorg/openqa/selenium/remote/http/ClientConfig;)V+8
j  org.openqa.selenium.firefox.FirefoxDriver.<init>(Lorg/openqa/selenium/firefox/FirefoxDriverService;Lorg/openqa/selenium/firefox/FirefoxOptions;)V+6
j  org.openqa.selenium.firefox.FirefoxDriver.<init>(Lorg/openqa/selenium/firefox/FirefoxOptions;)V+5
j  org.openqa.selenium.firefox.FirefoxDriver.<init>()V+8
j  Helper.DriverCommon.startDriverFirefox()V+4
j  RUN_ALL.LADP_POM_TMONS.LADP_FireTmons()V+4
j  java.lang.invoke.LambdaForm$DMH+0x00000159550c0800.invokeVirtual(Ljava/lang/Object;Ljava/lang/Object;)V+10 java.base@20.0.2
j  java.lang.invoke.LambdaForm$MH+0x00000159550c1000.invoke(Ljava/lang/Object;Ljava/lang/Object;)Ljava/lang/Object;+31 java.base@20.0.2
j  java.lang.invoke.Invokers$Holder.invokeExact_MT(Ljava/lang/Object;Ljava/lang/Object;Ljava/lang/Object;)Ljava/lang/Object;+19 java.base@20.0.2
j  jdk.internal.reflect.DirectMethodHandleAccessor.invokeImpl(Ljava/lang/Object;[Ljava/lang/Object;)Ljava/lang/Object;+41 java.base@20.0.2
j  jdk.internal.reflect.DirectMethodHandleAccessor.invoke(Ljava/lang/Object;[Ljava/lang/Object;)Ljava/lang/Object;+23 java.base@20.0.2
j  java.lang.reflect.Method.invoke(Ljava/lang/Object;[Ljava/lang/Object;)Ljava/lang/Object;+102 java.base@20.0.2
j  org.testng.internal.invokers.MethodInvocationHelper.invokeMethod(Ljava/lang/reflect/Method;Ljava/lang/Object;[Ljava/lang/Object;)Ljava/lang/Object;+198
j  org.testng.internal.invokers.TestInvoker.invokeMethod(Lorg/testng/internal/invokers/TestMethodArguments;Lorg/testng/xml/XmlSuite;Lorg/testng/internal/invokers/ITestInvoker$FailureContext;)Lorg/testng/ITestResult;+1034
j  org.testng.internal.invokers.TestInvoker.invokeTestMethod(Lorg/testng/internal/invokers/TestMethodArguments;Lorg/testng/xml/XmlSuite;Lorg/testng/internal/invokers/ITestInvoker$FailureContext;)Lorg/testng/ITestResult;+16
j  org.testng.internal.invokers.MethodRunner.runInSequence(Lorg/testng/internal/invokers/TestMethodArguments;Lorg/testng/internal/invokers/ITestInvoker;Lorg/testng/ITestContext;Ljava/util/concurrent/atomic/AtomicInteger;Lorg/testng/internal/invokers/ITestInvoker$FailureContext;Ljava/util/Iterator;Z)Ljava/util/List;+127
j  org.testng.internal.invokers.TestInvoker$MethodInvocationAgent.invoke(I)I+384
j  org.testng.internal.invokers.TestInvoker.invokeTestMethods(Lorg/testng/ITestNGMethod;Lorg/testng/internal/ConfigurationGroupMethods;Ljava/lang/Object;Lorg/testng/ITestContext;)Ljava/util/List;+569
j  org.testng.internal.invokers.TestMethodWorker.invokeTestMethods(Lorg/testng/ITestNGMethod;Ljava/lang/Object;)V+14
j  org.testng.internal.invokers.TestMethodWorker.run()V+127
j  org.testng.TestRunner$$Lambda$210+0x00000159551563c8.accept(Ljava/lang/Object;)V+7
j  java.util.ArrayList.forEach(Ljava/util/function/Consumer;)V+46 java.base@20.0.2
j  org.testng.TestRunner.privateRun(Lorg/testng/xml/XmlTest;)V+412
j  org.testng.TestRunner.run()V+25
j  org.testng.SuiteRunner.runTest(Lorg/testng/TestRunner;)V+21
j  org.testng.SuiteRunner.runSequentially()V+31
j  org.testng.SuiteRunner.privateRun()V+340
j  org.testng.SuiteRunner.run()V+6
j  org.testng.SuiteRunnerWorker.runSuite(Lorg/testng/internal/invokers/SuiteRunnerMap;Lorg/testng/xml/XmlSuite;)V+56
j  org.testng.SuiteRunnerWorker.run()V+12
j  org.testng.TestNG.runSuitesSequentially(Lorg/testng/xml/XmlSuite;Lorg/testng/internal/invokers/SuiteRunnerMap;ILjava/lang/String;)V+66
j  org.testng.TestNG.runSuitesLocally()Ljava/util/List;+156
j  org.testng.TestNG.runSuites()Ljava/util/List;+1
j  org.testng.TestNG.run()V+25
j  com.intellij.rt.testng.IDEARemoteTestNG.run()V+270
j  com.intellij.rt.testng.RemoteTestNGStarter.main([Ljava/lang/String;)V+548
v  ~StubRoutines::call_stub 0x0000015943fd100d

Compiled method (n/a)   20157 1016     n 0       java.lang.ClassLoader::defineClass1 (native)
 total in heap  [0x00000159445cfe10,0x00000159445d0440] = 1584
 relocation     [0x00000159445cff58,0x00000159445cff90] = 56
 main code      [0x00000159445cffa0,0x00000159445d043e] = 1182
 stub code      [0x00000159445d043e,0x00000159445d0440] = 2

[Constant Pool (empty)]

[MachCode]
[Entry Point]
  # {method} {0x0000015954438da8} 'defineClass1' '(Ljava/lang/ClassLoader;Ljava/lang/String;[BIILjava/security/ProtectionDomain;Ljava/lang/String;)Ljava/lang/Class;' in 'java/lang/ClassLoader'
  # parm0:    rdx:rdx   = 'java/lang/ClassLoader'
  # parm1:    r8:r8     = 'java/lang/String'
  # parm2:    r9:r9     = '[B'
  # parm3:    rdi       = int
  # parm4:    rsi       = int
  # parm5:    rcx:rcx   = 'java/security/ProtectionDomain'
  # parm6:    [sp+0xa0]   = 'java/lang/String'  (sp of caller)
  0x00000159445cffa0: 448b 5208 | 49bb 0000 | 0054 5901 | 0000 4d03 | d349 3bc2 | 0f84 0600 

  0x00000159445cffb8: ;   {runtime_call ic_miss_stub}
  0x00000159445cffb8: 0000 e941 | 3ea6 ff90 
[Verified Entry Point]
  0x00000159445cffc0: 8984 2400 | 80ff ff55 | 488b ec48 | 81ec 9000 | 0000 6690 | 4181 7f20 | 0300 0000 

  0x00000159445cffdc: ;   {runtime_call StubRoutines (2)}
  0x00000159445cffdc: 7405 e89d | 9ca4 ff48 | 837d 1000 | 488d 4510 | 480f 4445 | 1048 8944 | 2440 4889 | 4c24 7048 
  0x00000159445cfffc: 83f9 0048 | 8d44 2470 | 480f 4444 | 2470 4889 | 4424 3848 | 8974 2430 | 4889 7c24 | 284c 894c 
  0x00000159445d001c: 2458 4983 | f900 488d | 4424 5848 | 0f44 4424 | 5848 8944 | 2420 4c89 | 4424 5049 | 83f8 004c 
  0x00000159445d003c: 8d4c 2450 | 4c0f 444c | 2450 4889 | 5424 4848 | 83fa 004c | 8d44 2448 | 4c0f 4444 

  0x00000159445d0058: ;   {oop(a 'java/lang/Class'{0x0000000700255a58} = 'java/lang/ClassLoader')}
  0x00000159445d0058: 2448 49be | 585a 2500 | 0700 0000 | 4c89 7424 | 784c 8d74 | 2478 498b | d6c5 f877 

  0x00000159445d0074: ;   {internal_word}
  0x00000159445d0074: 49ba 7100 | 5d44 5901 | 0000 4d89 | 97c8 0200 | 0049 89a7 | c002 0000 

  0x00000159445d008c: ;   {external_word}
  0x00000159445d008c: 49ba 5d1a | 4a8a fc7f | 0000 4180 | 3a00 0f84 | 4e00 0000 | 5241 5041 

  0x00000159445d00a4: ;   {metadata({method} {0x0000015954438da8} 'defineClass1' '(Ljava/lang/ClassLoader;Ljava/lang/String;[BIILjava/security/ProtectionDomain;Ljava/lang/String;)Ljava/lang/Class;' in 'java/lang/ClassLoader')}
  0x00000159445d00a4: 5148 baa0 | 8d43 5459 | 0100 0049 | 8bcf 4883 | ec20 40f6 | c40f 0f84 | 1900 0000 | 4883 ec08 
  0x00000159445d00c4: ;   {runtime_call}
  0x00000159445d00c4: 48b8 f011 | 018a fc7f | 0000 ffd0 | 4883 c408 | e90c 0000 

  0x00000159445d00d8: ;   {runtime_call}
  0x00000159445d00d8: 0048 b8f0 | 1101 8afc | 7f00 00ff | d048 83c4 | 2041 5941 | 585a 498d | 8fe0 0200 | 0041 c787 
  0x00000159445d00f8: 7403 0000 | 0400 0000 

  0x00000159445d0100: ;   {runtime_call}
  0x00000159445d0100: 48b8 ac16 | e78b fc7f | 0000 ffd0 | c5f8 7741 | c787 7403 | 0000 0500 | 0000 f083 | 4424 c000 
  0x00000159445d0120: 493b af78 | 0300 000f | 870e 0000 | 0041 83bf | 7003 0000 | 000f 842b | 0000 00c5 | f877 4889 
  0x00000159445d0140: 45f8 498b | cf4c 8be4 | 4883 ec20 | 4883 e4f0 

  0x00000159445d0150: ;   {runtime_call}
  0x00000159445d0150: 48b8 a001 | ce89 fc7f | 0000 ffd0 | 498b e44d | 33e4 488b | 45f8 41c7 | 8774 0300 | 0008 0000 
  0x00000159445d0170: 0041 83bf | f003 0000 | 020f 8492 

  0x00000159445d017c: ;   {external_word}
  0x00000159445d017c: 0200 0049 | ba5d 1a4a | 8afc 7f00 | 0041 803a | 000f 844c | 0000 0048 

  0x00000159445d0194: ;   {metadata({method} {0x0000015954438da8} 'defineClass1' '(Ljava/lang/ClassLoader;Ljava/lang/String;[BIILjava/security/ProtectionDomain;Ljava/lang/String;)Ljava/lang/Class;' in 'java/lang/ClassLoader')}
  0x00000159445d0194: 8945 f848 | baa0 8d43 | 5459 0100 | 0049 8bcf | 4883 ec20 | 40f6 c40f | 0f84 1900 | 0000 4883 
  0x00000159445d01b4: ;   {runtime_call}
  0x00000159445d01b4: ec08 48b8 | f011 018a | fc7f 0000 | ffd0 4883 | c408 e90c 

  0x00000159445d01c8: ;   {runtime_call}
  0x00000159445d01c8: 0000 0048 | b8f0 1101 | 8afc 7f00 | 00ff d048 | 83c4 2048 | 8b45 f849 | c787 c002 | 0000 0000 
  0x00000159445d01e8: 0000 49c7 | 87c8 0200 | 0000 0000 | 00c5 f877 | 4885 c00f | 84ed 0100 | 00a8 010f | 84e2 0100 
  0x00000159445d0208: 0048 8b40 | ff41 807f | 4000 0f84 | ce01 0000 | 4883 f800 | 0f84 c401 | 0000 498b | 4f28 4883 
  0x00000159445d0228: f900 0f84 | 1400 0000 | 4883 e908 | 4989 4f28 | 4903 4f38 | 4889 01e9 | a201 0000 | 4881 ecd0 
  0x00000159445d0248: 0000 0048 | 8904 2448 | 894c 2408 | 4889 5424 | 1048 8974 | 2418 4889 | 7c24 204c | 8944 2428 
  0x00000159445d0268: 4c89 4c24 | 304c 8954 | 2438 4c89 | 5c24 40c5 | fb11 4424 | 50c5 fb11 | 4c24 58c5 | fb11 5424 
  0x00000159445d0288: 60c5 fb11 | 5c24 68c5 | fb11 6424 | 70c5 fb11 | 6c24 78c5 | fb11 b424 | 8000 0000 | c5fb 11bc 
  0x00000159445d02a8: 2488 0000 | 00c5 7b11 | 8424 9000 | 0000 c57b | 118c 2498 | 0000 00c5 | 7b11 9424 | a000 0000 
  0x00000159445d02c8: c57b 119c | 24a8 0000 | 00c5 7b11 | a424 b000 | 0000 c57b | 11ac 24b8 | 0000 00c5 | 7b11 b424 
  0x00000159445d02e8: c000 0000 | c57b 11bc | 24c8 0000 | 0049 8bd7 | 488b c848 | 83ec 2040 | f6c4 0f0f | 8419 0000 
  0x00000159445d0308: 0048 83ec 

  0x00000159445d030c: ;   {runtime_call}
  0x00000159445d030c: 0848 b860 | 40c1 89fc | 7f00 00ff | d048 83c4 | 08e9 0c00 

  0x00000159445d0320: ;   {runtime_call}
  0x00000159445d0320: 0000 48b8 | 6040 c189 | fc7f 0000 | ffd0 4883 | c420 c57b | 10bc 24c8 | 0000 00c5 | 7b10 b424 
  0x00000159445d0340: c000 0000 | c57b 10ac | 24b8 0000 | 00c5 7b10 | a424 b000 | 0000 c57b | 109c 24a8 | 0000 00c5 
  0x00000159445d0360: 7b10 9424 | a000 0000 | c57b 108c | 2498 0000 | 00c5 7b10 | 8424 9000 | 0000 c5fb | 10bc 2488 
  0x00000159445d0380: 0000 00c5 | fb10 b424 | 8000 0000 | c5fb 106c | 2478 c5fb | 1064 2470 | c5fb 105c | 2468 c5fb 
  0x00000159445d03a0: 1054 2460 | c5fb 104c | 2458 c5fb | 1044 2450 | 4c8b 5c24 | 404c 8b54 | 2438 4c8b | 4c24 304c 
  0x00000159445d03c0: 8b44 2428 | 488b 7c24 | 2048 8b74 | 2418 488b | 5424 1048 | 8b4c 2408 | 488b 0424 | 4881 c4d0 
  0x00000159445d03e0: 0000 00c5 | f877 e903 | 0000 0048 | 8b00 498b | 8f50 0300 | 00c7 8100 | 0100 0000 | 0000 00c9 
  0x00000159445d0400: 4983 7f08 | 000f 8501 | 0000 00c3 

  0x00000159445d040c: ;   {runtime_call StubRoutines (1)}
  0x00000159445d040c: e9ef 0aa0 | ffc5 f877 | 4889 45f8 | 4c8b e448 | 83ec 2048 

  0x00000159445d0420: ;   {runtime_call}
  0x00000159445d0420: 83e4 f048 | b830 4601 | 8afc 7f00 | 00ff d049 | 8be4 4d33 | e448 8b45 | f8e9 41fd | ffff f4f4 
[/MachCode]


Compiled method (c1)   20336 1172       3       java.lang.ClassLoader::defineClass (43 bytes)
 total in heap  [0x000001593cca0c10,0x000001593cca1540] = 2352
 relocation     [0x000001593cca0d58,0x000001593cca0df0] = 152
 main code      [0x000001593cca0e00,0x000001593cca1298] = 1176
 stub code      [0x000001593cca1298,0x000001593cca1310] = 120
 metadata       [0x000001593cca1310,0x000001593cca1340] = 48
 scopes data    [0x000001593cca1340,0x000001593cca1430] = 240
 scopes pcs     [0x000001593cca1430,0x000001593cca1510] = 224
 dependencies   [0x000001593cca1510,0x000001593cca1518] = 8
 nul chk table  [0x000001593cca1518,0x000001593cca1540] = 40

[Constant Pool (empty)]

[MachCode]
[Entry Point]
  # {method} {0x00000159544390d0} 'defineClass' '(Ljava/lang/String;[BIILjava/security/ProtectionDomain;)Ljava/lang/Class;' in 'java/lang/ClassLoader'
  # this:     rdx:rdx   = 'java/lang/ClassLoader'
  # parm0:    r8:r8     = 'java/lang/String'
  # parm1:    r9:r9     = '[B'
  # parm2:    rdi       = int
  # parm3:    rsi       = int
  # parm4:    rcx:rcx   = 'java/security/ProtectionDomain'
  #           [sp+0xc0]  (sp of caller)
  0x000001593cca0e00: 448b 5208 | 49bb 0000 | 0054 5901 | 0000 4d03 | d34c 3bd0 

  0x000001593cca0e14: ;   {runtime_call ic_miss_stub}
  0x000001593cca0e14: 0f85 e62f | 3907 660f | 1f44 0000 
[Verified Entry Point]
  0x000001593cca0e20: 8984 2400 | 80ff ff55 | 4881 ecb0 | 0000 0090 | 4181 7f20 | 0300 0000 

  0x000001593cca0e38: ;   {runtime_call StubRoutines (2)}
  0x000001593cca0e38: 7405 e841 | 8e37 0748 | 8954 2478 

  0x000001593cca0e44: ;   {metadata(method data for {method} {0x00000159544390d0} 'defineClass' '(Ljava/lang/String;[BIILjava/security/ProtectionDomain;)Ljava/lang/Class;' in 'java/lang/ClassLoader')}
  0x000001593cca0e44: 48bb c034 | 7a95 5901 | 0000 8b83 | cc00 0000 | 83c0 0289 | 83cc 0000 | 0025 fe07 | 0000 83f8 
  0x000001593cca0e64: 000f 844f | 0300 0089 | b424 9400 | 0000 89bc | 2490 0000 | 004c 898c | 2488 0000 | 0048 8bda 
  0x000001593cca0e84: ;   {metadata(method data for {method} {0x00000159544390d0} 'defineClass' '(Ljava/lang/String;[BIILjava/security/ProtectionDomain;)Ljava/lang/Class;' in 'java/lang/ClassLoader')}
  0x000001593cca0e84: 48b8 c034 | 7a95 5901 | 0000 4883 | 8010 0100 | 0001 498b | d84c 8bc3 | 4c8b c948 | 8bca 488b 
  0x000001593cca0ea4: d148 899c | 2480 0000 

  0x000001593cca0eac: ;   {optimized virtual_call}
  0x000001593cca0eac: 0066 90e8 

  0x000001593cca0eb0: ; ImmutableOopMap {[120]=Oop [128]=Oop [136]=Oop }
                      ;*invokevirtual preDefineClass {reexecute=0 rethrow=0 return_oop=0}
                      ; - java.lang.ClassLoader::defineClass@4 (line 1011)
  0x000001593cca0eb0: 2cb2 feff | 4889 8424 | 9800 0000 | 488b 5424 

  0x000001593cca0ec0: ;   {metadata(method data for {method} {0x00000159544390d0} 'defineClass' '(Ljava/lang/String;[BIILjava/security/ProtectionDomain;)Ljava/lang/Class;' in 'java/lang/ClassLoader')}
  0x000001593cca0ec0: 7849 b8c0 | 347a 9559 | 0100 0049 | 8380 4801 

  0x000001593cca0ed0: ;   {metadata(method data for {method} {0x0000015954438e10} 'defineClassSourceLocation' '(Ljava/security/ProtectionDomain;)Ljava/lang/String;' in 'java/lang/ClassLoader')}
  0x000001593cca0ed0: 0000 0149 | b850 277a | 9559 0100 | 0041 8b90 | cc00 0000 | 83c2 0241 | 8990 cc00 | 0000 81e2 
  0x000001593cca0ef0: feff 1f00 | 83fa 000f | 84de 0200 | 0048 3b00 

  0x000001593cca0f00: ;   {metadata(method data for {method} {0x0000015954438e10} 'defineClassSourceLocation' '(Ljava/security/ProtectionDomain;)Ljava/lang/String;' in 'java/lang/ClassLoader')}
  0x000001593cca0f00: 4c8b c048 | ba50 277a | 9559 0100 | 0048 8382 | 1001 0000 | 0144 8b40 | 1049 c1e0 | 0349 83f8 
  0x000001593cca0f20: ;   {metadata(method data for {method} {0x0000015954438e10} 'defineClassSourceLocation' '(Ljava/security/ProtectionDomain;)Ljava/lang/String;' in 'java/lang/ClassLoader')}
  0x000001593cca0f20: 0048 ba50 | 277a 9559 | 0100 0048 | be58 0100 | 0000 0000 | 000f 850a | 0000 0048 | be48 0100 
  0x000001593cca0f40: 0000 0000 | 0048 8b3c | 3248 8d7f | 0148 893c | 320f 850f 

  0x000001593cca0f54: ;   {oop(NULL)}
  0x000001593cca0f54: 0000 0048 | bb00 0000 | 0000 0000 | 00e9 a901 | 0000 493b | 0049 8bd0 

  0x000001593cca0f6c: ;   {metadata(method data for {method} {0x0000015954438e10} 'defineClassSourceLocation' '(Ljava/security/ProtectionDomain;)Ljava/lang/String;' in 'java/lang/ClassLoader')}
  0x000001593cca0f6c: 48be 5027 | 7a95 5901 | 0000 4883 | 8668 0100 | 0001 418b | 500c 48c1 | e203 4883 

  0x000001593cca0f88: ;   {metadata(method data for {method} {0x0000015954438e10} 'defineClassSourceLocation' '(Ljava/security/ProtectionDomain;)Ljava/lang/String;' in 'java/lang/ClassLoader')}
  0x000001593cca0f88: fa00 48be | 5027 7a95 | 5901 0000 | 48bf b001 | 0000 0000 | 0000 0f85 | 0a00 0000 | 48bf a001 
  0x000001593cca0fa8: 0000 0000 | 0000 488b | 1c3e 488d | 5b01 4889 | 1c3e 0f85 | 0f00 0000 

  0x000001593cca0fc0: ;   {oop(NULL)}
  0x000001593cca0fc0: 48bb 0000 | 0000 0000 | 0000 e940 

  0x000001593cca0fcc: ;   {metadata(method data for {method} {0x0000015954438e10} 'defineClassSourceLocation' '(Ljava/security/ProtectionDomain;)Ljava/lang/String;' in 'java/lang/ClassLoader')}
  0x000001593cca0fcc: 0100 0048 | be50 277a | 9559 0100 | 0048 8386 | c001 0000 | 0148 3b02 

  0x000001593cca0fe4: ;   {metadata(method data for {method} {0x0000015954438e10} 'defineClassSourceLocation' '(Ljava/security/ProtectionDomain;)Ljava/lang/String;' in 'java/lang/ClassLoader')}
  0x000001593cca0fe4: 4c8b c248 | be50 277a | 9559 0100 | 0048 8386 | f801 0000 

  0x000001593cca0ff8: ;   {metadata(method data for {method} {0x000001595401b3e0} 'toString' '()Ljava/lang/String;' in 'java/net/URL')}
  0x000001593cca0ff8: 0149 b8c0 | 1859 9559 | 0100 0041 | 8bb0 cc00 | 0000 83c6 | 0241 89b0 | cc00 0000 | 81e6 feff 
  0x000001593cca1018: 1f00 83fe | 000f 84e8 | 0100 004c 

  0x000001593cca1024: ;   {metadata(method data for {method} {0x000001595401b3e0} 'toString' '()Ljava/lang/String;' in 'java/net/URL')}
  0x000001593cca1024: 8bc2 48be | c018 5995 | 5901 0000 | 4883 8610 | 0100 0001 

  0x000001593cca1038: ;   {metadata(method data for {method} {0x000001595442c908} 'toExternalForm' '()Ljava/lang/String;' in 'java/net/URL')}
  0x000001593cca1038: 49b8 481a | 5995 5901 | 0000 418b | b0cc 0000 | 0083 c602 | 4189 b0cc | 0000 0081 | e6fe ff1f 
  0x000001593cca1058: 0083 fe00 | 0f84 ca01 | 0000 8b72 | 3848 c1e6 | 0348 3b06 

  0x000001593cca106c: ;   {metadata(method data for {method} {0x000001595442c908} 'toExternalForm' '()Ljava/lang/String;' in 'java/net/URL')}
  0x000001593cca106c: 4c8b c648 | bf48 1a59 | 9559 0100 | 0045 8b40 | 0849 ba00 | 0000 5459 | 0100 004d | 03c2 4c3b 
  0x000001593cca108c: 8720 0100 | 0075 0d48 | 8387 2801 | 0000 01e9 | 6000 0000 | 4c3b 8730 | 0100 0075 | 0d48 8387 
  0x000001593cca10ac: 3801 0000 | 01e9 4a00 | 0000 4883 | bf20 0100 | 0000 7517 | 4c89 8720 | 0100 0048 | c787 2801 
  0x000001593cca10cc: 0000 0100 | 0000 e929 | 0000 0048 | 83bf 3001 | 0000 0075 | 174c 8987 | 3001 0000 | 48c7 8738 
  0x000001593cca10ec: 0100 0001 | 0000 00e9 | 0800 0000 | 4883 8710 | 0100 0001 | 4c8b c248 

  0x000001593cca1104: ;   {optimized virtual_call}
  0x000001593cca1104: 8bd6 90e8 

  0x000001593cca1108: ; ImmutableOopMap {[120]=Oop [128]=Oop [136]=Oop [152]=Oop }
                      ;*invokevirtual toExternalForm {reexecute=0 rethrow=0 return_oop=0}
                      ; - java.net.URL::toExternalForm@5 (line 1195)
                      ; - java.net.URL::toString@1 (line 1181)
                      ; - java.lang.ClassLoader::defineClassSourceLocation@22 (line 913)
                      ; - java.lang.ClassLoader::defineClass@12 (line 1012)
  0x000001593cca1108: 54ec efff | 488b d848 | 8b84 2498 | 0000 008b | b424 9400 | 0000 8bbc | 2490 0000 | 004c 8b8c 
  0x000001593cca1128: 2488 0000 | 004c 8b84 | 2480 0000 | 0048 8b54 

  0x000001593cca1138: ;   {metadata(method data for {method} {0x00000159544390d0} 'defineClass' '(Ljava/lang/String;[BIILjava/security/ProtectionDomain;)Ljava/lang/Class;' in 'java/lang/ClassLoader')}
  0x000001593cca1138: 2478 48b9 | c034 7a95 | 5901 0000 | 4883 8180 | 0100 0001 | 4c8b da49 | 8bd3 488b | c848 891c 
  0x000001593cca1158: 2466 0f1f 

  0x000001593cca115c: ;   {static_call}
  0x000001593cca115c: 4400 00e8 

  0x000001593cca1160: ; ImmutableOopMap {[120]=Oop [152]=Oop }
                      ;*invokestatic defineClass1 {reexecute=0 rethrow=0 return_oop=0}
                      ; - java.lang.ClassLoader::defineClass@27 (line 1013)
  0x000001593cca1160: 5cee 9207 | 488b 5424 

  0x000001593cca1168: ;   {metadata(method data for {method} {0x00000159544390d0} 'defineClass' '(Ljava/lang/String;[BIILjava/security/ProtectionDomain;)Ljava/lang/Class;' in 'java/lang/ClassLoader')}
  0x000001593cca1168: 7849 b8c0 | 347a 9559 | 0100 0049 | 8380 9001 | 0000 014c | 8bc0 4c8b | 8c24 9800 | 0000 488b 
  0x000001593cca1188: 5424 7848 | 8984 24a0 | 0000 000f 

  0x000001593cca1194: ;   {optimized virtual_call}
  0x000001593cca1194: 1f40 00e8 

  0x000001593cca1198: ; ImmutableOopMap {[160]=Oop }
                      ;*invokevirtual postDefineClass {reexecute=0 rethrow=0 return_oop=0}
                      ; - java.lang.ClassLoader::defineClass@37 (line 1014)
  0x000001593cca1198: e4ad ffff | 488b 8424 | a000 0000 | 4881 c4b0 | 0000 005d 

  0x000001593cca11ac: ;   {poll_return}
  0x000001593cca11ac: 493b a778 | 0300 000f | 8799 0000 

  0x000001593cca11b8: ;   {metadata({method} {0x00000159544390d0} 'defineClass' '(Ljava/lang/String;[BIILjava/security/ProtectionDomain;)Ljava/lang/Class;' in 'java/lang/ClassLoader')}
  0x000001593cca11b8: 00c3 49ba | c890 4354 | 5901 0000 | 4c89 5424 | 0848 c704 | 24ff ffff 

  0x000001593cca11d0: ;   {runtime_call counter_overflow Runtime1 stub}
  0x000001593cca11d0: ffe8 2a96 

  0x000001593cca11d4: ; ImmutableOopMap {rdx=Oop r8=Oop r9=Oop rcx=Oop [120]=Oop }
                      ;*synchronization entry
                      ; - java.lang.ClassLoader::defineClass@-1 (line 1011)
  0x000001593cca11d4: 4507 e990 

  0x000001593cca11d8: ;   {metadata({method} {0x0000015954438e10} 'defineClassSourceLocation' '(Ljava/security/ProtectionDomain;)Ljava/lang/String;' in 'java/lang/ClassLoader')}
  0x000001593cca11d8: fcff ff49 | ba08 8e43 | 5459 0100 | 004c 8954 | 2408 48c7 | 0424 ffff 

  0x000001593cca11f0: ;   {runtime_call counter_overflow Runtime1 stub}
  0x000001593cca11f0: ffff e809 

  0x000001593cca11f4: ; ImmutableOopMap {rax=Oop [120]=Oop [128]=Oop [136]=Oop [152]=Oop }
                      ;*synchronization entry
                      ; - java.lang.ClassLoader::defineClassSourceLocation@-1 (line 910)
                      ; - java.lang.ClassLoader::defineClass@12 (line 1012)
  0x000001593cca11f4: 9645 07e9 | 01fd ffff 

  0x000001593cca11fc: ;   {runtime_call throw_null_pointer_exception Runtime1 stub}
  0x000001593cca11fc: e87f 3145 

  0x000001593cca1200: ; ImmutableOopMap {rax=Oop [120]=Oop [128]=Oop [136]=Oop [152]=Oop }
                      ;*invokevirtual getCodeSource {reexecute=0 rethrow=0 return_oop=0}
                      ; - java.lang.ClassLoader::defineClassSourceLocation@1 (line 910)
                      ; - java.lang.ClassLoader::defineClass@12 (line 1012)
                      ;   {runtime_call throw_null_pointer_exception Runtime1 stub}
  0x000001593cca1200: 07e8 7a31 

  0x000001593cca1204: ; ImmutableOopMap {rax=Oop r8=Oop [120]=Oop [128]=Oop [136]=Oop [152]=Oop }
                      ;*invokevirtual getLocation {reexecute=0 rethrow=0 return_oop=0}
                      ; - java.lang.ClassLoader::defineClassSourceLocation@12 (line 912)
                      ; - java.lang.ClassLoader::defineClass@12 (line 1012)
                      ;   {runtime_call throw_null_pointer_exception Runtime1 stub}
  0x000001593cca1204: 4507 e875 

  0x000001593cca1208: ; ImmutableOopMap {rdx=Oop [120]=Oop [128]=Oop [136]=Oop [152]=Oop }
                      ;*invokevirtual toString {reexecute=0 rethrow=0 return_oop=0}
                      ; - java.lang.ClassLoader::defineClassSourceLocation@22 (line 913)
                      ; - java.lang.ClassLoader::defineClass@12 (line 1012)
                      ;   {metadata({method} {0x000001595401b3e0} 'toString' '()Ljava/lang/String;' in 'java/net/URL')}
  0x000001593cca1208: 3145 0749 | bad8 b301 | 5459 0100 | 004c 8954 | 2408 48c7 | 0424 ffff 

  0x000001593cca1220: ;   {runtime_call counter_overflow Runtime1 stub}
  0x000001593cca1220: ffff e8d9 

  0x000001593cca1224: ; ImmutableOopMap {rdx=Oop [120]=Oop [128]=Oop [136]=Oop [152]=Oop }
                      ;*synchronization entry
                      ; - java.net.URL::toString@-1 (line 1181)
                      ; - java.lang.ClassLoader::defineClassSourceLocation@22 (line 913)
                      ; - java.lang.ClassLoader::defineClass@12 (line 1012)
  0x000001593cca1224: 9545 07e9 | f7fd ffff 

  0x000001593cca122c: ;   {metadata({method} {0x000001595442c908} 'toExternalForm' '()Ljava/lang/String;' in 'java/net/URL')}
  0x000001593cca122c: 49ba 00c9 | 4254 5901 | 0000 4c89 | 5424 0848 | c704 24ff 

  0x000001593cca1240: ;   {runtime_call counter_overflow Runtime1 stub}
  0x000001593cca1240: ffff ffe8 

  0x000001593cca1244: ; ImmutableOopMap {rdx=Oop [120]=Oop [128]=Oop [136]=Oop [152]=Oop }
                      ;*synchronization entry
                      ; - java.net.URL::toExternalForm@-1 (line 1195)
                      ; - java.net.URL::toString@1 (line 1181)
                      ; - java.lang.ClassLoader::defineClassSourceLocation@22 (line 913)
                      ; - java.lang.ClassLoader::defineClass@12 (line 1012)
  0x000001593cca1244: b895 4507 | e915 feff 

  0x000001593cca124c: ;   {runtime_call throw_null_pointer_exception Runtime1 stub}
  0x000001593cca124c: ffe8 2e31 

  0x000001593cca1250: ; ImmutableOopMap {rdx=Oop rsi=Oop [120]=Oop [128]=Oop [136]=Oop [152]=Oop }
                      ;*invokevirtual toExternalForm {reexecute=0 rethrow=0 return_oop=0}
                      ; - java.net.URL::toExternalForm@5 (line 1195)
                      ; - java.net.URL::toString@1 (line 1181)
                      ; - java.lang.ClassLoader::defineClassSourceLocation@22 (line 913)
                      ; - java.lang.ClassLoader::defineClass@12 (line 1012)
                      ;   {internal_word}
  0x000001593cca1250: 4507 49ba | ac11 ca3c | 5901 0000 | 4d89 9790 

  0x000001593cca1260: ;   {runtime_call SafepointBlob}
  0x000001593cca1260: 0300 00e9 | 189b 3907 | 498b 8728 | 0400 0049 | c787 2804 | 0000 0000 | 0000 49c7 | 8730 0400 
  0x000001593cca1280: 0000 0000 | 0048 81c4 | b000 0000 

  0x000001593cca128c: ;   {runtime_call unwind_exception Runtime1 stub}
  0x000001593cca128c: 5de9 6e51 | 3c07 f4f4 | f4f4 f4f4 
[Stub Code]
  0x000001593cca1298: ;   {no_reloc}
  0x000001593cca1298: 0f1f 4400 

  0x000001593cca129c: ;   {static_stub}
  0x000001593cca129c: 0048 bb00 | 0000 0000 

  0x000001593cca12a4: ;   {runtime_call}
  0x000001593cca12a4: 0000 00e9 | fbff ffff 
[Exception Handler]
  0x000001593cca12ac: ;   {runtime_call handle_exception_from_callee Runtime1 stub}
  0x000001593cca12ac: e8cf 4e45 

  0x000001593cca12b0: ;   {external_word}
  0x000001593cca12b0: 0748 b9b0 | 3324 8afc | 7f00 0048 

  0x000001593cca12bc: ;   {runtime_call}
  0x000001593cca12bc: 83e4 f048 | b860 1df0 | 89fc 7f00 | 00ff d0f4 
[Deopt Handler Code]
  0x000001593cca12cc: ;   {section_word}
  0x000001593cca12cc: 49ba cc12 | ca3c 5901 | 0000 4152 

  0x000001593cca12d8: ;   {runtime_call DeoptimizationBlob}
  0x000001593cca12d8: e943 8d39 

  0x000001593cca12dc: ;   {static_stub}
  0x000001593cca12dc: 0748 bb00 | 0000 0000 

  0x000001593cca12e4: ;   {runtime_call}
  0x000001593cca12e4: 0000 00e9 | fbff ffff 

  0x000001593cca12ec: ;   {static_stub}
  0x000001593cca12ec: 48bb 0000 | 0000 0000 

  0x000001593cca12f4: ;   {runtime_call}
  0x000001593cca12f4: 0000 e9fb 

  0x000001593cca12f8: ;   {static_stub}
  0x000001593cca12f8: ffff ff48 | bb00 0000 | 0000 0000 

  0x000001593cca1304: ;   {runtime_call}
  0x000001593cca1304: 00e9 fbff | ffff f4f4 | f4f4 f4f4 
[/MachCode]


Compiled method (c1)   20636 1171       3       java.security.SecureClassLoader::defineClass (16 bytes)
 total in heap  [0x000001593cc9ed90,0x000001593cc9f160] = 976
 relocation     [0x000001593cc9eed8,0x000001593cc9ef20] = 72
 main code      [0x000001593cc9ef20,0x000001593cc9f068] = 328
 stub code      [0x000001593cc9f068,0x000001593cc9f0b8] = 80
 metadata       [0x000001593cc9f0b8,0x000001593cc9f0c0] = 8
 scopes data    [0x000001593cc9f0c0,0x000001593cc9f108] = 72
 scopes pcs     [0x000001593cc9f108,0x000001593cc9f158] = 80
 dependencies   [0x000001593cc9f158,0x000001593cc9f160] = 8

[Constant Pool (empty)]

[MachCode]
[Entry Point]
  # {method} {0x000001595404dc48} 'defineClass' '(Ljava/lang/String;[BIILjava/security/CodeSource;)Ljava/lang/Class;' in 'java/security/SecureClassLoader'
  # this:     rdx:rdx   = 'java/security/SecureClassLoader'
  # parm0:    r8:r8     = 'java/lang/String'
  # parm1:    r9:r9     = '[B'
  # parm2:    rdi       = int
  # parm3:    rsi       = int
  # parm4:    rcx:rcx   = 'java/security/CodeSource'
  #           [sp+0x80]  (sp of caller)
  0x000001593cc9ef20: 448b 5208 | 49bb 0000 | 0054 5901 | 0000 4d03 | d34c 3bd0 

  0x000001593cc9ef34: ;   {runtime_call ic_miss_stub}
  0x000001593cc9ef34: 0f85 c64e | 3907 660f | 1f44 0000 
[Verified Entry Point]
  0x000001593cc9ef40: 8984 2400 | 80ff ff55 | 4883 ec70 | 4181 7f20 | 0300 0000 

  0x000001593cc9ef54: ;   {runtime_call StubRoutines (2)}
  0x000001593cc9ef54: 7405 e825 

  0x000001593cc9ef58: ;   {metadata(method data for {method} {0x000001595404dc48} 'defineClass' '(Ljava/lang/String;[BIILjava/security/CodeSource;)Ljava/lang/Class;' in 'java/security/SecureClassLoader')}
  0x000001593cc9ef58: ad37 0748 | bb90 9f77 | 9559 0100 | 008b 83cc | 0000 0083 | c002 8983 | cc00 0000 | 25fe 0700 
  0x000001593cc9ef78: 0083 f800 | 0f84 8500 | 0000 8974 | 245c 897c | 2458 4c89 | 4c24 504c | 8944 2448 

  0x000001593cc9ef94: ;   {metadata(method data for {method} {0x000001595404dc48} 'defineClass' '(Ljava/lang/String;[BIILjava/security/CodeSource;)Ljava/lang/Class;' in 'java/security/SecureClassLoader')}
  0x000001593cc9ef94: 488b da48 | b890 9f77 | 9559 0100 | 0048 8380 | 1001 0000 | 014c 8bc1 | 488b c248 | 8bd0 4889 
  0x000001593cc9efb4: ;   {optimized virtual_call}
  0x000001593cc9efb4: 4424 40e8 

  0x000001593cc9efb8: ; ImmutableOopMap {[64]=Oop [72]=Oop [80]=Oop }
                      ;*invokevirtual getProtectionDomain {reexecute=0 rethrow=0 return_oop=0}
                      ; - java.security.SecureClassLoader::defineClass@9 (line 150)
  0x000001593cc9efb8: 64b8 feff | 488b 5424 

  0x000001593cc9efc0: ;   {metadata(method data for {method} {0x000001595404dc48} 'defineClass' '(Ljava/lang/String;[BIILjava/security/CodeSource;)Ljava/lang/Class;' in 'java/security/SecureClassLoader')}
  0x000001593cc9efc0: 4049 b890 | 9f77 9559 | 0100 0049 | 8380 4801 | 0000 014c | 8b44 2448 | 4c8b 4c24 | 508b 7c24 
  0x000001593cc9efe0: 588b 7424 | 5c48 8bc8 | 488b 5424 

  0x000001593cc9efec: ;   {optimized virtual_call}
  0x000001593cc9efec: 4066 90e8 

  0x000001593cc9eff0: ; ImmutableOopMap {}
                      ;*invokevirtual defineClass {reexecute=0 rethrow=0 return_oop=0}
                      ; - java.security.SecureClassLoader::defineClass@12 (line 150)
  0x000001593cc9eff0: 2c1e 0000 | 4883 c470 

  0x000001593cc9eff8: ;   {poll_return}
  0x000001593cc9eff8: 5d49 3ba7 | 7803 0000 | 0f87 2200 

  0x000001593cc9f004: ;   {metadata({method} {0x000001595404dc48} 'defineClass' '(Ljava/lang/String;[BIILjava/security/CodeSource;)Ljava/lang/Class;' in 'java/security/SecureClassLoader')}
  0x000001593cc9f004: 0000 c349 | ba40 dc04 | 5459 0100 | 004c 8954 | 2408 48c7 | 0424 ffff 

  0x000001593cc9f01c: ;   {runtime_call counter_overflow Runtime1 stub}
  0x000001593cc9f01c: ffff e8dd 

  0x000001593cc9f020: ; ImmutableOopMap {rdx=Oop r8=Oop r9=Oop rcx=Oop }
                      ;*synchronization entry
                      ; - java.security.SecureClassLoader::defineClass@-1 (line 150)
  0x000001593cc9f020: b745 07e9 | 5aff ffff 

  0x000001593cc9f028: ;   {internal_word}
  0x000001593cc9f028: 49ba f9ef | c93c 5901 | 0000 4d89 | 9790 0300 

  0x000001593cc9f038: ;   {runtime_call SafepointBlob}
  0x000001593cc9f038: 00e9 42bd | 3907 498b | 8728 0400 | 0049 c787 | 2804 0000 | 0000 0000 | 49c7 8730 | 0400 0000 
  0x000001593cc9f058: 0000 0048 | 83c4 705d 

  0x000001593cc9f060: ;   {runtime_call unwind_exception Runtime1 stub}
  0x000001593cc9f060: e99b 733c | 07f4 f4f4 
[Exception Handler]
  0x000001593cc9f068: ;   {no_reloc}
  0x000001593cc9f068: e813 7145 

  0x000001593cc9f06c: ;   {external_word}
  0x000001593cc9f06c: 0748 b9b0 | 3324 8afc | 7f00 0048 

  0x000001593cc9f078: ;   {runtime_call}
  0x000001593cc9f078: 83e4 f048 | b860 1df0 | 89fc 7f00 | 00ff d0f4 
[Deopt Handler Code]
  0x000001593cc9f088: ;   {section_word}
  0x000001593cc9f088: 49ba 88f0 | c93c 5901 | 0000 4152 

  0x000001593cc9f094: ;   {runtime_call DeoptimizationBlob}
  0x000001593cc9f094: e987 af39 

  0x000001593cc9f098: ;   {static_stub}
  0x000001593cc9f098: 0748 bb00 | 0000 0000 

  0x000001593cc9f0a0: ;   {runtime_call}
  0x000001593cc9f0a0: 0000 00e9 | fbff ffff 

  0x000001593cc9f0a8: ;   {static_stub}
  0x000001593cc9f0a8: 48bb c890 | 4354 5901 

  0x000001593cc9f0b0: ;   {runtime_call I2C/C2I adapters}
  0x000001593cc9f0b0: 0000 e92e | 7838 07f4 
[/MachCode]


---------------  P R O C E S S  ---------------

Threads class SMR info:
_java_thread_list=0x000001599a3bc750, length=20, elements={
0x0000015934a4e830, 0x000001594be73e70, 0x000001594be76e30, 0x000001594be7e430,
0x000001594be7f190, 0x000001594be80830, 0x000001594be81d30, 0x000001594be84b50,
0x000001594be898d0, 0x0000015995080860, 0x00000159952558f0, 0x0000015995259e50,
0x00000159999e0040, 0x000001599a45efb0, 0x000001599a6a2b40, 0x000001599a6a3b30,
0x000001599a6a3090, 0x000001599a6a4b20, 0x000001599a6a5070, 0x000001599a6a4080
}

Java Threads: ( => current thread )
=>0x0000015934a4e830 JavaThread "Forwarding newSession on session null to remote" [_thread_in_vm, id=34712, stack(0x0000000f95a00000,0x0000000f95b00000)]
  0x000001594be73e70 JavaThread "Reference Handler" daemon [_thread_blocked, id=14828, stack(0x0000000f96100000,0x0000000f96200000)]
  0x000001594be76e30 JavaThread "Finalizer" daemon [_thread_blocked, id=30572, stack(0x0000000f96200000,0x0000000f96300000)]
  0x000001594be7e430 JavaThread "Signal Dispatcher" daemon [_thread_blocked, id=33912, stack(0x0000000f96300000,0x0000000f96400000)]
  0x000001594be7f190 JavaThread "Attach Listener" daemon [_thread_blocked, id=34680, stack(0x0000000f96400000,0x0000000f96500000)]
  0x000001594be80830 JavaThread "Service Thread" daemon [_thread_blocked, id=29356, stack(0x0000000f96500000,0x0000000f96600000)]
  0x000001594be81d30 JavaThread "Monitor Deflation Thread" daemon [_thread_blocked, id=34884, stack(0x0000000f96600000,0x0000000f96700000)]
  0x000001594be84b50 JavaThread "C2 CompilerThread0" daemon [_thread_blocked, id=27812, stack(0x0000000f96700000,0x0000000f96800000)]
  0x000001594be898d0 JavaThread "C1 CompilerThread0" daemon [_thread_in_vm, id=27432, stack(0x0000000f96800000,0x0000000f96900000)]
  0x0000015995080860 JavaThread "Common-Cleaner" daemon [_thread_blocked, id=32920, stack(0x0000000f96900000,0x0000000f96a00000)]
  0x00000159952558f0 JavaThread "Monitor Ctrl-Break" daemon [_thread_in_native, id=1828, stack(0x0000000f96a00000,0x0000000f96b00000)]
  0x0000015995259e50 JavaThread "Notification Thread" daemon [_thread_blocked, id=35568, stack(0x0000000f96b00000,0x0000000f96c00000)]
  0x00000159999e0040 JavaThread "ForkJoinPool.commonPool-worker-1" daemon [_thread_blocked, id=16388, stack(0x0000000f96d00000,0x0000000f96e00000)]
  0x000001599a45efb0 JavaThread "AsyncHttpClient-1-1" daemon [_thread_in_vm, id=28216, stack(0x0000000f96e00000,0x0000000f96f00000)]
  0x000001599a6a2b40 JavaThread "Exec Default Executor" daemon [_thread_in_native, id=36528, stack(0x0000000f97600000,0x0000000f97700000)]
  0x000001599a6a3b30 JavaThread "Exec Stream Pumper" daemon [_thread_in_native, id=32684, stack(0x0000000f97700000,0x0000000f97800000)]
  0x000001599a6a3090 JavaThread "Exec Stream Pumper" daemon [_thread_in_native, id=24280, stack(0x0000000f97800000,0x0000000f97900000)]
  0x000001599a6a4b20 JavaThread "Driver Service Executor" daemon [_thread_blocked, id=35140, stack(0x0000000f97900000,0x0000000f97a00000)]
  0x000001599a6a5070 JavaThread "Driver Service Executor" daemon [_thread_blocked, id=34420, stack(0x0000000f97a00000,0x0000000f97b00000)]
  0x000001599a6a4080 JavaThread "AsyncHttpClient-1-2" daemon [_thread_in_native, id=21400, stack(0x0000000f97d00000,0x0000000f97e00000)]

Other Threads:
  0x000001594be5e1c0 VMThread "VM Thread" [stack: 0x0000000f96000000,0x0000000f96100000] [id=36656]
  0x00000159952197d0 WatcherThread "VM Periodic Task Thread" [stack: 0x0000000f96c00000,0x0000000f96d00000] [id=18180]
  0x000001594bd02b30 WorkerThread "GC Thread#0" [stack: 0x0000000f95b00000,0x0000000f95c00000] [id=25112]
  0x0000015999fd07b0 WorkerThread "GC Thread#1" [stack: 0x0000000f96f00000,0x0000000f97000000] [id=17800]
  0x0000015999fd9a20 WorkerThread "GC Thread#2" [stack: 0x0000000f97000000,0x0000000f97100000] [id=27100]
  0x0000015999fdbd00 WorkerThread "GC Thread#3" [stack: 0x0000000f97100000,0x0000000f97200000] [id=29776]
  0x0000015999fbc500 WorkerThread "GC Thread#4" [stack: 0x0000000f97200000,0x0000000f97300000] [id=28952]
  0x0000015999fbcdc0 WorkerThread "GC Thread#5" [stack: 0x0000000f97300000,0x0000000f97400000] [id=16788]
  0x0000015999fbd630 WorkerThread "GC Thread#6" [stack: 0x0000000f97400000,0x0000000f97500000] [id=34596]
  0x0000015999fbd900 WorkerThread "GC Thread#7" [stack: 0x0000000f97500000,0x0000000f97600000] [id=17884]
  0x000001593246dfe0 ConcurrentGCThread "G1 Main Marker" [stack: 0x0000000f95c00000,0x0000000f95d00000] [id=27504]
  0x0000015934a88af0 WorkerThread "G1 Conc#0" [stack: 0x0000000f95d00000,0x0000000f95e00000] [id=28636]
  0x0000015999fbcaf0 WorkerThread "G1 Conc#1" [stack: 0x0000000f97c00000,0x0000000f97d00000] [id=36136]
  0x000001594bd8fc10 ConcurrentGCThread "G1 Refine#0" [stack: 0x0000000f95e00000,0x0000000f95f00000] [id=35280]
  0x000001594bd906b0 ConcurrentGCThread "G1 Service" [stack: 0x0000000f95f00000,0x0000000f96000000] [id=35952]

Threads with active compile tasks:
C1 CompilerThread0    20778 2298       3       io.netty.util.internal.shaded.org.jctools.util.UnsafeRefArrayAccess::lvRefElement (9 bytes)

VM state: not at safepoint (normal execution)

VM Mutex/Monitor currently owned by a thread:  ([mutex/lock_event])
[0x0000015934a48a40] Metaspace_lock - owner thread: 0x0000015934a4e830

Heap address: 0x0000000700000000, size: 4096 MB, Compressed Oops mode: Zero based, Oop shift amount: 3

CDS archive(s) mapped at: [0x0000015954000000-0x0000015954c60000-0x0000015954c60000), size 12976128, SharedBaseAddress: 0x0000015954000000, ArchiveRelocationMode: 1.
Compressed class space mapped at: 0x0000015955000000-0x0000015995000000, reserved size: 1073741824
Narrow klass base: 0x0000015954000000, Narrow klass shift: 0, Narrow klass range: 0x100000000

GC Precious Log:
 CardTable entry size: 512
 Card Set container configuration: InlinePtr #cards 4 size 8 Array Of Cards #cards 16 size 48 Howl #buckets 8 coarsen threshold 3686 Howl Bitmap #cards 512 size 80 coarsen threshold 460 Card regions per heap region 1 cards per card region 4096
 CPUs: 8 total, 8 available
 Memory: 16382M
 Large Page Support: Disabled
 NUMA Support: Disabled
 Compressed Oops: Enabled (Zero based)
 Heap Region Size: 2M
 Heap Min Capacity: 8M
 Heap Initial Capacity: 256M
 Heap Max Capacity: 4G
 Pre-touch: Disabled
 Parallel Workers: 8
 Concurrent Workers: 2
 Concurrent Refinement Workers: 8
 Periodic GC: Disabled

Heap:
 garbage-first heap   total 55296K, used 27413K [0x0000000700000000, 0x0000000800000000)
  region size 2048K, 9 young (18432K), 3 survivors (6144K)
 Metaspace       used 23577K, committed 23872K, reserved 1114112K
  class space    used 2816K, committed 2944K, reserved 1048576K

Heap Regions: E=young(eden), S=young(survivor), O=old, HS=humongous(starts), HC=humongous(continues), CS=collection set, F=free, OA=open archive, CA=closed archive, TAMS=top-at-mark-start, PB=parsable bottom
|   0|0x0000000700000000, 0x0000000700200000, 0x0000000700200000|100%| O|  |TAMS 0x0000000700000000| PB 0x0000000700000000| Untracked 
|   1|0x0000000700200000, 0x0000000700400000, 0x0000000700400000|100%| O|  |TAMS 0x0000000700200000| PB 0x0000000700200000| Untracked 
|   2|0x0000000700400000, 0x0000000700600000, 0x0000000700600000|100%| O|  |TAMS 0x0000000700400000| PB 0x0000000700400000| Untracked 
|   3|0x0000000700600000, 0x0000000700675a00, 0x0000000700800000| 22%| O|  |TAMS 0x0000000700600000| PB 0x0000000700600000| Complete 
|   4|0x0000000700800000, 0x0000000700a00000, 0x0000000700a00000|100%|HS|  |TAMS 0x0000000700800000| PB 0x0000000700800000| Complete 
|   5|0x0000000700a00000, 0x0000000700c00000, 0x0000000700c00000|100%|HC|  |TAMS 0x0000000700a00000| PB 0x0000000700a00000| Complete 
|   6|0x0000000700c00000, 0x0000000700e00000, 0x0000000700e00000|100%|HC|  |TAMS 0x0000000700c00000| PB 0x0000000700c00000| Complete 
|   7|0x0000000700e00000, 0x0000000700e00000, 0x0000000701000000|  0%| F|  |TAMS 0x0000000700e00000| PB 0x0000000700e00000| Untracked 
|   8|0x0000000701000000, 0x0000000701000000, 0x0000000701200000|  0%| F|  |TAMS 0x0000000701000000| PB 0x0000000701000000| Untracked 
|   9|0x0000000701200000, 0x0000000701200000, 0x0000000701400000|  0%| F|  |TAMS 0x0000000701200000| PB 0x0000000701200000| Untracked 
|  10|0x0000000701400000, 0x0000000701400000, 0x0000000701600000|  0%| F|  |TAMS 0x0000000701400000| PB 0x0000000701400000| Untracked 
|  11|0x0000000701600000, 0x0000000701600000, 0x0000000701800000|  0%| F|  |TAMS 0x0000000701600000| PB 0x0000000701600000| Untracked 
|  12|0x0000000701800000, 0x0000000701800000, 0x0000000701a00000|  0%| F|  |TAMS 0x0000000701800000| PB 0x0000000701800000| Untracked 
|  13|0x0000000701a00000, 0x0000000701a00000, 0x0000000701c00000|  0%| F|  |TAMS 0x0000000701a00000| PB 0x0000000701a00000| Untracked 
|  14|0x0000000701c00000, 0x0000000701c00000, 0x0000000701e00000|  0%| F|  |TAMS 0x0000000701c00000| PB 0x0000000701c00000| Untracked 
|  15|0x0000000701e00000, 0x0000000701e00000, 0x0000000702000000|  0%| F|  |TAMS 0x0000000701e00000| PB 0x0000000701e00000| Untracked 
|  16|0x0000000702000000, 0x0000000702000000, 0x0000000702200000|  0%| F|  |TAMS 0x0000000702000000| PB 0x0000000702000000| Untracked 
|  17|0x0000000702200000, 0x0000000702200000, 0x0000000702400000|  0%| F|  |TAMS 0x0000000702200000| PB 0x0000000702200000| Untracked 
|  18|0x0000000702400000, 0x000000070247d540, 0x0000000702600000| 24%| E|  |TAMS 0x0000000702400000| PB 0x0000000702400000| Complete 
|  19|0x0000000702600000, 0x0000000702800000, 0x0000000702800000|100%| E|CS|TAMS 0x0000000702600000| PB 0x0000000702600000| Complete 
|  20|0x0000000702800000, 0x0000000702a00000, 0x0000000702a00000|100%| E|CS|TAMS 0x0000000702800000| PB 0x0000000702800000| Complete 
|  21|0x0000000702a00000, 0x0000000702c00000, 0x0000000702c00000|100%| E|CS|TAMS 0x0000000702a00000| PB 0x0000000702a00000| Complete 
|  22|0x0000000702c00000, 0x0000000702e00000, 0x0000000702e00000|100%| E|CS|TAMS 0x0000000702c00000| PB 0x0000000702c00000| Complete 
| 113|0x000000070e200000, 0x000000070e24fbc0, 0x000000070e400000| 15%| S|CS|TAMS 0x000000070e200000| PB 0x000000070e200000| Complete 
| 114|0x000000070e400000, 0x000000070e600000, 0x000000070e600000|100%| S|CS|TAMS 0x000000070e400000| PB 0x000000070e400000| Complete 
| 115|0x000000070e600000, 0x000000070e800000, 0x000000070e800000|100%| S|CS|TAMS 0x000000070e600000| PB 0x000000070e600000| Complete 
| 127|0x000000070fe00000, 0x0000000710000000, 0x0000000710000000|100%| E|CS|TAMS 0x000000070fe00000| PB 0x000000070fe00000| Complete 

Card table byte_map: [0x000001594c6c0000,0x000001594cec0000] _byte_map_base: 0x0000015948ec0000

Marking Bits: (CMBitMap*) 0x0000015934a7b510
 Bits: [0x000001594d6c0000, 0x00000159516c0000)

Polling page: 0x00000159324f0000

Metaspace:

Usage:
  Non-class:     20.27 MB used.
      Class:      2.75 MB used.
       Both:     23.03 MB used.

Virtual space:
  Non-class space:       64.00 MB reserved,      20.44 MB ( 32%) committed,  1 nodes.
      Class space:        1.00 GB reserved,       2.88 MB ( <1%) committed,  1 nodes.
             Both:        1.06 GB reserved,      23.31 MB (  2%) committed. 

Chunk freelists:
   Non-Class:  3.42 MB
       Class:  1.06 MB
        Both:  4.48 MB

MaxMetaspaceSize: unlimited
CompressedClassSpaceSize: 1.00 GB
Initial GC threshold: 21.00 MB
Current GC threshold: 35.13 MB
CDS: on
MetaspaceReclaimPolicy: balanced
 - commit_granule_bytes: 65536.
 - commit_granule_words: 8192.
 - virtual_space_node_default_size: 8388608.
 - enlarge_chunks_in_place: 1.
 - new_chunks_are_fully_committed: 0.
 - uncommit_free_chunks: 1.
 - use_allocation_guard: 0.


Internal statistics:

num_allocs_failed_limit: 3.
num_arena_births: 424.
num_arena_deaths: 2.
num_vsnodes_births: 2.
num_vsnodes_deaths: 0.
num_space_committed: 373.
num_space_uncommitted: 0.
num_chunks_returned_to_freelist: 5.
num_chunks_taken_from_freelist: 1088.
num_chunk_merges: 3.
num_chunk_splits: 726.
num_chunks_enlarged: 506.
num_inconsistent_stats: 0.

CodeHeap 'non-profiled nmethods': size=120000Kb used=926Kb max_used=926Kb free=119073Kb
 bounds [0x0000015944570000, 0x00000159447e0000, 0x000001594baa0000]
CodeHeap 'profiled nmethods': size=120000Kb used=4205Kb max_used=4205Kb free=115794Kb
 bounds [0x000001593caa0000, 0x000001593cec0000, 0x0000015943fd0000]
CodeHeap 'non-nmethods': size=5760Kb used=1629Kb max_used=1645Kb free=4130Kb
 bounds [0x0000015943fd0000, 0x0000015944240000, 0x0000015944570000]
 total_blobs=2922 nmethods=2294 adapters=538
 compilation: enabled
              stopped_count=0, restarted_count=0
 full_count=0

Compilation events (20 events):
Event: 16.876 Thread 0x000001594be898d0 2285       1       org.apache.commons.exec.DefaultExecuteResultHandler::hasResult (5 bytes)
Event: 16.876 Thread 0x000001594be898d0 nmethod 2285 0x0000015944655290 code [0x0000015944655400, 0x00000159446554d0]
Event: 19.694 Thread 0x000001594be898d0 2287       1       io.netty.util.HashedWheelTimer::access$500 (5 bytes)
Event: 19.695 Thread 0x000001594be898d0 nmethod 2287 0x0000015944655990 code [0x0000015944655b00, 0x0000015944655bb0]
Event: 19.894 Thread 0x000001594be898d0 2288       3       sun.misc.Unsafe::getLong (9 bytes)
Event: 19.895 Thread 0x000001594be898d0 nmethod 2288 0x000001593ceb9210 code [0x000001593ceb93a0, 0x000001593ceb94b0]
Event: 19.939 Thread 0x000001594be898d0 2289       3       io.netty.util.internal.MathUtil::isOutOfBounds (24 bytes)
Event: 19.940 Thread 0x000001594be898d0 nmethod 2289 0x000001593ceb9590 code [0x000001593ceb9720, 0x000001593ceb9880]
Event: 19.944 Thread 0x000001594be898d0 2290       3       io.netty.util.AsciiString::<init> (131 bytes)
Event: 19.946 Thread 0x000001594be898d0 nmethod 2290 0x000001593ceb9910 code [0x000001593ceb9c00, 0x000001593cebac30]
Event: 19.950 Thread 0x000001594be84b50 2291   !   4       java.util.WeakHashMap::expungeStaleEntries (139 bytes)
Event: 19.955 Thread 0x000001594be84b50 nmethod 2291 0x0000015944655c90 code [0x0000015944655e40, 0x0000015944655ff8]
Event: 19.957 Thread 0x000001594be84b50 2292   !   4       java.util.zip.Inflater::inflate (456 bytes)
Event: 19.966 Thread 0x000001594be84b50 nmethod 2292 0x0000015944656590 code [0x0000015944656720, 0x0000015944656c68]
Event: 19.966 Thread 0x000001594be898d0 2295       3       io.netty.util.internal.shaded.org.jctools.queues.LinkedArrayQueueUtil::modifiedCalcCircularRefElementOffset (14 bytes)
Event: 19.967 Thread 0x000001594be898d0 nmethod 2295 0x000001593cebb290 code [0x000001593cebb420, 0x000001593cebb528]
Event: 19.979 Thread 0x000001594be898d0 2296       1       io.netty.channel.DefaultChannelPipeline::channel (5 bytes)
Event: 19.979 Thread 0x000001594be898d0 nmethod 2296 0x0000015944657390 code [0x0000015944657500, 0x00000159446575d0]
Event: 19.981 Thread 0x000001594be84b50 2297       4       jdk.internal.org.objectweb.asm.MethodWriter::visitCode (1 bytes)
Event: 19.981 Thread 0x000001594be84b50 nmethod 2297 0x0000015944657690 code [0x0000015944657800, 0x0000015944657888]

GC Heap History (6 events):
Event: 2.069 GC heap before
{Heap before GC invocations=0 (full 0):
 garbage-first heap   total 262144K, used 20480K [0x0000000700000000, 0x0000000800000000)
  region size 2048K, 11 young (22528K), 0 survivors (0K)
 Metaspace       used 6420K, committed 6592K, reserved 1114112K
  class space    used 626K, committed 704K, reserved 1048576K
}
Event: 2.080 GC heap after
{Heap after GC invocations=1 (full 0):
 garbage-first heap   total 262144K, used 6485K [0x0000000700000000, 0x0000000800000000)
  region size 2048K, 2 young (4096K), 2 survivors (4096K)
 Metaspace       used 6420K, committed 6592K, reserved 1114112K
  class space    used 626K, committed 704K, reserved 1048576K
}
Event: 9.064 GC heap before
{Heap before GC invocations=1 (full 0):
 garbage-first heap   total 262144K, used 33109K [0x0000000700000000, 0x0000000800000000)
  region size 2048K, 15 young (30720K), 2 survivors (4096K)
 Metaspace       used 13651K, committed 14080K, reserved 1114112K
  class space    used 1599K, committed 1792K, reserved 1048576K
}
Event: 9.074 GC heap after
{Heap after GC invocations=2 (full 0):
 garbage-first heap   total 262144K, used 8293K [0x0000000700000000, 0x0000000800000000)
  region size 2048K, 1 young (2048K), 1 survivors (2048K)
 Metaspace       used 13651K, committed 14080K, reserved 1114112K
  class space    used 1599K, committed 1792K, reserved 1048576K
}
Event: 10.817 GC heap before
{Heap before GC invocations=2 (full 0):
 garbage-first heap   total 262144K, used 30821K [0x0000000700000000, 0x0000000800000000)
  region size 2048K, 13 young (26624K), 1 survivors (2048K)
 Metaspace       used 21109K, committed 21504K, reserved 1114112K
  class space    used 2472K, committed 2624K, reserved 1048576K
}
Event: 10.826 GC heap after
{Heap after GC invocations=3 (full 0):
 garbage-first heap   total 262144K, used 11029K [0x0000000700000000, 0x0000000800000000)
  region size 2048K, 3 young (6144K), 3 survivors (6144K)
 Metaspace       used 21109K, committed 21504K, reserved 1114112K
  class space    used 2472K, committed 2624K, reserved 1048576K
}

Dll operation events (14 events):
Event: 0.041 Loaded shared library C:\Program Files\Java\jdk-20\bin\java.dll
Event: 0.092 Loaded shared library C:\Program Files\Java\jdk-20\bin\jsvml.dll
Event: 0.415 Loaded shared library C:\Program Files\Java\jdk-20\bin\zip.dll
Event: 0.422 Loaded shared library C:\Program Files\Java\jdk-20\bin\instrument.dll
Event: 0.437 Loaded shared library C:\Program Files\Java\jdk-20\bin\net.dll
Event: 0.446 Loaded shared library C:\Program Files\Java\jdk-20\bin\nio.dll
Event: 0.456 Loaded shared library C:\Program Files\Java\jdk-20\bin\zip.dll
Event: 0.486 Loaded shared library C:\Users\peteris.troksa\Desktop\java-practice\IntelliJ IDEA 2023.2.2\bin\breakgen64.dll
Event: 0.515 Loaded shared library C:\Program Files\Java\jdk-20\bin\extnet.dll
Event: 0.847 Loaded shared library C:\Program Files\Java\jdk-20\bin\verify.dll
Event: 0.865 Loaded shared library C:\Program Files\Java\jdk-20\bin\jimage.dll
Event: 3.186 Loaded shared library C:\Program Files\Java\jdk-20\bin\management.dll
Event: 3.197 Loaded shared library C:\Program Files\Java\jdk-20\bin\management_ext.dll
Event: 9.301 Loaded shared library C:\Program Files\Java\jdk-20\bin\sunmscapi.dll

Deoptimization events (20 events):
Event: 9.701 Thread 0x0000015934a4e830 Uncommon trap: trap_request=0xffffff45 fr.pc=0x000001594462ad18 relative=0x0000000000000218
Event: 9.701 Thread 0x0000015934a4e830 Uncommon trap: reason=unstable_if action=reinterpret pc=0x000001594462ad18 method=java.util.HashMap.putVal(ILjava/lang/Object;Ljava/lang/Object;ZZ)Ljava/lang/Object; @ 162 c2
Event: 9.701 Thread 0x0000015934a4e830 DEOPT PACKING pc=0x000001594462ad18 sp=0x0000000f95afa2b0
Event: 9.701 Thread 0x0000015934a4e830 DEOPT UNPACKING pc=0x0000015944039d22 sp=0x0000000f95afa250 mode 2
Event: 9.904 Thread 0x0000015934a4e830 Uncommon trap: trap_request=0xffffff45 fr.pc=0x00000159445d1458 relative=0x0000000000000a18
Event: 9.904 Thread 0x0000015934a4e830 Uncommon trap: reason=unstable_if action=reinterpret pc=0x00000159445d1458 method=java.lang.Integer.stringSize(I)I @ 19 c2
Event: 9.904 Thread 0x0000015934a4e830 DEOPT PACKING pc=0x00000159445d1458 sp=0x0000000f95afc9a0
Event: 9.904 Thread 0x0000015934a4e830 DEOPT UNPACKING pc=0x0000015944039d22 sp=0x0000000f95afc8e8 mode 2
Event: 10.313 Thread 0x0000015934a4e830 Uncommon trap: trap_request=0xffffffde fr.pc=0x0000015944601844 relative=0x0000000000000664
Event: 10.313 Thread 0x0000015934a4e830 Uncommon trap: reason=class_check action=maybe_recompile pc=0x0000015944601844 method=java.util.regex.Matcher.search(I)Z @ 121 c2
Event: 10.313 Thread 0x0000015934a4e830 DEOPT PACKING pc=0x0000015944601844 sp=0x0000000f95afd080
Event: 10.313 Thread 0x0000015934a4e830 DEOPT UNPACKING pc=0x0000015944039d22 sp=0x0000000f95afd040 mode 2
Event: 10.368 Thread 0x0000015934a4e830 Uncommon trap: trap_request=0xffffff45 fr.pc=0x00000159445f0094 relative=0x00000000000005f4
Event: 10.368 Thread 0x0000015934a4e830 Uncommon trap: reason=unstable_if action=reinterpret pc=0x00000159445f0094 method=java.lang.String.replace(CC)Ljava/lang/String; @ 2 c2
Event: 10.368 Thread 0x0000015934a4e830 DEOPT PACKING pc=0x00000159445f0094 sp=0x0000000f95afdcc0
Event: 10.368 Thread 0x0000015934a4e830 DEOPT UNPACKING pc=0x0000015944039d22 sp=0x0000000f95afdc70 mode 2
Event: 11.106 Thread 0x000001599a6a4080 Uncommon trap: trap_request=0xffffff45 fr.pc=0x00000159446208e4 relative=0x0000000000000064
Event: 11.106 Thread 0x000001599a6a4080 Uncommon trap: reason=unstable_if action=reinterpret pc=0x00000159446208e4 method=java.lang.CharacterData.of(I)Ljava/lang/CharacterData; @ 15 c2
Event: 11.106 Thread 0x000001599a6a4080 DEOPT PACKING pc=0x00000159446208e4 sp=0x0000000f97dfd830
Event: 11.106 Thread 0x000001599a6a4080 DEOPT UNPACKING pc=0x0000015944039d22 sp=0x0000000f97dfd7b8 mode 2

Classes loaded (20 events):
Event: 11.165 Loading class java/nio/channels/spi/AbstractSelector$1
Event: 11.165 Loading class java/nio/channels/spi/AbstractSelector$1 done
Event: 11.174 Loading class java/io/PushbackInputStream
Event: 11.175 Loading class java/io/PushbackInputStream done
Event: 11.205 Loading class java/nio/charset/IllegalCharsetNameException
Event: 11.205 Loading class java/nio/charset/IllegalCharsetNameException done
Event: 11.205 Loading class java/nio/charset/UnsupportedCharsetException
Event: 11.205 Loading class java/nio/charset/UnsupportedCharsetException done
Event: 11.219 Loading class sun/nio/ch/IOVecWrapper
Event: 11.219 Loading class sun/nio/ch/IOVecWrapper done
Event: 11.219 Loading class sun/nio/ch/AllocatedNativeObject
Event: 11.219 Loading class sun/nio/ch/NativeObject
Event: 11.220 Loading class sun/nio/ch/NativeObject done
Event: 11.220 Loading class sun/nio/ch/AllocatedNativeObject done
Event: 11.220 Loading class sun/nio/ch/IOVecWrapper$Deallocator
Event: 11.220 Loading class sun/nio/ch/IOVecWrapper$Deallocator done
Event: 19.968 Loading class java/util/concurrent/ConcurrentLinkedDeque
Event: 19.969 Loading class java/util/concurrent/ConcurrentLinkedDeque done
Event: 19.970 Loading class java/util/concurrent/ConcurrentLinkedDeque$Node
Event: 19.970 Loading class java/util/concurrent/ConcurrentLinkedDeque$Node done

Classes unloaded (1 events):
Event: 10.838 Thread 0x000001594be5e1c0 Unloading class 0x0000015955004400 'java/lang/invoke/LambdaForm$DMH+0x0000015955004400'

Classes redefined (0 events):
No events

Internal exceptions (20 events):
Event: 10.656 Thread 0x000001599a6a4b20 Exception <a 'java/net/ConnectException'{0x000000070ea34120}: Connection refused: no further information> (0x000000070ea34120) 
thrown [s\open\src\hotspot\share\prims\jni.cpp, line 538]
Event: 10.657 Thread 0x000001599a6a4b20 Exception <a 'java/net/ConnectException'{0x000000070ea34988}: Connection refused: no further information> (0x000000070ea34988) 
thrown [s\open\src\hotspot\share\prims\jni.cpp, line 538]
Event: 10.658 Thread 0x000001599a6a4b20 Exception <a 'java/net/ConnectException'{0x000000070ea351f0}: Connection refused: no further information> (0x000000070ea351f0) 
thrown [s\open\src\hotspot\share\prims\jni.cpp, line 538]
Event: 10.658 Thread 0x000001599a6a4b20 Exception <a 'java/net/ConnectException'{0x000000070ea35a58}: Connection refused: no further information> (0x000000070ea35a58) 
thrown [s\open\src\hotspot\share\prims\jni.cpp, line 538]
Event: 10.659 Thread 0x000001599a6a4b20 Exception <a 'java/net/ConnectException'{0x000000070ea362c0}: Connection refused: no further information> (0x000000070ea362c0) 
thrown [s\open\src\hotspot\share\prims\jni.cpp, line 538]
Event: 10.659 Thread 0x000001599a6a4b20 Exception <a 'java/net/ConnectException'{0x000000070ea36b28}: Connection refused: no further information> (0x000000070ea36b28) 
thrown [s\open\src\hotspot\share\prims\jni.cpp, line 538]
Event: 10.660 Thread 0x000001599a6a4b20 Exception <a 'java/net/ConnectException'{0x000000070ea37390}: Connection refused: no further information> (0x000000070ea37390) 
thrown [s\open\src\hotspot\share\prims\jni.cpp, line 538]
Event: 10.661 Thread 0x000001599a6a4b20 Exception <a 'java/net/ConnectException'{0x000000070ea37bf8}: Connection refused: no further information> (0x000000070ea37bf8) 
thrown [s\open\src\hotspot\share\prims\jni.cpp, line 538]
Event: 10.661 Thread 0x000001599a6a4b20 Exception <a 'java/net/ConnectException'{0x000000070ea38460}: Connection refused: no further information> (0x000000070ea38460) 
thrown [s\open\src\hotspot\share\prims\jni.cpp, line 538]
Event: 10.673 Thread 0x000001599a6a4b20 Exception <a 'java/net/ConnectException'{0x000000070ea38cc8}: Connection refused: no further information> (0x000000070ea38cc8) 
thrown [s\open\src\hotspot\share\prims\jni.cpp, line 538]
Event: 10.674 Thread 0x000001599a6a4b20 Exception <a 'java/net/ConnectException'{0x000000070ea39530}: Connection refused: no further information> (0x000000070ea39530) 
thrown [s\open\src\hotspot\share\prims\jni.cpp, line 538]
Event: 10.674 Thread 0x000001599a6a4b20 Exception <a 'java/net/ConnectException'{0x000000070ea39d98}: Connection refused: no further information> (0x000000070ea39d98) 
thrown [s\open\src\hotspot\share\prims\jni.cpp, line 538]
Event: 10.684 Thread 0x000001599a6a4b20 Exception <a 'java/net/ConnectException'{0x000000070ea3a600}: Connection refused: no further information> (0x000000070ea3a600) 
thrown [s\open\src\hotspot\share\prims\jni.cpp, line 538]
Event: 10.732 Thread 0x0000015934a4e830 Exception <a 'java/lang/NoSuchMethodError'{0x000000070ebce780}: 'java.lang.Object java.lang.invoke.DirectMethodHandle$Holder.newInvokeSpecial(java.lang.Object, java.lang.Object, int, int)'> (0x000000070ebce780) 
thrown [s\open\src\hotspot\share\interpreter\linkResolver.cpp, line 773]
Event: 10.733 Thread 0x0000015934a4e830 Exception <a 'java/lang/NoSuchMethodError'{0x000000070ebd29c8}: 'java.lang.Object java.lang.invoke.DirectMethodHandle$Holder.invokeSpecial(java.lang.Object, java.lang.Object, java.lang.Object, int, int)'> (0x000000070ebd29c8) 
thrown [s\open\src\hotspot\share\interpreter\linkResolver.cpp, line 773]
Event: 10.734 Thread 0x0000015934a4e830 Exception <a 'java/lang/NoSuchMethodError'{0x000000070ebd9708}: 'void java.lang.invoke.DirectMethodHandle$Holder.invokeStatic(java.lang.Object, java.lang.Object, int)'> (0x000000070ebd9708) 
thrown [s\open\src\hotspot\share\interpreter\linkResolver.cpp, line 773]
Event: 10.817 Thread 0x0000015934a4e830 Exception <a 'java/lang/NoSuchMethodError'{0x000000070e992e70}: 'int java.lang.invoke.DirectMethodHandle$Holder.invokeSpecialIFC(java.lang.Object, java.lang.Object, java.lang.Object)'> (0x000000070e992e70) 
thrown [s\open\src\hotspot\share\interpreter\linkResolver.cpp, line 773]
Event: 10.983 Thread 0x0000015934a4e830 Exception <a 'java/lang/NoSuchMethodError'{0x0000000702d5ac70}: 'void java.lang.invoke.DirectMethodHandle$Holder.invokeSpecial(java.lang.Object, java.lang.Object, java.lang.Object, java.lang.Object, java.lang.Object, java.lang.Object)'> (0x0000000702d5ac70) 
thrown [s\open\src\hotspot\share\interpreter\linkResolver.cpp, line 773]
Event: 11.007 Thread 0x0000015934a4e830 Exception <a 'java/lang/NoSuchMethodError'{0x0000000702de4fb0}: 'long java.lang.invoke.DirectMethodHandle$Holder.invokeInterface(java.lang.Object, java.lang.Object)'> (0x0000000702de4fb0) 
thrown [s\open\src\hotspot\share\interpreter\linkResolver.cpp, line 773]
Event: 11.008 Thread 0x0000015934a4e830 Exception <a 'java/lang/NoSuchMethodError'{0x0000000702de8c58}: 'long java.lang.invoke.DelegatingMethodHandle$Holder.reinvoke_L(java.lang.Object, java.lang.Object)'> (0x0000000702de8c58) 
thrown [s\open\src\hotspot\share\interpreter\linkResolver.cpp, line 773]

VM Operations (20 events):
Event: 9.032 Executing VM operation: HandshakeAllThreads
Event: 9.032 Executing VM operation: HandshakeAllThreads done
Event: 9.064 Executing VM operation: G1CollectForAllocation
Event: 9.074 Executing VM operation: G1CollectForAllocation done
Event: 9.333 Executing VM operation: HandshakeAllThreads
Event: 9.333 Executing VM operation: HandshakeAllThreads done
Event: 10.333 Executing VM operation: Cleanup
Event: 10.333 Executing VM operation: Cleanup done
Event: 10.817 Executing VM operation: CollectForMetadataAllocation
Event: 10.826 Executing VM operation: CollectForMetadataAllocation done
Event: 10.837 Executing VM operation: G1PauseRemark
Event: 10.843 Executing VM operation: G1PauseRemark done
Event: 10.846 Executing VM operation: G1PauseCleanup
Event: 10.846 Executing VM operation: G1PauseCleanup done
Event: 11.846 Executing VM operation: Cleanup
Event: 11.846 Executing VM operation: Cleanup done
Event: 13.847 Executing VM operation: Cleanup
Event: 13.847 Executing VM operation: Cleanup done
Event: 15.847 Executing VM operation: Cleanup
Event: 15.847 Executing VM operation: Cleanup done

Events (20 events):
Event: 1.680 Thread 0x00000159998a5850 Thread exited: 0x00000159998a5850
Event: 1.680 Thread 0x00000159998897e0 Thread exited: 0x00000159998897e0
Event: 2.041 Thread 0x0000015999fb77e0 Thread added: 0x0000015999fb77e0
Event: 2.048 Thread 0x0000015999fdea10 Thread added: 0x0000015999fdea10
Event: 2.159 Thread 0x0000015999fdea10 Thread exited: 0x0000015999fdea10
Event: 2.159 Thread 0x0000015999fb77e0 Thread exited: 0x0000015999fb77e0
Event: 2.499 Thread 0x000001599a0c9440 Thread added: 0x000001599a0c9440
Event: 2.941 Thread 0x000001599a0c9440 Thread exited: 0x000001599a0c9440
Event: 8.925 Thread 0x00000159999e0040 Thread added: 0x00000159999e0040
Event: 9.192 Thread 0x000001599a45efb0 Thread added: 0x000001599a45efb0
Event: 9.356 Thread 0x000001599a016300 Thread added: 0x000001599a016300
Event: 9.605 Thread 0x000001599a19b810 Thread added: 0x000001599a19b810
Event: 9.797 Thread 0x000001599a19b810 Thread exited: 0x000001599a19b810
Event: 10.002 Thread 0x000001599a016300 Thread exited: 0x000001599a016300
Event: 10.372 Thread 0x000001599a6a2b40 Thread added: 0x000001599a6a2b40
Event: 10.400 Thread 0x000001599a6a3b30 Thread added: 0x000001599a6a3b30
Event: 10.400 Thread 0x000001599a6a3090 Thread added: 0x000001599a6a3090
Event: 10.433 Thread 0x000001599a6a4b20 Thread added: 0x000001599a6a4b20
Event: 10.435 Thread 0x000001599a6a5070 Thread added: 0x000001599a6a5070
Event: 11.080 Thread 0x000001599a6a4080 Thread added: 0x000001599a6a4080


Dynamic libraries:
0x00007ff750810000 - 0x00007ff750820000 	C:\Program Files\Java\jdk-20\bin\java.exe
0x00007ffcb57f0000 - 0x00007ffcb59df000 	C:\Windows\SYSTEM32\ntdll.dll
0x00007ffcb3220000 - 0x00007ffcb32d3000 	C:\Windows\System32\KERNEL32.DLL
0x00007ffcb1880000 - 0x00007ffcb1b1d000 	C:\Windows\System32\KERNELBASE.dll
0x00007ffcb2140000 - 0x00007ffcb223a000 	C:\Windows\System32\ucrtbase.dll
0x00007ffc99370000 - 0x00007ffc9938b000 	C:\Program Files\Java\jdk-20\bin\VCRUNTIME140.dll
0x00007ffc99350000 - 0x00007ffc99369000 	C:\Program Files\Java\jdk-20\bin\jli.dll
0x00007ffcb4fe0000 - 0x00007ffcb5087000 	C:\Windows\System32\ADVAPI32.dll
0x00007ffcb3440000 - 0x00007ffcb34de000 	C:\Windows\System32\msvcrt.dll
0x00007ffcb2a20000 - 0x00007ffcb2abf000 	C:\Windows\System32\sechost.dll
0x00007ffcb2ec0000 - 0x00007ffcb2fde000 	C:\Windows\System32\RPCRT4.dll
0x00007ffcb5620000 - 0x00007ffcb57b8000 	C:\Windows\System32\USER32.dll
0x00007ffc94870000 - 0x00007ffc94ae9000 	C:\Windows\WinSxS\amd64_microsoft.windows.common-controls_6595b64144ccf1df_6.0.17763.4645_none_de717694534b1c4f\COMCTL32.dll
0x00007ffcb1ee0000 - 0x00007ffcb1f00000 	C:\Windows\System32\win32u.dll
0x00007ffcb2ac0000 - 0x00007ffcb2deb000 	C:\Windows\System32\combase.dll
0x00007ffcb5090000 - 0x00007ffcb50b9000 	C:\Windows\System32\GDI32.dll
0x00007ffcb2990000 - 0x00007ffcb2a12000 	C:\Windows\System32\bcryptPrimitives.dll
0x00007ffcb1f00000 - 0x00007ffcb20a6000 	C:\Windows\System32\gdi32full.dll
0x00007ffcb1e40000 - 0x00007ffcb1ee0000 	C:\Windows\System32\msvcp_win.dll
0x00007ffca6680000 - 0x00007ffca668a000 	C:\Windows\SYSTEM32\VERSION.dll
0x00007ffcb3040000 - 0x00007ffcb306e000 	C:\Windows\System32\IMM32.DLL
0x00007ffc945f0000 - 0x00007ffc94694000 	C:\Program Files\McAfee\Endpoint Security\Threat Prevention\Ips\EpMPApi.dll
0x00007ffcb20e0000 - 0x00007ffcb213f000 	C:\Windows\System32\WINTRUST.dll
0x00007ffcb17b0000 - 0x00007ffcb17c2000 	C:\Windows\System32\MSASN1.dll
0x00007ffcb1b20000 - 0x00007ffcb1d1b000 	C:\Windows\System32\CRYPT32.dll
0x000000006c140000 - 0x000000006c14c000 	C:\Program Files\McAfee\Endpoint Security\Threat Prevention\Ips\EpMPThe.dll
0x00007ffc94570000 - 0x00007ffc945cb000 	C:\Program Files\McAfee\Endpoint Security\Threat Prevention\Ips\HIPHandlers64.dll
0x00007ffcb3690000 - 0x00007ffcb4b88000 	C:\Windows\System32\SHELL32.dll
0x00007ffcb1d40000 - 0x00007ffcb1d8a000 	C:\Windows\System32\cfgmgr32.dll
0x00007ffcb2df0000 - 0x00007ffcb2e97000 	C:\Windows\System32\shcore.dll
0x00007ffcb2240000 - 0x00007ffcb2987000 	C:\Windows\System32\windows.storage.dll
0x00007ffcb17d0000 - 0x00007ffcb17f3000 	C:\Windows\System32\profapi.dll
0x00007ffcb1820000 - 0x00007ffcb187d000 	C:\Windows\System32\powrprof.dll
0x00007ffcb2fe0000 - 0x00007ffcb3032000 	C:\Windows\System32\shlwapi.dll
0x00007ffcb1800000 - 0x00007ffcb1811000 	C:\Windows\System32\kernel.appcore.dll
0x00007ffcb1d20000 - 0x00007ffcb1d3b000 	C:\Windows\System32\cryptsp.dll
0x00007ffca3ae0000 - 0x00007ffca3ccd000 	C:\Windows\SYSTEM32\dbghelp.dll
0x00007ffc9b240000 - 0x00007ffc9b24c000 	C:\Program Files\Java\jdk-20\bin\vcruntime140_1.dll
0x00007ffc8bf60000 - 0x00007ffc8bfee000 	C:\Program Files\Java\jdk-20\bin\msvcp140.dll
0x00007ffc898f0000 - 0x00007ffc8a588000 	C:\Program Files\Java\jdk-20\bin\server\jvm.dll
0x00007ffca32a0000 - 0x00007ffca32a9000 	C:\Windows\SYSTEM32\WSOCK32.dll
0x00007ffcacf30000 - 0x00007ffcacf54000 	C:\Windows\SYSTEM32\WINMM.dll
0x00007ffcb4e10000 - 0x00007ffcb4e7d000 	C:\Windows\System32\WS2_32.dll
0x00007ffcaceb0000 - 0x00007ffcacedd000 	C:\Windows\SYSTEM32\WINMMBASE.dll
0x00007ffc99a00000 - 0x00007ffc99a0a000 	C:\Program Files\Java\jdk-20\bin\jimage.dll
0x00007ffca3880000 - 0x00007ffca38aa000 	C:\Windows\SYSTEM32\dbgcore.DLL
0x00007ffcaad80000 - 0x00007ffcaad8e000 	C:\Program Files\Java\jdk-20\bin\instrument.dll
0x00007ffc8be70000 - 0x00007ffc8be96000 	C:\Program Files\Java\jdk-20\bin\java.dll
0x00007ffc8af60000 - 0x00007ffc8b037000 	C:\Program Files\Java\jdk-20\bin\jsvml.dll
0x00007ffc8be50000 - 0x00007ffc8be68000 	C:\Program Files\Java\jdk-20\bin\zip.dll
0x00007ffc90160000 - 0x00007ffc90173000 	C:\Program Files\Java\jdk-20\bin\net.dll
0x00007ffcad3f0000 - 0x00007ffcad4ed000 	C:\Windows\SYSTEM32\WINHTTP.dll
0x00007ffcb1000000 - 0x00007ffcb1067000 	C:\Windows\system32\mswsock.dll
0x00007ffc900f0000 - 0x00007ffc90106000 	C:\Program Files\Java\jdk-20\bin\nio.dll
0x00007ffc95d80000 - 0x00007ffc95d9a000 	C:\Users\peteris.troksa\Desktop\java-practice\IntelliJ IDEA 2023.2.2\bin\breakgen64.dll
0x00007ffc99770000 - 0x00007ffc99777000 	C:\Program Files\Java\jdk-20\bin\extnet.dll
0x00007ffc94d50000 - 0x00007ffc94d60000 	C:\Program Files\Java\jdk-20\bin\verify.dll
0x00007ffcb0b80000 - 0x00007ffcb0bb3000 	C:\Windows\system32\rsaenh.dll
0x00007ffcb20b0000 - 0x00007ffcb20d6000 	C:\Windows\System32\bcrypt.dll
0x00007ffcb16e0000 - 0x00007ffcb1709000 	C:\Windows\SYSTEM32\USERENV.dll
0x00007ffcb11d0000 - 0x00007ffcb11dc000 	C:\Windows\SYSTEM32\CRYPTBASE.dll
0x00007ffcb0d10000 - 0x00007ffcb0d4d000 	C:\Windows\SYSTEM32\IPHLPAPI.DLL
0x00007ffcb3430000 - 0x00007ffcb3438000 	C:\Windows\System32\NSI.dll
0x00007ffcadaf0000 - 0x00007ffcadb06000 	C:\Windows\SYSTEM32\dhcpcsvc6.DLL
0x00007ffcadad0000 - 0x00007ffcadaec000 	C:\Windows\SYSTEM32\dhcpcsvc.DLL
0x00007ffcb0d60000 - 0x00007ffcb0e26000 	C:\Windows\SYSTEM32\DNSAPI.dll
0x00007ffca5b50000 - 0x00007ffca5b66000 	C:\Windows\system32\napinsp.dll
0x00007ffca5bb0000 - 0x00007ffca5bbe000 	C:\Windows\System32\winrnr.dll
0x00007ffcaa690000 - 0x00007ffcaa6ab000 	C:\Windows\system32\NLAapi.dll
0x00007ffca5bf0000 - 0x00007ffca5c05000 	C:\Windows\system32\wshbth.dll
0x00007ffca9b70000 - 0x00007ffca9b7a000 	C:\Windows\System32\rasadhlp.dll
0x00007ffcadbc0000 - 0x00007ffcadc39000 	C:\Windows\System32\fwpuclnt.dll
0x00007ffcaad60000 - 0x00007ffcaad6a000 	C:\Program Files\Java\jdk-20\bin\management.dll
0x00007ffc994f0000 - 0x00007ffc994fb000 	C:\Program Files\Java\jdk-20\bin\management_ext.dll
0x00007ffcb2ea0000 - 0x00007ffcb2ea8000 	C:\Windows\System32\PSAPI.DLL
0x00007ffcaf800000 - 0x00007ffcaf88c000 	C:\Windows\system32\apphelp.dll
0x00007ffc98e60000 - 0x00007ffc98e6e000 	C:\Program Files\Java\jdk-20\bin\sunmscapi.dll
0x00007ffcb12d0000 - 0x00007ffcb12fc000 	C:\Windows\SYSTEM32\ncrypt.dll
0x00007ffcb1290000 - 0x00007ffcb12cc000 	C:\Windows\SYSTEM32\NTASN1.dll
0x00007ffc819f0000 - 0x00007ffc819f7000 	C:\Windows\system32\wshunix.dll

dbghelp: loaded successfully - version: 4.0.5 - missing functions: none
symbol engine: initialized successfully - sym options: 0x614 - pdb path: .;C:\Program Files\Java\jdk-20\bin;C:\Windows\SYSTEM32;C:\Windows\WinSxS\amd64_microsoft.windows.common-controls_6595b64144ccf1df_6.0.17763.4645_none_de717694534b1c4f;C:\Program Files\McAfee\Endpoint Security\Threat Prevention\Ips;C:\Program Files\Java\jdk-20\bin\server;C:\Users\peteris.troksa\Desktop\java-practice\IntelliJ IDEA 2023.2.2\bin

VM Arguments:
jvm_args: -ea -Didea.test.cyclic.buffer.size=1048576 -javaagent:C:\Users\peteris.troksa\Desktop\java-practice\IntelliJ IDEA 2023.2.2\lib\idea_rt.jar=53147:C:\Users\peteris.troksa\Desktop\java-practice\IntelliJ IDEA 2023.2.2\bin -Dfile.encoding=UTF-8 -Dsun.stdout.encoding=UTF-8 -Dsun.stderr.encoding=UTF-8 
java_command: com.intellij.rt.testng.RemoteTestNGStarter -usedefaultlisteners false -socket53146 @w@C:\Users\peteris.troksa\AppData\Local\Temp\4\idea_working_dirs_testng.tmp -temp C:\Users\peteris.troksa\AppData\Local\Temp\4\idea_testng.tmp
java_class_path (initial): C:\Users\peteris.troksa\Desktop\java-practice\IntelliJ IDEA 2023.2.2\lib\idea_rt.jar;C:\Users\peteris.troksa\Desktop\java-practice\IntelliJ IDEA 2023.2.2\plugins\testng\lib\testng-rt.jar;C:\Users\peteris.troksa\IdeaProjects\SC_Test\target\test-classes;C:\Users\peteris.troksa\IdeaProjects\SC_Test\target\classes;C:\Users\peteris.troksa\.m2\repository\io\cucumber\cucumber-java\7.7.0\cucumber-java-7.7.0.jar;C:\Users\peteris.troksa\.m2\repository\io\cucumber\cucumber-core\7.7.0\cucumber-core-7.7.0.jar;C:\Users\peteris.troksa\.m2\repository\io\cucumber\cucumber-gherkin\7.7.0\cucumber-gherkin-7.7.0.jar;C:\Users\peteris.troksa\.m2\repository\io\cucumber\cucumber-gherkin-messages\7.7.0\cucumber-gherkin-messages-7.7.0.jar;C:\Users\peteris.troksa\.m2\repository\io\cucumber\gherkin\24.0.0\gherkin-24.0.0.jar;C:\Users\peteris.troksa\.m2\repository\io\cucumber\messages\19.1.2\messages-19.1.2.jar;C:\Users\peteris.troksa\.m2\repository\io\cucumber\tag-expressions\4.1.0\tag-expressions-4.1.0.jar;C:\Users\peteris.troksa\.m2\repository\io\cucumber\cucumber-expressions\16.0.0\cucumber-expressions-16.0.0.jar;C:\Users\peteris.troksa\.m2\repository\io\cucumber\datatable\7.7.0\datatable-7.7.0.jar;C:\Users\peteris.troksa\.m2\repository\io\cucumber\cucumber-plugin\7.7.0\cucumber-plugin-7.7.0.jar;C:\Users\peteris.troksa\.m2\repository\io\cucumber\docstring\7.7.0\docstring-7.7.0.jar;C:\Users\peteris.troksa\.m2\repository\io\cucumber\html-formatter\20.0.0\html-formatter-20.0.0.jar;C:\Users\peteris.troksa\.m2\repository\io\cucumber\ci-environment\9.1.0\ci-environment-9.1.0.jar;C:\Users\peteris.troksa\.m2\repository\org\apiguardian\apiguardian-api\1.1.2\apiguardian-api-1.1.2.jar;C:\Users\peteris.troksa\.m2\repository\info\cukes\cucumber-junit\1.2.5\cucumber-junit-1.2.5.jar;C:\Users\peteris.troksa\.m2\repository\info\cukes\cucumber-core\1.2.5\cucumber-core-1.2.5.jar;C:\Users\peteris.troksa\.m2\repository\info\cukes\cucumber-html\0.2.3\cucumber-html-0.2.3.jar;C:\Users\peteris.troksa\.m2\repository\info\cukes\cucumber-jvm-deps\1.0.5\cucumber-jvm-deps-1.0.5.jar;C:\Users\peteris.troksa\.m2\repository\info\cukes\gherkin\2.12.2\gherkin-2.12.2.jar;C:\Users\peteris.troksa\.m2\repository\junit\junit\4.12\junit-4.12.jar;C:\Users\peteris.troksa\.m2\repository\org\hamcrest\hamcrest-core\1.3\hamcrest-core-1.3.jar;C:\Users\peteris.troksa\.m2\repository\org\seleniumhq\selenium\selenium-java\4.11.0\selenium-java-4.11.0.jar;C:\Users\peteris.troksa\.m2\repository\org\seleniumhq\selenium\selenium-api\4.11.0\selenium-api-4.11.0.jar;C:\Users\peteris.troksa\.m2\repository\org\seleniumhq\selenium\selenium-chrome-driver\4.11.0\selenium-chrome-driver-4.11.0.jar;C:\Users\peteris.troksa\.m2\repository\com\google\auto\service\auto-service-annotations\1.0.1\auto-service-annotations-1.0.1.jar;C:\Users\peteris.troksa\.m2\repository\com\google\guava\guava\31.1-jre\guava-31.1-jre.jar;C:\Users\peteris.troksa\.m2\repository\com\google\guava\failureaccess\1.0.1\failureaccess-1.0.1.jar;C:\Users\peteris.troksa\.m2\repository\com\google\guava\listenablefuture\9999.0-empty-to-avoid-conflict-with-guava\listenablefuture-9999.0-empty-to-avoid-conflict-with-guava.jar;C:\Users\peteris.troksa\.m2\repository\com\google\code\findbugs\jsr305\3.0.2\jsr305-3.0.2.jar;C:\Users\peteris.troksa\.m2\repository\org\checkerframework\checker-qual\3.12.0\checker-qual-3.12.0.jar;C:\Users\peteris.troksa\.m2\repository\com\google\errorprone\error_prone_annotations\2.11.0\error_prone_annotations-2.11.0.jar;C:\Users\peteris.troksa\.m2\repository\com\google\j2objc\j2objc-annotations\1.3\j2objc-annotations-1.3.jar;C:\Users\peteris.troksa\.m2\repository\org\seleniumhq\selenium\selenium-chromium-driver\4.11.0\selenium-chromium-driver-4.11.0.jar;C:\Users\peteris.troksa\.m2\repository\org\seleniumhq\selenium\selenium-json\4.11.0\selenium-json-4.11.0.jar;C:\Users\peteris.troksa\.m2\repository\org\seleniumhq\selenium\selenium-manager\4.11.0\selenium-manager-4.11.0.jar;C:\Users\peteris.troksa\.m2\repository\org\seleniumhq\selenium\selenium-devtools-v113\4.11.0\selenium-devtools-v113-4.11.0.jar;C:\Users\peteris.troksa\.m2\repository\org\seleniumhq\selenium\selenium-devtools-v114\4.11.0\selenium-devtools-v114-4.11.0.jar;C:\Users\peteris.troksa\.m2\repository\org\seleniumhq\selenium\selenium-devtools-v115\4.11.0\selenium-devtools-v115-4.11.0.jar;C:\Users\peteris.troksa\.m2\repository\org\seleniumhq\selenium\selenium-devtools-v85\4.11.0\selenium-devtools-v85-4.11.0.jar;C:\Users\peteris.troksa\.m2\repository\org\seleniumhq\selenium\selenium-edge-driver\4.11.0\selenium-edge-driver-4.11.0.jar;C:\Users\peteris.troksa\.m2\repository\org\seleniumhq\selenium\selenium-firefox-driver\4.11.0\selenium-firefox-driver-4.11.0.jar;C:\Users\peteris.troksa\.m2\repository\org\seleniumhq\selenium\selenium-http\4.11.0\selenium-http-4.11.0.jar;C:\Users\peteris.troksa\.m2\repository\dev\failsafe\failsafe\3.3.1\failsafe-3.3.1.jar;C:\Users\peteris.troksa\.m2\repository\org\seleniumhq\selenium\selenium-ie-driver\4.11.0\selenium-ie-driver-4.11.0.jar;C:\Users\peteris.troksa\.m2\repository\org\seleniumhq\selenium\selenium-remote-driver\4.11.0\selenium-remote-driver-4.11.0.jar;C:\Users\peteris.troksa\.m2\repository\io\netty\netty-buffer\4.1.92.Final\netty-buffer-4.1.92.Final.jar;C:\Users\peteris.troksa\.m2\repository\io\netty\netty-codec-http\4.1.92.Final\netty-codec-http-4.1.92.Final.jar;C:\Users\peteris.troksa\.m2\repository\io\netty\netty-codec\4.1.92.Final\netty-codec-4.1.92.Final.jar;C:\Users\peteris.troksa\.m2\repository\io\netty\netty-handler\4.1.92.Final\netty-handler-4.1.92.Final.jar;C:\Users\peteris.troksa\.m2\repository\io\netty\netty-common\4.1.92.Final\netty-common-4.1.92.Final.jar;C:\Users\peteris.troksa\.m2\repository\io\netty\netty-transport-classes-epoll\4.1.92.Final\netty-transport-classes-epoll-4.1.92.Final.jar;C:\Users\peteris.troksa\.m2\repository\io\netty\netty-transport-classes-kqueue\4.1.92.Final\netty-transport-classes-kqueue-4.1.92.Final.jar;C:\Users\peteris.troksa\.m2\repository\io\netty\netty-transport-native-epoll\4.1.92.Final\netty-transport-native-epoll-4.1.92.Final.jar;C:\Users\peteris.troksa\.m2\repository\io\netty\netty-transport-native-kqueue\4.1.92.Final\netty-transport-native-kqueue-4.1.92.Final.jar;C:\Users\peteris.troksa\.m2\repository\io\netty\netty-transport-native-unix-common\4.1.92.Final\netty-transport-native-unix-common-4.1.92.Final.jar;C:\Users\peteris.troksa\.m2\repository\io\netty\netty-transport\4.1.92.Final\netty-transport-4.1.92.Final.jar;C:\Users\peteris.troksa\.m2\repository\io\netty\netty-resolver\4.1.92.Final\netty-resolver-4.1.92.Final.jar;C:\Users\peteris.troksa\.m2\repository\io\opentelemetry\opentelemetry-api\1.26.0\opentelemetry-api-1.26.0.jar;C:\Users\peteris.troksa\.m2\repository\io\opentelemetry\opentelemetry-context\1.26.0\opentelemetry-context-1.26.0.jar;C:\Users\peteris.troksa\.m2\repository\io\opentelemetry\opentelemetry-exporter-logging\1.26.0\opentelemetry-exporter-logging-1.26.0.jar;C:\Users\peteris.troksa\.m2\repository\io\opentelemetry\opentelemetry-sdk-metrics\1.26.0\opentelemetry-sdk-metrics-1.26.0.jar;C:\Users\peteris.troksa\.m2\repository\io\opentelemetry\opentelemetry-extension-incubator\1.26.0-alpha\opentelemetry-extension-incubator-1.26.0-alpha.jar;C:\Users\peteris.troksa\.m2\repository\io\opentelemetry\opentelemetry-sdk-logs\1.26.0-alpha\opentelemetry-sdk-logs-1.26.0-alpha.jar;C:\Users\peteris.troksa\.m2\repository\io\opentelemetry\opentelemetry-api-logs\1.26.0-alpha\opentelemetry-api-logs-1.26.0-alpha.jar;C:\Users\peteris.troksa\.m2\repository\io\opentelemetry\opentelemetry-api-events\1.26.0-alpha\opentelemetry-api-events-1.26.0-alpha.jar;C:\Users\peteris.troksa\.m2\repository\io\opentelemetry\opentelemetry-sdk-common\1.26.0\opentelemetry-sdk-common-1.26.0.jar;C:\Users\peteris.troksa\.m2\repository\io\opentelemetry\opentelemetry-sdk-extension-autoconfigure-spi\1.26.0\opentelemetry-sdk-extension-autoconfigure-spi-1.26.0.jar;C:\Users\peteris.troksa\.m2\repository\io\opentelemetry\opentelemetry-sdk-extension-autoconfigure\1.26.0-alpha\opentelemetry-sdk-extension-autoconfigure-1.26.0-alpha.jar;C:\Users\peteris.troksa\.m2\repository\io\opentelemetry\opentelemetry-sdk-trace\1.26.0\opentelemetry-sdk-trace-1.26.0.jar;C:\Users\peteris.troksa\.m2\repository\io\opentelemetry\opentelemetry-sdk\1.26.0\opentelemetry-sdk-1.26.0.jar;C:\Users\peteris.troksa\.m2\repository\io\opentelemetry\opentelemetry-semconv\1.26.0-alpha\opentelemetry-semconv-1.26.0-alpha.jar;C:\Users\peteris.troksa\.m2\repository\net\bytebuddy\byte-buddy\1.14.4\byte-buddy-1.14.4.jar;C:\Users\peteris.troksa\.m2\repository\org\apache\commons\commons-exec\1.3\commons-exec-1.3.jar;C:\Users\peteris.troksa\.m2\repository\org\asynchttpclient\async-http-client\2.12.3\async-http-client-2.12.3.jar;C:\Users\peteris.troksa\.m2\repository\org\asynchttpclient\async-http-client-netty-utils\2.12.3\async-http-client-netty-utils-2.12.3.jar;C:\Users\peteris.troksa\.m2\repository\io\netty\netty-codec-socks\4.1.60.Final\netty-codec-socks-4.1.60.Final.jar;C:\Users\peteris.troksa\.m2\repository\io\netty\netty-handler-proxy\4.1.60.Final\netty-handler-proxy-4.1.60.Final.jar;C:\Users\peteris.troksa\.m2\repository\io\netty\netty-transport-native-epoll\4.1.60.Final\netty-transport-native-epoll-4.1.60.Final-linux-x86_64.jar;C:\Users\peteris.troksa\.m2\repository\io\netty\netty-transport-native-kqueue\4.1.60.Final\netty-transport-native-kqueue-4.1.60.Final-osx-x86_64.jar;C:\Users\peteris.troksa\.m2\repository\org\reactivestreams\reactive-streams\1.0.3\reactive-streams-1.0.3.jar;C:\Users\peteris.troksa\.m2\repository\com\typesafe\netty\netty-reactive-streams\2.0.4\netty-reactive-streams-2.0.4.jar;C:\Users\peteris.troksa\.m2\repository\com\sun\activation\jakarta.activation\1.2.2\jakarta.activation-1.2.2.jar;C:\Users\peteris.troksa\.m2\repository\org\seleniumhq\selenium\selenium-safari-driver\4.11.0\selenium-safari-driver-4.11.0.jar;C:\Users\peteris.troksa\.m2\repository\org\seleniumhq\selenium\selenium-support\4.11.0\selenium-support-4.11.0.jar;C:\Users\peteris.troksa\.m2\repository\info\cukes\cucumber-java\1.2.5\cucumber-java-1.2.5.jar;C:\Users\peteris.troksa\.m2\repository\org\testng\testng\7.8.0\testng-7.8.0.jar;C:\Users\peteris.troksa\.m2\repository\org\slf4j\slf4j-api\1.7.36\slf4j-api-1.7.36.jar;C:\Users\peteris.troksa\.m2\repository\com\beust\jcommander\1.82\jcommander-1.82.jar;C:\Users\peteris.troksa\.m2\repository\org\webjars\jquery\3.6.1\jquery-3.6.1.jar;C:\Users\peteris.troksa\.m2\repository\io\qameta\allure\allure-testng\2.17.3\allure-testng-2.17.3.jar;C:\Users\peteris.troksa\.m2\repository\io\qameta\allure\allure-java-commons\2.17.3\allure-java-commons-2.17.3.jar;C:\Users\peteris.troksa\.m2\repository\io\qameta\allure\allure-model\2.17.3\allure-model-2.17.3.jar;C:\Users\peteris.troksa\.m2\repository\io\qameta\allure\allure-test-filter\2.17.3\allure-test-filter-2.17.3.jar;C:\Users\peteris.troksa\.m2\repository\org\apache\maven\doxia\doxia-module-twiki\1.11.1\doxia-module-twiki-1.11.1.jar;C:\Users\peteris.troksa\.m2\repository\org\codehaus\plexus\plexus-utils\3.3.0\plexus-utils-3.3.0.jar;C:\Users\peteris.troksa\.m2\repository\org\apache\maven\doxia\doxia-core\1.11.1\doxia-core-1.11.1.jar;C:\Users\peteris.troksa\.m2\repository\org\apache\maven\doxia\doxia-logging-api\1.11.1\doxia-logging-api-1.11.1.jar;C:\Users\peteris.troksa\.m2\repository\org\codehaus\plexus\plexus-container-default\2.1.0\plexus-container-default-2.1.0.jar;C:\Users\peteris.troksa\.m2\repository\org\codehaus\plexus\plexus-classworlds\2.6.0\plexus-classworlds-2.6.0.jar;C:\Users\peteris.troksa\.m2\repository\org\apache\xbean\xbean-reflect\3.7\xbean-reflect-3.7.jar;C:\Users\peteris.troksa\.m2\repository\com\google\collections\google-collections\1.0\google-collections-1.0.jar;C:\Users\peteris.troksa\.m2\repository\org\apache\commons\commons-lang3\3.8.1\commons-lang3-3.8.1.jar;C:\Users\peteris.troksa\.m2\repository\org\apache\commons\commons-text\1.3\commons-text-1.3.jar;C:\Users\peteris.troksa\.m2\repository\org\apache\httpcomponents\httpclient\4.5.13\httpclient-4.5.13.jar;C:\Users\peteris.troksa\.m2\repository\commons-logging\commons-logging\1.2\commons-logging-1.2.jar;C:\Users\peteris.troksa\.m2\repository\commons-codec\commons-codec\1.11\commons-codec-1.11.jar;C:\Users\peteris.troksa\.m2\repository\org\apache\httpcomponents\httpcore\4.4.14\httpcore-4.4.14.jar;C:\Users\peteris.troksa\.m2\repository\org\apache\maven\doxia\doxia-sink-api\1.11.1\doxia-sink-api-1.11.1.jar;C:\Users\peteris.troksa\.m2\repository\org\codehaus\plexus\plexus-component-annotations\2.1.0\plexus-component-annotations-2.1.0.jar
Launcher Type: SUN_STANDARD

[Global flags]
     intx CICompilerCount                          = 4                                         {product} {ergonomic}
     uint ConcGCThreads                            = 2                                         {product} {ergonomic}
     uint G1ConcRefinementThreads                  = 8                                         {product} {ergonomic}
   size_t G1HeapRegionSize                         = 2097152                                   {product} {ergonomic}
    uintx GCDrainStackTargetSize                   = 64                                        {product} {ergonomic}
   size_t InitialHeapSize                          = 268435456                                 {product} {ergonomic}
   size_t MarkStackSize                            = 4194304                                   {product} {ergonomic}
   size_t MaxHeapSize                              = 4294967296                                {product} {ergonomic}
   size_t MaxNewSize                               = 2575302656                                {product} {ergonomic}
   size_t MinHeapDeltaBytes                        = 2097152                                   {product} {ergonomic}
   size_t MinHeapSize                              = 8388608                                   {product} {ergonomic}
    uintx NonNMethodCodeHeapSize                   = 5839372                                {pd product} {ergonomic}
    uintx NonProfiledCodeHeapSize                  = 122909434                              {pd product} {ergonomic}
    uintx ProfiledCodeHeapSize                     = 122909434                              {pd product} {ergonomic}
    uintx ReservedCodeCacheSize                    = 251658240                              {pd product} {ergonomic}
     bool SegmentedCodeCache                       = true                                      {product} {ergonomic}
   size_t SoftMaxHeapSize                          = 4294967296                             {manageable} {ergonomic}
     bool UseCompressedClassPointers               = true                           {product lp64_product} {ergonomic}
     bool UseCompressedOops                        = true                           {product lp64_product} {ergonomic}
     bool UseG1GC                                  = true                                      {product} {ergonomic}
     bool UseLargePagesIndividualAllocation        = false                                  {pd product} {ergonomic}

Logging:
Log output configuration:
 #0: stdout all=warning uptime,level,tags foldmultilines=false
 #1: stderr all=off uptime,level,tags foldmultilines=false

Environment Variables:
JAVA_HOME=C:\Program Files\Java\jdk-20
PATH=C:\Program Files\Java\jdk-20\bin;C:\Program Files (x86)\Common Files\Oracle\Java\javapath;C:\Windows\system32;C:\Windows;C:\Windows\System32\Wbem;C:\Windows\System32\WindowsPowerShell\v1.0\;C:\Windows\System32\OpenSSH\;C:\Program Files\PuTTY\;C:\Program Files (x86)\Microsoft SQL Server\150\DTS\Binn\;C:\Program Files\Azure Data Studio\bin;C:\Program Files\Git\cmd;C:\Users\peteris.troksa\Desktop\java-practice\apache-maven-3.9.4\bin;C:\Users\peteris.troksa\Desktop\java-practice\allure-2.10.0\bin;C:\Program Files\MySQL\MySQL Shell 8.0\bin\;C:\Users\peteris.troksa\AppData\Local\Microsoft\WindowsApps;C:\Users\peteris.troksa\AppData\Local\Programs\Microsoft VS Code\bin;C:\Users\peteris.troksa\Desktop\java-practice\IntelliJ IDEA 2023.2.2\bin;C:\Program Files\Java\apache-maven-3.9.4-bin\apache-maven-3.9.4\bin;C:\Users\peteris.troksa\AppData\Local\JetBrains\Toolbox\scripts;
USERNAME=peteris.troksa
OS=Windows_NT
PROCESSOR_IDENTIFIER=Intel64 Family 6 Model 63 Stepping 2, GenuineIntel
TMP=C:\Users\PETERI~1.TRO\AppData\Local\Temp\4
TEMP=C:\Users\PETERI~1.TRO\AppData\Local\Temp\4




---------------  S Y S T E M  ---------------

OS:
 Windows Server 2019 , 64 bit Build 17763 (10.0.17763.4377)
OS uptime: 5 days 16:44 hours
VMWare virtualization detected

CPU: total 8 (initial active 8) (2 cores per cpu, 1 threads per core) family 6 model 63 stepping 2 microcode 0x46, cx8, cmov, fxsr, mmx, sse, sse2, sse3, ssse3, sse4.1, sse4.2, popcnt, lzcnt, tsc, tscinvbit, avx, avx2, aes, erms, clmul, bmi1, bmi2, fma, vzeroupper, clflush, hv, rdtscp, f16c

Memory: 4k page, system-wide physical 16382M (1964M free)
TotalPageFile size 17660M (AvailPageFile size 2M)
current process WorkingSet (physical memory assigned to process): 112M, peak: 124M
current process commit charge ("private bytes"): 180M, peak: 387M

vm_info: Java HotSpot(TM) 64-Bit Server VM (20.0.2+9-78) for windows-amd64 JRE (20.0.2+9-78), built on 2023-06-14T10:08:48Z by "mach5one" with MS VC++ 17.1 (VS2022)

END.
